2025-12-13 18:48:31,461 [INFO] Program started - 526338897
2025-12-13 18:48:31,461 [INFO] user bluebird is trying to login with the password: Zq@3vJfgdss5587%Ln
2025-12-13 18:48:31,461 [INFO] user bluebird is requested to input the TOTP code
2025-12-13 18:48:31,495 [INFO] login succeeded
2025-12-13 18:48:31,496 [INFO] user max is trying to login with the password: locate
2025-12-13 18:48:31,496 [INFO] login failed
2025-12-13 18:48:31,496 [INFO] user coffee_addict is trying to login with the password: dR6!vdfvcsdc33Yt4*$Wm
2025-12-13 18:48:31,496 [INFO] login succeeded
2025-12-13 18:48:31,496 [INFO] user taylor is trying to login with the password: snafu
2025-12-13 18:48:31,496 [INFO] login failed
2025-12-13 18:48:31,497 [INFO] user robin is trying to login with the password: test123
2025-12-13 18:48:31,497 [INFO] login succeeded
2025-12-13 18:48:31,497 [INFO] user max is trying to login with the password: 09071981
2025-12-13 18:48:31,497 [INFO] login failed
2025-12-13 18:48:31,498 [INFO] user chris is trying to login with the password: 111111
2025-12-13 18:48:31,498 [INFO] login succeeded
2025-12-13 18:48:31,498 [INFO] user jamie is trying to login with the password: fallout3
2025-12-13 18:48:31,498 [INFO] login failed
2025-12-13 18:48:31,498 [INFO] user jamie is trying to login with the password: admin
2025-12-13 18:48:31,498 [INFO] login succeeded
2025-12-13 18:48:31,499 [INFO] user jules is trying to login with the password: 13011962
2025-12-13 18:48:31,499 [INFO] login failed
2025-12-13 18:48:31,499 [INFO] user charlie is trying to login with the password: qwerty
2025-12-13 18:48:31,499 [INFO] login succeeded
2025-12-13 18:48:31,499 [INFO] user ava is trying to login with the password: pickles
2025-12-13 18:48:31,500 [INFO] login failed
2025-12-13 18:48:31,500 [INFO] user user123 is trying to login with the password: 4w$L9ddgfdf4zB!eR2
2025-12-13 18:48:31,500 [INFO] login succeeded
2025-12-13 18:48:31,500 [INFO] user jordan is trying to login with the password: oRNw6D
2025-12-13 18:48:31,500 [INFO] login failed
2025-12-13 18:48:31,501 [INFO] user robin is trying to login with the password: test123
2025-12-13 18:48:31,501 [INFO] login succeeded
2025-12-13 18:48:31,501 [INFO] user bluebird is trying to login with the password: hades
2025-12-13 18:48:31,501 [INFO] login failed
2025-12-13 18:48:31,502 [INFO] user gamer01 is trying to login with the password: Mx@9fssgf21_vT7s*
2025-12-13 18:48:31,502 [INFO] user gamer01 is requested to input the TOTP code
2025-12-13 18:48:31,502 [INFO] login succeeded
2025-12-13 18:48:31,502 [INFO] user taylor is trying to login with the password: jodi
2025-12-13 18:48:31,502 [INFO] login failed
2025-12-13 18:48:31,503 [INFO] user jamie is trying to login with the password: admin
2025-12-13 18:48:31,503 [INFO] login succeeded
2025-12-13 18:48:31,503 [INFO] user mia is trying to login with the password: 061075
2025-12-13 18:48:31,503 [INFO] login failed
