2026-01-05 20:56:07,840 [INFO] Program started - 526338897
2026-01-05 20:56:08,868 [INFO] -> LOGIN_ATTEMPT user=taylor
2026-01-05 20:56:08,902 [WARNING] [FAIL] LOGIN_FAIL user=taylor due to bad_password
2026-01-05 20:56:08,903 [INFO] -> LOGIN_ATTEMPT user=taylor
2026-01-05 20:56:08,936 [WARNING] [FAIL] LOGIN_FAIL user=taylor due to bad_password
2026-01-05 20:56:08,936 [INFO] -> LOGIN_ATTEMPT user=taylor
2026-01-05 20:56:08,971 [WARNING] [FAIL] LOGIN_FAIL user=taylor due to bad_password
2026-01-05 20:56:08,971 [INFO] -> LOGIN_ATTEMPT user=taylor
2026-01-05 20:56:09,003 [WARNING] [FAIL] LOGIN_FAIL user=taylor due to bad_password
2026-01-05 20:56:09,003 [INFO] -> LOGIN_ATTEMPT user=taylor
2026-01-05 20:56:09,036 [WARNING] [FAIL] LOGIN_FAIL user=taylor due to bad_password
2026-01-05 20:56:09,037 [INFO] -> LOGIN_ATTEMPT user=taylor
2026-01-05 20:56:09,069 [WARNING] [FAIL] LOGIN_FAIL user=taylor due to bad_password
2026-01-05 20:56:09,069 [INFO] -> LOGIN_ATTEMPT user=taylor
2026-01-05 20:56:09,105 [WARNING] [FAIL] LOGIN_FAIL user=taylor due to bad_password
2026-01-05 20:56:09,105 [INFO] -> LOGIN_ATTEMPT user=taylor
2026-01-05 20:56:09,139 [WARNING] [FAIL] LOGIN_FAIL user=taylor due to bad_password
2026-01-05 20:56:09,139 [INFO] -> LOGIN_ATTEMPT user=taylor
2026-01-05 20:56:09,172 [WARNING] [FAIL] LOGIN_FAIL user=taylor due to bad_password
2026-01-05 20:56:09,172 [INFO] -> LOGIN_ATTEMPT user=taylor
2026-01-05 20:56:09,203 [WARNING] [FAIL] LOGIN_FAIL user=taylor due to bad_password
2026-01-05 20:56:09,204 [INFO] -> LOGIN_ATTEMPT user=taylor
2026-01-05 20:56:09,236 [WARNING] [FAIL] LOGIN_FAIL user=taylor due to bad_password
2026-01-05 20:56:09,236 [INFO] -> LOGIN_ATTEMPT user=taylor
2026-01-05 20:56:09,269 [WARNING] [FAIL] LOGIN_FAIL user=taylor due to bad_password
2026-01-05 20:56:09,270 [INFO] -> LOGIN_ATTEMPT user=taylor
2026-01-05 20:56:09,303 [WARNING] [FAIL] LOGIN_FAIL user=taylor due to bad_password
2026-01-05 20:56:09,303 [INFO] -> LOGIN_ATTEMPT user=taylor
2026-01-05 20:56:09,338 [INFO] [OK] LOGIN_SUCCESS user=taylor
==================== Overall Statistics ====================
total_attempts: 14
success_rate: 7.14%
avg_latency_ms: 33.1721
attempts_per_sec: 32.11009174311926