2026-01-05 20:54:28,201 [INFO] Program started - 526338897
2026-01-05 20:54:33,167 [INFO] -> LOGIN_ATTEMPT user=taylor
2026-01-05 20:54:33,347 [WARNING] [FAIL] LOGIN_FAIL user=taylor due to bad_password
2026-01-05 20:54:33,347 [INFO] -> LOGIN_ATTEMPT user=taylor
2026-01-05 20:54:33,514 [WARNING] [FAIL] LOGIN_FAIL user=taylor due to bad_password
2026-01-05 20:54:33,515 [INFO] -> LOGIN_ATTEMPT user=taylor
2026-01-05 20:54:33,681 [WARNING] [FAIL] LOGIN_FAIL user=taylor due to bad_password
2026-01-05 20:54:33,681 [INFO] -> LOGIN_ATTEMPT user=taylor
2026-01-05 20:54:33,846 [WARNING] [FAIL] LOGIN_FAIL user=taylor due to bad_password
2026-01-05 20:54:33,847 [INFO] -> LOGIN_ATTEMPT user=taylor
2026-01-05 20:54:34,011 [WARNING] [FAIL] LOGIN_FAIL user=taylor due to bad_password
2026-01-05 20:54:34,011 [INFO] -> LOGIN_ATTEMPT user=taylor
2026-01-05 20:54:34,177 [WARNING] [FAIL] LOGIN_FAIL user=taylor due to bad_password
2026-01-05 20:54:34,177 [INFO] -> LOGIN_ATTEMPT user=taylor
2026-01-05 20:54:34,346 [WARNING] [FAIL] LOGIN_FAIL user=taylor due to bad_password
2026-01-05 20:54:34,346 [INFO] -> LOGIN_ATTEMPT user=taylor
2026-01-05 20:54:34,509 [WARNING] [FAIL] LOGIN_FAIL user=taylor due to bad_password
2026-01-05 20:54:34,509 [INFO] -> LOGIN_ATTEMPT user=taylor
2026-01-05 20:54:34,672 [WARNING] [FAIL] LOGIN_FAIL user=taylor due to bad_password
2026-01-05 20:54:34,673 [INFO] -> LOGIN_ATTEMPT user=taylor
2026-01-05 20:54:34,835 [WARNING] [FAIL] LOGIN_FAIL user=taylor due to bad_password
2026-01-05 20:54:34,835 [INFO] -> LOGIN_ATTEMPT user=taylor
2026-01-05 20:54:35,000 [WARNING] [FAIL] LOGIN_FAIL user=taylor due to bad_password
2026-01-05 20:54:35,000 [INFO] -> LOGIN_ATTEMPT user=taylor
2026-01-05 20:54:35,164 [WARNING] [FAIL] LOGIN_FAIL user=taylor due to bad_password
2026-01-05 20:54:35,164 [INFO] -> LOGIN_ATTEMPT user=taylor
2026-01-05 20:54:35,328 [WARNING] [FAIL] LOGIN_FAIL user=taylor due to bad_password
2026-01-05 20:54:35,328 [INFO] -> LOGIN_ATTEMPT user=taylor
2026-01-05 20:54:35,498 [INFO] [OK] LOGIN_SUCCESS user=taylor
==================== Overall Statistics ====================
total_attempts: 14
success_rate: 7.14%
avg_latency_ms: 166.1154
attempts_per_sec: 6.508600650860066