2026-01-05 20:53:29,293 [INFO] Program started - 526338897
2026-01-05 20:53:29,301 [INFO] -> LOGIN_ATTEMPT user=taylor
2026-01-05 20:53:29,302 [WARNING] [FAIL] LOGIN_FAIL user=taylor due to bad_password
2026-01-05 20:53:29,302 [INFO] -> LOGIN_ATTEMPT user=taylor
2026-01-05 20:53:29,302 [WARNING] [FAIL] LOGIN_FAIL user=taylor due to bad_password
2026-01-05 20:53:29,302 [INFO] -> LOGIN_ATTEMPT user=taylor
2026-01-05 20:53:29,302 [WARNING] [FAIL] LOGIN_FAIL user=taylor due to bad_password
2026-01-05 20:53:29,302 [INFO] -> LOGIN_ATTEMPT user=taylor
2026-01-05 20:53:29,302 [WARNING] [FAIL] LOGIN_FAIL user=taylor due to bad_password
2026-01-05 20:53:29,303 [INFO] -> LOGIN_ATTEMPT user=taylor
2026-01-05 20:53:29,303 [WARNING] [FAIL] LOGIN_FAIL user=taylor due to bad_password
2026-01-05 20:53:29,303 [INFO] -> LOGIN_ATTEMPT user=taylor
2026-01-05 20:53:29,303 [WARNING] [FAIL] LOGIN_FAIL user=taylor due to bad_password
2026-01-05 20:53:29,303 [INFO] -> LOGIN_ATTEMPT user=taylor
2026-01-05 20:53:29,303 [WARNING] [FAIL] LOGIN_FAIL user=taylor due to bad_password
2026-01-05 20:53:29,304 [INFO] -> LOGIN_ATTEMPT user=taylor
2026-01-05 20:53:29,304 [WARNING] [FAIL] LOGIN_FAIL user=taylor due to bad_password
2026-01-05 20:53:29,304 [INFO] -> LOGIN_ATTEMPT user=taylor
2026-01-05 20:53:29,304 [WARNING] [FAIL] LOGIN_FAIL user=taylor due to bad_password
2026-01-05 20:53:29,304 [INFO] -> LOGIN_ATTEMPT user=taylor
2026-01-05 20:53:29,304 [WARNING] [FAIL] LOGIN_FAIL user=taylor due to bad_password
2026-01-05 20:53:29,304 [INFO] -> LOGIN_ATTEMPT user=taylor
2026-01-05 20:53:29,304 [WARNING] [FAIL] LOGIN_FAIL user=taylor due to bad_password
2026-01-05 20:53:29,304 [INFO] -> LOGIN_ATTEMPT user=taylor
2026-01-05 20:53:29,305 [WARNING] [FAIL] LOGIN_FAIL user=taylor due to bad_password
2026-01-05 20:53:29,305 [INFO] -> LOGIN_ATTEMPT user=taylor
2026-01-05 20:53:29,305 [WARNING] [FAIL] LOGIN_FAIL user=taylor due to bad_password
2026-01-05 20:53:29,305 [INFO] -> LOGIN_ATTEMPT user=taylor
2026-01-05 20:53:29,305 [INFO] [OK] LOGIN_SUCCESS user=taylor
==================== Overall Statistics ====================
total_attempts: 14
success_rate: 7.14%
avg_latency_ms: 0.0101
attempts_per_sec: 4666.666666666667