2026-01-05 20:03:50,584 [INFO] Program started - 526338897
2026-01-05 20:03:51,519 [INFO] -> LOGIN_ATTEMPT user=alex
2026-01-05 20:03:51,551 [INFO] [OK] LOGIN_SUCCESS user=alex
2026-01-05 20:03:51,551 [INFO] -> LOGIN_ATTEMPT user=sam
2026-01-05 20:03:51,583 [WARNING] [FAIL] LOGIN_FAIL user=sam due to bad_password
2026-01-05 20:03:51,583 [INFO] -> LOGIN_ATTEMPT user=charlie
2026-01-05 20:03:51,618 [WARNING] [FAIL] LOGIN_FAIL user=charlie due to bad_password
2026-01-05 20:03:51,619 [INFO] -> LOGIN_ATTEMPT user=jordan
2026-01-05 20:03:51,652 [WARNING] [FAIL] LOGIN_FAIL user=jordan due to bad_password
2026-01-05 20:03:51,652 [INFO] -> LOGIN_ATTEMPT user=taylor
2026-01-05 20:03:51,685 [WARNING] [FAIL] LOGIN_FAIL user=taylor due to bad_password
2026-01-05 20:03:51,685 [INFO] -> LOGIN_ATTEMPT user=morgan
2026-01-05 20:03:51,716 [WARNING] [FAIL] LOGIN_FAIL user=morgan due to bad_password
2026-01-05 20:03:51,716 [INFO] -> LOGIN_ATTEMPT user=chris
2026-01-05 20:03:51,748 [WARNING] [FAIL] LOGIN_FAIL user=chris due to bad_password
2026-01-05 20:03:51,749 [INFO] -> LOGIN_ATTEMPT user=jamie
2026-01-05 20:03:51,779 [WARNING] [FAIL] LOGIN_FAIL user=jamie due to bad_password
2026-01-05 20:03:51,779 [INFO] -> LOGIN_ATTEMPT user=pat
2026-01-05 20:03:51,810 [WARNING] [FAIL] LOGIN_FAIL user=pat due to bad_password
2026-01-05 20:03:51,810 [INFO] -> LOGIN_ATTEMPT user=robin
2026-01-05 20:03:51,841 [WARNING] [FAIL] LOGIN_FAIL user=robin due to bad_password
2026-01-05 20:03:51,841 [INFO] -> LOGIN_ATTEMPT user=casey
2026-01-05 20:03:51,872 [WARNING] [FAIL] LOGIN_FAIL user=casey due to bad_password
2026-01-05 20:03:51,872 [INFO] -> LOGIN_ATTEMPT user=jules
2026-01-05 20:03:51,903 [WARNING] [FAIL] LOGIN_FAIL user=jules due to bad_password
2026-01-05 20:03:51,903 [INFO] -> LOGIN_ATTEMPT user=max
2026-01-05 20:03:51,935 [WARNING] [FAIL] LOGIN_FAIL user=max due to bad_password
2026-01-05 20:03:51,935 [INFO] -> LOGIN_ATTEMPT user=ava
2026-01-05 20:03:51,966 [WARNING] [FAIL] LOGIN_FAIL user=ava due to bad_password
2026-01-05 20:03:51,966 [INFO] -> LOGIN_ATTEMPT user=lily
2026-01-05 20:03:51,997 [WARNING] [FAIL] LOGIN_FAIL user=lily due to bad_password
2026-01-05 20:03:51,997 [INFO] -> LOGIN_ATTEMPT user=leo
2026-01-05 20:03:52,028 [WARNING] [FAIL] LOGIN_FAIL user=leo due to bad_password
2026-01-05 20:03:52,029 [INFO] -> LOGIN_ATTEMPT user=sophie
2026-01-05 20:03:52,060 [WARNING] [FAIL] LOGIN_FAIL user=sophie due to bad_password
2026-01-05 20:03:52,060 [INFO] -> LOGIN_ATTEMPT user=mia
2026-01-05 20:03:52,091 [WARNING] [FAIL] LOGIN_FAIL user=mia due to bad_password
2026-01-05 20:03:52,091 [INFO] -> LOGIN_ATTEMPT user=ethan
2026-01-05 20:03:52,122 [WARNING] [FAIL] LOGIN_FAIL user=ethan due to bad_password
2026-01-05 20:03:52,122 [INFO] -> LOGIN_ATTEMPT user=oliver
2026-01-05 20:03:52,153 [WARNING] [FAIL] LOGIN_FAIL user=oliver due to bad_password
2026-01-05 20:03:52,153 [INFO] -> LOGIN_ATTEMPT user=nina
2026-01-05 20:03:52,185 [WARNING] [FAIL] LOGIN_FAIL user=nina due to bad_password
2026-01-05 20:03:52,186 [INFO] -> LOGIN_ATTEMPT user=daniel
2026-01-05 20:03:52,216 [WARNING] [FAIL] LOGIN_FAIL user=daniel due to bad_password
2026-01-05 20:03:52,216 [INFO] -> LOGIN_ATTEMPT user=user123
2026-01-05 20:03:52,249 [WARNING] [FAIL] LOGIN_FAIL user=user123 due to bad_password
2026-01-05 20:03:52,249 [INFO] -> LOGIN_ATTEMPT user=sunnyday
2026-01-05 20:03:52,280 [WARNING] [FAIL] LOGIN_FAIL user=sunnyday due to bad_password
2026-01-05 20:03:52,280 [INFO] -> LOGIN_ATTEMPT user=gamer01
2026-01-05 20:03:52,313 [WARNING] [FAIL] LOGIN_FAIL user=gamer01 due to bad_password
2026-01-05 20:03:52,313 [INFO] -> LOGIN_ATTEMPT user=starrynight
2026-01-05 20:03:52,344 [WARNING] [FAIL] LOGIN_FAIL user=starrynight due to bad_password
2026-01-05 20:03:52,344 [INFO] -> LOGIN_ATTEMPT user=midnightwolf
2026-01-05 20:03:52,376 [WARNING] [FAIL] LOGIN_FAIL user=midnightwolf due to bad_password
2026-01-05 20:03:52,376 [INFO] -> LOGIN_ATTEMPT user=coffee_addict
2026-01-05 20:03:52,407 [WARNING] [FAIL] LOGIN_FAIL user=coffee_addict due to bad_password
2026-01-05 20:03:52,407 [INFO] -> LOGIN_ATTEMPT user=bluebird
2026-01-05 20:03:52,438 [WARNING] [FAIL] LOGIN_FAIL user=bluebird due to bad_password
2026-01-05 20:03:52,439 [INFO] -> LOGIN_ATTEMPT user=explorer
2026-01-05 20:03:52,516 [WARNING] [FAIL] LOGIN_FAIL user=explorer due to bad_password
2026-01-05 20:03:52,516 [INFO] -> LOGIN_ATTEMPT user=sam
2026-01-05 20:03:52,549 [WARNING] [FAIL] LOGIN_FAIL user=sam due to bad_password
2026-01-05 20:03:52,567 [INFO] -> LOGIN_ATTEMPT user=charlie
2026-01-05 20:03:52,598 [WARNING] [FAIL] LOGIN_FAIL user=charlie due to bad_password
2026-01-05 20:03:52,598 [INFO] -> LOGIN_ATTEMPT user=jordan
2026-01-05 20:03:52,629 [WARNING] [FAIL] LOGIN_FAIL user=jordan due to bad_password
2026-01-05 20:03:52,629 [INFO] -> LOGIN_ATTEMPT user=taylor
2026-01-05 20:03:52,661 [WARNING] [FAIL] LOGIN_FAIL user=taylor due to bad_password
2026-01-05 20:03:52,661 [INFO] -> LOGIN_ATTEMPT user=morgan
2026-01-05 20:03:52,693 [INFO] [OK] LOGIN_SUCCESS user=morgan
2026-01-05 20:03:52,693 [INFO] -> LOGIN_ATTEMPT user=chris
2026-01-05 20:03:52,725 [WARNING] [FAIL] LOGIN_FAIL user=chris due to bad_password
2026-01-05 20:03:52,725 [INFO] -> LOGIN_ATTEMPT user=jamie
2026-01-05 20:03:52,757 [WARNING] [FAIL] LOGIN_FAIL user=jamie due to bad_password
2026-01-05 20:03:52,757 [INFO] -> LOGIN_ATTEMPT user=pat
2026-01-05 20:03:52,788 [WARNING] [FAIL] LOGIN_FAIL user=pat due to bad_password
2026-01-05 20:03:52,788 [INFO] -> LOGIN_ATTEMPT user=robin
2026-01-05 20:03:52,819 [WARNING] [FAIL] LOGIN_FAIL user=robin due to bad_password
2026-01-05 20:03:52,820 [INFO] -> LOGIN_ATTEMPT user=casey
2026-01-05 20:03:52,851 [WARNING] [FAIL] LOGIN_FAIL user=casey due to bad_password
2026-01-05 20:03:52,851 [INFO] -> LOGIN_ATTEMPT user=jules
2026-01-05 20:03:52,883 [WARNING] [FAIL] LOGIN_FAIL user=jules due to bad_password
2026-01-05 20:03:52,884 [INFO] -> LOGIN_ATTEMPT user=max
2026-01-05 20:03:52,914 [WARNING] [FAIL] LOGIN_FAIL user=max due to bad_password
2026-01-05 20:03:52,915 [INFO] -> LOGIN_ATTEMPT user=ava
2026-01-05 20:03:52,946 [WARNING] [FAIL] LOGIN_FAIL user=ava due to bad_password
2026-01-05 20:03:52,946 [INFO] -> LOGIN_ATTEMPT user=lily
2026-01-05 20:03:52,978 [WARNING] [FAIL] LOGIN_FAIL user=lily due to bad_password
2026-01-05 20:03:52,978 [INFO] -> LOGIN_ATTEMPT user=leo
2026-01-05 20:03:53,009 [WARNING] [FAIL] LOGIN_FAIL user=leo due to bad_password
2026-01-05 20:03:53,010 [INFO] -> LOGIN_ATTEMPT user=sophie
2026-01-05 20:03:53,042 [WARNING] [FAIL] LOGIN_FAIL user=sophie due to bad_password
2026-01-05 20:03:53,043 [INFO] -> LOGIN_ATTEMPT user=mia
2026-01-05 20:03:53,075 [WARNING] [FAIL] LOGIN_FAIL user=mia due to bad_password
2026-01-05 20:03:53,075 [INFO] -> LOGIN_ATTEMPT user=ethan
2026-01-05 20:03:53,110 [WARNING] [FAIL] LOGIN_FAIL user=ethan due to bad_password
2026-01-05 20:03:53,110 [INFO] -> LOGIN_ATTEMPT user=oliver
2026-01-05 20:03:53,146 [WARNING] [FAIL] LOGIN_FAIL user=oliver due to bad_password
2026-01-05 20:03:53,146 [INFO] -> LOGIN_ATTEMPT user=nina
2026-01-05 20:03:53,179 [WARNING] [FAIL] LOGIN_FAIL user=nina due to bad_password
2026-01-05 20:03:53,179 [INFO] -> LOGIN_ATTEMPT user=daniel
2026-01-05 20:03:53,211 [WARNING] [FAIL] LOGIN_FAIL user=daniel due to bad_password
2026-01-05 20:03:53,211 [INFO] -> LOGIN_ATTEMPT user=user123
2026-01-05 20:03:53,255 [WARNING] [FAIL] LOGIN_FAIL user=user123 due to bad_password
2026-01-05 20:03:53,255 [INFO] -> LOGIN_ATTEMPT user=sunnyday
2026-01-05 20:03:53,289 [WARNING] [FAIL] LOGIN_FAIL user=sunnyday due to bad_password
2026-01-05 20:03:53,289 [INFO] -> LOGIN_ATTEMPT user=gamer01
2026-01-05 20:03:53,319 [WARNING] [FAIL] LOGIN_FAIL user=gamer01 due to bad_password
2026-01-05 20:03:53,319 [INFO] -> LOGIN_ATTEMPT user=starrynight
2026-01-05 20:03:53,350 [WARNING] [FAIL] LOGIN_FAIL user=starrynight due to bad_password
2026-01-05 20:03:53,350 [INFO] -> LOGIN_ATTEMPT user=midnightwolf
2026-01-05 20:03:53,380 [WARNING] [FAIL] LOGIN_FAIL user=midnightwolf due to bad_password
2026-01-05 20:03:53,381 [INFO] -> LOGIN_ATTEMPT user=coffee_addict
2026-01-05 20:03:53,411 [WARNING] [FAIL] LOGIN_FAIL user=coffee_addict due to bad_password
2026-01-05 20:03:53,411 [INFO] -> LOGIN_ATTEMPT user=bluebird
2026-01-05 20:03:53,442 [WARNING] [FAIL] LOGIN_FAIL user=bluebird due to bad_password
2026-01-05 20:03:53,442 [INFO] -> LOGIN_ATTEMPT user=explorer
2026-01-05 20:03:53,473 [WARNING] [FAIL] LOGIN_FAIL user=explorer due to bad_password
2026-01-05 20:03:53,473 [INFO] -> LOGIN_ATTEMPT user=sam
2026-01-05 20:03:53,504 [WARNING] [FAIL] LOGIN_FAIL user=sam due to bad_password
2026-01-05 20:03:53,504 [INFO] -> LOGIN_ATTEMPT user=charlie
2026-01-05 20:03:53,533 [WARNING] [FAIL] LOGIN_FAIL user=charlie due to bad_password
2026-01-05 20:03:53,533 [INFO] -> LOGIN_ATTEMPT user=jordan
2026-01-05 20:03:53,563 [WARNING] [FAIL] LOGIN_FAIL user=jordan due to bad_password
2026-01-05 20:03:53,563 [INFO] -> LOGIN_ATTEMPT user=taylor
2026-01-05 20:03:53,592 [WARNING] [FAIL] LOGIN_FAIL user=taylor due to bad_password
2026-01-05 20:03:53,592 [INFO] -> LOGIN_ATTEMPT user=chris
2026-01-05 20:03:53,623 [WARNING] [FAIL] LOGIN_FAIL user=chris due to bad_password
2026-01-05 20:03:53,623 [INFO] -> LOGIN_ATTEMPT user=jamie
2026-01-05 20:03:53,652 [INFO] [OK] LOGIN_SUCCESS user=jamie
2026-01-05 20:03:53,652 [INFO] -> LOGIN_ATTEMPT user=pat
2026-01-05 20:03:53,683 [WARNING] [FAIL] LOGIN_FAIL user=pat due to bad_password
2026-01-05 20:03:53,683 [INFO] -> LOGIN_ATTEMPT user=robin
2026-01-05 20:03:53,713 [WARNING] [FAIL] LOGIN_FAIL user=robin due to bad_password
2026-01-05 20:03:53,713 [INFO] -> LOGIN_ATTEMPT user=casey
2026-01-05 20:03:53,742 [WARNING] [FAIL] LOGIN_FAIL user=casey due to bad_password
2026-01-05 20:03:53,742 [INFO] -> LOGIN_ATTEMPT user=jules
2026-01-05 20:03:53,773 [WARNING] [FAIL] LOGIN_FAIL user=jules due to bad_password
2026-01-05 20:03:53,773 [INFO] -> LOGIN_ATTEMPT user=max
2026-01-05 20:03:53,803 [WARNING] [FAIL] LOGIN_FAIL user=max due to bad_password
2026-01-05 20:03:53,803 [INFO] -> LOGIN_ATTEMPT user=ava
2026-01-05 20:03:53,832 [WARNING] [FAIL] LOGIN_FAIL user=ava due to bad_password
2026-01-05 20:03:53,833 [INFO] -> LOGIN_ATTEMPT user=lily
2026-01-05 20:03:53,863 [WARNING] [FAIL] LOGIN_FAIL user=lily due to bad_password
2026-01-05 20:03:53,863 [INFO] -> LOGIN_ATTEMPT user=leo
2026-01-05 20:03:53,893 [WARNING] [FAIL] LOGIN_FAIL user=leo due to bad_password
2026-01-05 20:03:53,919 [INFO] -> LOGIN_ATTEMPT user=sophie
2026-01-05 20:03:53,948 [WARNING] [FAIL] LOGIN_FAIL user=sophie due to bad_password
2026-01-05 20:03:53,948 [INFO] -> LOGIN_ATTEMPT user=mia
2026-01-05 20:03:53,978 [WARNING] [FAIL] LOGIN_FAIL user=mia due to bad_password
2026-01-05 20:03:53,978 [INFO] -> LOGIN_ATTEMPT user=ethan
2026-01-05 20:03:54,009 [WARNING] [FAIL] LOGIN_FAIL user=ethan due to bad_password
2026-01-05 20:03:54,009 [INFO] -> LOGIN_ATTEMPT user=oliver
2026-01-05 20:03:54,039 [WARNING] [FAIL] LOGIN_FAIL user=oliver due to bad_password
2026-01-05 20:03:54,039 [INFO] -> LOGIN_ATTEMPT user=nina
2026-01-05 20:03:54,068 [WARNING] [FAIL] LOGIN_FAIL user=nina due to bad_password
2026-01-05 20:03:54,068 [INFO] -> LOGIN_ATTEMPT user=daniel
2026-01-05 20:03:54,098 [WARNING] [FAIL] LOGIN_FAIL user=daniel due to bad_password
2026-01-05 20:03:54,098 [INFO] -> LOGIN_ATTEMPT user=user123
2026-01-05 20:03:54,128 [WARNING] [FAIL] LOGIN_FAIL user=user123 due to bad_password
2026-01-05 20:03:54,128 [INFO] -> LOGIN_ATTEMPT user=sunnyday
2026-01-05 20:03:54,158 [WARNING] [FAIL] LOGIN_FAIL user=sunnyday due to bad_password
2026-01-05 20:03:54,158 [INFO] -> LOGIN_ATTEMPT user=gamer01
2026-01-05 20:03:54,188 [WARNING] [FAIL] LOGIN_FAIL user=gamer01 due to bad_password
2026-01-05 20:03:54,188 [INFO] -> LOGIN_ATTEMPT user=starrynight
2026-01-05 20:03:54,218 [WARNING] [FAIL] LOGIN_FAIL user=starrynight due to bad_password
2026-01-05 20:03:54,218 [INFO] -> LOGIN_ATTEMPT user=midnightwolf
2026-01-05 20:03:54,247 [WARNING] [FAIL] LOGIN_FAIL user=midnightwolf due to bad_password
2026-01-05 20:03:54,247 [INFO] -> LOGIN_ATTEMPT user=coffee_addict
2026-01-05 20:03:54,276 [WARNING] [FAIL] LOGIN_FAIL user=coffee_addict due to bad_password
2026-01-05 20:03:54,276 [INFO] -> LOGIN_ATTEMPT user=bluebird
2026-01-05 20:03:54,306 [WARNING] [FAIL] LOGIN_FAIL user=bluebird due to bad_password
2026-01-05 20:03:54,306 [INFO] -> LOGIN_ATTEMPT user=explorer
2026-01-05 20:03:54,336 [WARNING] [FAIL] LOGIN_FAIL user=explorer due to bad_password
2026-01-05 20:03:54,337 [INFO] -> LOGIN_ATTEMPT user=sam
2026-01-05 20:03:54,367 [WARNING] [FAIL] LOGIN_FAIL user=sam due to bad_password
2026-01-05 20:03:54,367 [INFO] -> LOGIN_ATTEMPT user=charlie
2026-01-05 20:03:54,397 [WARNING] [FAIL] LOGIN_FAIL user=charlie due to bad_password
2026-01-05 20:03:54,398 [INFO] -> LOGIN_ATTEMPT user=jordan
2026-01-05 20:03:54,426 [WARNING] [FAIL] LOGIN_FAIL user=jordan due to bad_password
2026-01-05 20:03:54,426 [INFO] -> LOGIN_ATTEMPT user=taylor
2026-01-05 20:03:54,456 [INFO] [OK] LOGIN_SUCCESS user=taylor
2026-01-05 20:03:54,456 [INFO] -> LOGIN_ATTEMPT user=chris
2026-01-05 20:03:54,486 [WARNING] [FAIL] LOGIN_FAIL user=chris due to bad_password
2026-01-05 20:03:54,486 [INFO] -> LOGIN_ATTEMPT user=pat
2026-01-05 20:03:54,515 [WARNING] [FAIL] LOGIN_FAIL user=pat due to bad_password
2026-01-05 20:03:54,515 [INFO] -> LOGIN_ATTEMPT user=robin
2026-01-05 20:03:54,545 [WARNING] [FAIL] LOGIN_FAIL user=robin due to bad_password
2026-01-05 20:03:54,545 [INFO] -> LOGIN_ATTEMPT user=casey
2026-01-05 20:03:54,574 [WARNING] [FAIL] LOGIN_FAIL user=casey due to bad_password
2026-01-05 20:03:54,574 [INFO] -> LOGIN_ATTEMPT user=jules
2026-01-05 20:03:54,604 [WARNING] [FAIL] LOGIN_FAIL user=jules due to bad_password
2026-01-05 20:03:54,604 [INFO] -> LOGIN_ATTEMPT user=max
2026-01-05 20:03:54,633 [WARNING] [FAIL] LOGIN_FAIL user=max due to bad_password
2026-01-05 20:03:54,633 [INFO] -> LOGIN_ATTEMPT user=ava
2026-01-05 20:03:54,663 [WARNING] [FAIL] LOGIN_FAIL user=ava due to bad_password
2026-01-05 20:03:54,664 [INFO] -> LOGIN_ATTEMPT user=lily
2026-01-05 20:03:54,693 [WARNING] [FAIL] LOGIN_FAIL user=lily due to bad_password
2026-01-05 20:03:54,693 [INFO] -> LOGIN_ATTEMPT user=leo
2026-01-05 20:03:54,723 [WARNING] [FAIL] LOGIN_FAIL user=leo due to bad_password
2026-01-05 20:03:54,723 [INFO] -> LOGIN_ATTEMPT user=sophie
2026-01-05 20:03:54,753 [WARNING] [FAIL] LOGIN_FAIL user=sophie due to bad_password
2026-01-05 20:03:54,753 [INFO] -> LOGIN_ATTEMPT user=mia
2026-01-05 20:03:54,782 [WARNING] [FAIL] LOGIN_FAIL user=mia due to bad_password
2026-01-05 20:03:54,783 [INFO] -> LOGIN_ATTEMPT user=ethan
2026-01-05 20:03:54,812 [WARNING] [FAIL] LOGIN_FAIL user=ethan due to bad_password
2026-01-05 20:03:54,812 [INFO] -> LOGIN_ATTEMPT user=oliver
2026-01-05 20:03:54,842 [WARNING] [FAIL] LOGIN_FAIL user=oliver due to bad_password
2026-01-05 20:03:54,842 [INFO] -> LOGIN_ATTEMPT user=nina
2026-01-05 20:03:54,871 [WARNING] [FAIL] LOGIN_FAIL user=nina due to bad_password
2026-01-05 20:03:54,871 [INFO] -> LOGIN_ATTEMPT user=daniel
2026-01-05 20:03:54,901 [WARNING] [FAIL] LOGIN_FAIL user=daniel due to bad_password
2026-01-05 20:03:54,901 [INFO] -> LOGIN_ATTEMPT user=user123
2026-01-05 20:03:54,930 [WARNING] [FAIL] LOGIN_FAIL user=user123 due to bad_password
2026-01-05 20:03:54,930 [INFO] -> LOGIN_ATTEMPT user=sunnyday
2026-01-05 20:03:54,959 [WARNING] [FAIL] LOGIN_FAIL user=sunnyday due to bad_password
2026-01-05 20:03:54,960 [INFO] -> LOGIN_ATTEMPT user=gamer01
2026-01-05 20:03:54,988 [WARNING] [FAIL] LOGIN_FAIL user=gamer01 due to bad_password
2026-01-05 20:03:54,989 [INFO] -> LOGIN_ATTEMPT user=starrynight
2026-01-05 20:03:55,019 [WARNING] [FAIL] LOGIN_FAIL user=starrynight due to bad_password
2026-01-05 20:03:55,019 [INFO] -> LOGIN_ATTEMPT user=midnightwolf
2026-01-05 20:03:55,049 [WARNING] [FAIL] LOGIN_FAIL user=midnightwolf due to bad_password
2026-01-05 20:03:55,049 [INFO] -> LOGIN_ATTEMPT user=coffee_addict
2026-01-05 20:03:55,078 [WARNING] [FAIL] LOGIN_FAIL user=coffee_addict due to bad_password
2026-01-05 20:03:55,078 [INFO] -> LOGIN_ATTEMPT user=bluebird
2026-01-05 20:03:55,108 [WARNING] [FAIL] LOGIN_FAIL user=bluebird due to bad_password
2026-01-05 20:03:55,108 [INFO] -> LOGIN_ATTEMPT user=explorer
2026-01-05 20:03:55,137 [WARNING] [FAIL] LOGIN_FAIL user=explorer due to bad_password
2026-01-05 20:03:55,138 [INFO] -> LOGIN_ATTEMPT user=sam
2026-01-05 20:03:55,168 [INFO] [OK] LOGIN_SUCCESS user=sam
2026-01-05 20:03:55,168 [INFO] -> LOGIN_ATTEMPT user=charlie
2026-01-05 20:03:55,200 [WARNING] [FAIL] LOGIN_FAIL user=charlie due to bad_password
2026-01-05 20:03:55,200 [INFO] -> LOGIN_ATTEMPT user=jordan
2026-01-05 20:03:55,230 [WARNING] [FAIL] LOGIN_FAIL user=jordan due to bad_password
2026-01-05 20:03:55,230 [INFO] -> LOGIN_ATTEMPT user=chris
2026-01-05 20:03:55,260 [WARNING] [FAIL] LOGIN_FAIL user=chris due to bad_password
2026-01-05 20:03:55,260 [INFO] -> LOGIN_ATTEMPT user=pat
2026-01-05 20:03:55,289 [WARNING] [FAIL] LOGIN_FAIL user=pat due to bad_password
2026-01-05 20:03:55,290 [INFO] -> LOGIN_ATTEMPT user=robin
2026-01-05 20:03:55,319 [WARNING] [FAIL] LOGIN_FAIL user=robin due to bad_password
2026-01-05 20:03:55,319 [INFO] -> LOGIN_ATTEMPT user=casey
2026-01-05 20:03:55,348 [WARNING] [FAIL] LOGIN_FAIL user=casey due to bad_password
2026-01-05 20:03:55,349 [INFO] -> LOGIN_ATTEMPT user=jules
2026-01-05 20:03:55,379 [WARNING] [FAIL] LOGIN_FAIL user=jules due to bad_password
2026-01-05 20:03:55,379 [INFO] -> LOGIN_ATTEMPT user=max
2026-01-05 20:03:55,409 [WARNING] [FAIL] LOGIN_FAIL user=max due to bad_password
2026-01-05 20:03:55,409 [INFO] -> LOGIN_ATTEMPT user=ava
2026-01-05 20:03:55,438 [WARNING] [FAIL] LOGIN_FAIL user=ava due to bad_password
2026-01-05 20:03:55,439 [INFO] -> LOGIN_ATTEMPT user=lily
2026-01-05 20:03:55,468 [WARNING] [FAIL] LOGIN_FAIL user=lily due to bad_password
2026-01-05 20:03:55,468 [INFO] -> LOGIN_ATTEMPT user=leo
2026-01-05 20:03:55,498 [WARNING] [FAIL] LOGIN_FAIL user=leo due to bad_password
2026-01-05 20:03:55,498 [INFO] -> LOGIN_ATTEMPT user=sophie
2026-01-05 20:03:55,527 [WARNING] [FAIL] LOGIN_FAIL user=sophie due to bad_password
2026-01-05 20:03:55,527 [INFO] -> LOGIN_ATTEMPT user=mia
2026-01-05 20:03:55,557 [WARNING] [FAIL] LOGIN_FAIL user=mia due to bad_password
2026-01-05 20:03:55,557 [INFO] -> LOGIN_ATTEMPT user=ethan
2026-01-05 20:03:55,587 [WARNING] [FAIL] LOGIN_FAIL user=ethan due to bad_password
2026-01-05 20:03:55,587 [INFO] -> LOGIN_ATTEMPT user=oliver
2026-01-05 20:03:55,617 [WARNING] [FAIL] LOGIN_FAIL user=oliver due to bad_password
2026-01-05 20:03:55,617 [INFO] -> LOGIN_ATTEMPT user=nina
2026-01-05 20:03:55,646 [WARNING] [FAIL] LOGIN_FAIL user=nina due to bad_password
2026-01-05 20:03:55,646 [INFO] -> LOGIN_ATTEMPT user=daniel
2026-01-05 20:03:55,675 [WARNING] [FAIL] LOGIN_FAIL user=daniel due to bad_password
2026-01-05 20:03:55,675 [INFO] -> LOGIN_ATTEMPT user=user123
2026-01-05 20:03:55,705 [WARNING] [FAIL] LOGIN_FAIL user=user123 due to bad_password
2026-01-05 20:03:55,705 [INFO] -> LOGIN_ATTEMPT user=sunnyday
2026-01-05 20:03:55,764 [WARNING] [FAIL] LOGIN_FAIL user=sunnyday due to bad_password
2026-01-05 20:03:55,764 [INFO] -> LOGIN_ATTEMPT user=gamer01
2026-01-05 20:03:55,794 [WARNING] [FAIL] LOGIN_FAIL user=gamer01 due to bad_password
2026-01-05 20:03:55,794 [INFO] -> LOGIN_ATTEMPT user=starrynight
2026-01-05 20:03:55,823 [WARNING] [FAIL] LOGIN_FAIL user=starrynight due to bad_password
2026-01-05 20:03:55,823 [INFO] -> LOGIN_ATTEMPT user=midnightwolf
2026-01-05 20:03:55,853 [WARNING] [FAIL] LOGIN_FAIL user=midnightwolf due to bad_password
2026-01-05 20:03:55,853 [INFO] -> LOGIN_ATTEMPT user=coffee_addict
2026-01-05 20:03:55,882 [WARNING] [FAIL] LOGIN_FAIL user=coffee_addict due to bad_password
2026-01-05 20:03:55,883 [INFO] -> LOGIN_ATTEMPT user=bluebird
2026-01-05 20:03:55,912 [WARNING] [FAIL] LOGIN_FAIL user=bluebird due to bad_password
2026-01-05 20:03:55,912 [INFO] -> LOGIN_ATTEMPT user=explorer
2026-01-05 20:03:55,941 [WARNING] [FAIL] LOGIN_FAIL user=explorer due to bad_password
2026-01-05 20:03:55,942 [INFO] login succeeded for unauthorized user via Password Spraying for 5 users over 30
==================== Overall Statistics ====================
total_attempts: 140
success_rate: 3.57%
avg_latency_ms: 30.9498
attempts_per_sec: 31.890660592255127