2026-01-05 20:06:23,153 [INFO] Program started - 526338897
2026-01-05 20:06:24,068 [INFO] -> LOGIN_ATTEMPT user=alex
2026-01-05 20:06:24,099 [INFO] [OK] LOGIN_SUCCESS user=alex
2026-01-05 20:06:24,099 [INFO] -> LOGIN_ATTEMPT user=sam
2026-01-05 20:06:24,129 [WARNING] [FAIL] LOGIN_FAIL user=sam due to bad_password
2026-01-05 20:06:24,129 [INFO] -> LOGIN_ATTEMPT user=charlie
2026-01-05 20:06:24,160 [WARNING] [FAIL] LOGIN_FAIL user=charlie due to bad_password
2026-01-05 20:06:24,160 [INFO] -> LOGIN_ATTEMPT user=jordan
2026-01-05 20:06:24,192 [WARNING] [FAIL] LOGIN_FAIL user=jordan due to bad_password
2026-01-05 20:06:24,192 [INFO] -> LOGIN_ATTEMPT user=taylor
2026-01-05 20:06:24,221 [WARNING] [FAIL] LOGIN_FAIL user=taylor due to bad_password
2026-01-05 20:06:24,221 [INFO] -> LOGIN_ATTEMPT user=morgan
2026-01-05 20:06:24,251 [WARNING] [FAIL] LOGIN_FAIL user=morgan due to bad_password
2026-01-05 20:06:24,251 [INFO] -> LOGIN_ATTEMPT user=chris
2026-01-05 20:06:24,281 [WARNING] [FAIL] LOGIN_FAIL user=chris due to bad_password
2026-01-05 20:06:24,282 [INFO] -> LOGIN_ATTEMPT user=jamie
2026-01-05 20:06:24,310 [WARNING] [FAIL] LOGIN_FAIL user=jamie due to bad_password
2026-01-05 20:06:24,311 [INFO] -> LOGIN_ATTEMPT user=pat
2026-01-05 20:06:24,341 [WARNING] [FAIL] LOGIN_FAIL user=pat due to bad_password
2026-01-05 20:06:24,341 [INFO] -> LOGIN_ATTEMPT user=robin
2026-01-05 20:06:24,370 [WARNING] [FAIL] LOGIN_FAIL user=robin due to bad_password
2026-01-05 20:06:24,370 [INFO] -> LOGIN_ATTEMPT user=casey
2026-01-05 20:06:24,399 [WARNING] [FAIL] LOGIN_FAIL user=casey due to bad_password
2026-01-05 20:06:24,399 [INFO] -> LOGIN_ATTEMPT user=jules
2026-01-05 20:06:24,430 [WARNING] [FAIL] LOGIN_FAIL user=jules due to bad_password
2026-01-05 20:06:24,430 [INFO] -> LOGIN_ATTEMPT user=max
2026-01-05 20:06:24,459 [WARNING] [FAIL] LOGIN_FAIL user=max due to bad_password
2026-01-05 20:06:24,459 [INFO] -> LOGIN_ATTEMPT user=ava
2026-01-05 20:06:24,490 [WARNING] [FAIL] LOGIN_FAIL user=ava due to bad_password
2026-01-05 20:06:24,490 [INFO] -> LOGIN_ATTEMPT user=lily
2026-01-05 20:06:24,520 [WARNING] [FAIL] LOGIN_FAIL user=lily due to bad_password
2026-01-05 20:06:24,521 [INFO] -> LOGIN_ATTEMPT user=leo
2026-01-05 20:06:24,550 [WARNING] [FAIL] LOGIN_FAIL user=leo due to bad_password
2026-01-05 20:06:24,550 [INFO] -> LOGIN_ATTEMPT user=sophie
2026-01-05 20:06:24,580 [WARNING] [FAIL] LOGIN_FAIL user=sophie due to bad_password
2026-01-05 20:06:24,580 [INFO] -> LOGIN_ATTEMPT user=mia
2026-01-05 20:06:24,609 [WARNING] [FAIL] LOGIN_FAIL user=mia due to bad_password
2026-01-05 20:06:24,609 [INFO] -> LOGIN_ATTEMPT user=ethan
2026-01-05 20:06:24,640 [WARNING] [FAIL] LOGIN_FAIL user=ethan due to bad_password
2026-01-05 20:06:24,640 [INFO] -> LOGIN_ATTEMPT user=oliver
2026-01-05 20:06:24,669 [WARNING] [FAIL] LOGIN_FAIL user=oliver due to bad_password
2026-01-05 20:06:24,669 [INFO] -> LOGIN_ATTEMPT user=nina
2026-01-05 20:06:24,699 [WARNING] [FAIL] LOGIN_FAIL user=nina due to bad_password
2026-01-05 20:06:24,699 [INFO] -> LOGIN_ATTEMPT user=daniel
2026-01-05 20:06:24,729 [WARNING] [FAIL] LOGIN_FAIL user=daniel due to bad_password
2026-01-05 20:06:24,730 [INFO] -> LOGIN_ATTEMPT user=user123
2026-01-05 20:06:24,760 [WARNING] [FAIL] LOGIN_FAIL user=user123 due to bad_password
2026-01-05 20:06:24,760 [INFO] -> LOGIN_ATTEMPT user=sunnyday
2026-01-05 20:06:24,790 [WARNING] [FAIL] LOGIN_FAIL user=sunnyday due to bad_password
2026-01-05 20:06:24,790 [INFO] -> LOGIN_ATTEMPT user=gamer01
2026-01-05 20:06:24,821 [WARNING] [FAIL] LOGIN_FAIL user=gamer01 due to bad_password
2026-01-05 20:06:24,821 [INFO] -> LOGIN_ATTEMPT user=starrynight
2026-01-05 20:06:24,851 [WARNING] [FAIL] LOGIN_FAIL user=starrynight due to bad_password
2026-01-05 20:06:24,851 [INFO] -> LOGIN_ATTEMPT user=midnightwolf
2026-01-05 20:06:24,880 [WARNING] [FAIL] LOGIN_FAIL user=midnightwolf due to bad_password
2026-01-05 20:06:24,880 [INFO] -> LOGIN_ATTEMPT user=coffee_addict
2026-01-05 20:06:24,910 [WARNING] [FAIL] LOGIN_FAIL user=coffee_addict due to bad_password
2026-01-05 20:06:24,910 [INFO] -> LOGIN_ATTEMPT user=bluebird
2026-01-05 20:06:24,940 [WARNING] [FAIL] LOGIN_FAIL user=bluebird due to bad_password
2026-01-05 20:06:24,940 [INFO] -> LOGIN_ATTEMPT user=explorer
2026-01-05 20:06:24,970 [WARNING] [FAIL] LOGIN_FAIL user=explorer due to bad_password
2026-01-05 20:06:24,970 [INFO] -> LOGIN_ATTEMPT user=sam
2026-01-05 20:06:24,999 [WARNING] [FAIL] LOGIN_FAIL user=sam due to bad_password
2026-01-05 20:06:24,999 [INFO] -> LOGIN_ATTEMPT user=charlie
2026-01-05 20:06:25,029 [WARNING] [FAIL] LOGIN_FAIL user=charlie due to bad_password
2026-01-05 20:06:25,029 [INFO] -> LOGIN_ATTEMPT user=jordan
2026-01-05 20:06:25,086 [WARNING] [FAIL] LOGIN_FAIL user=jordan due to bad_password
2026-01-05 20:06:25,087 [INFO] -> LOGIN_ATTEMPT user=taylor
2026-01-05 20:06:25,119 [WARNING] [FAIL] LOGIN_FAIL user=taylor due to bad_password
2026-01-05 20:06:25,119 [INFO] -> LOGIN_ATTEMPT user=morgan
2026-01-05 20:06:25,151 [INFO] [OK] LOGIN_SUCCESS user=morgan
2026-01-05 20:06:25,151 [INFO] -> LOGIN_ATTEMPT user=chris
2026-01-05 20:06:25,182 [WARNING] [FAIL] LOGIN_FAIL user=chris due to bad_password
2026-01-05 20:06:25,182 [INFO] -> LOGIN_ATTEMPT user=jamie
2026-01-05 20:06:25,211 [WARNING] [FAIL] LOGIN_FAIL user=jamie due to bad_password
2026-01-05 20:06:25,211 [INFO] -> LOGIN_ATTEMPT user=pat
2026-01-05 20:06:25,241 [WARNING] [FAIL] LOGIN_FAIL user=pat due to bad_password
2026-01-05 20:06:25,241 [INFO] -> LOGIN_ATTEMPT user=robin
2026-01-05 20:06:25,270 [WARNING] [FAIL] LOGIN_FAIL user=robin due to bad_password
2026-01-05 20:06:25,270 [INFO] -> LOGIN_ATTEMPT user=casey
2026-01-05 20:06:25,299 [WARNING] [FAIL] LOGIN_FAIL user=casey due to bad_password
2026-01-05 20:06:25,299 [INFO] -> LOGIN_ATTEMPT user=jules
2026-01-05 20:06:25,329 [WARNING] [FAIL] LOGIN_FAIL user=jules due to bad_password
2026-01-05 20:06:25,329 [INFO] -> LOGIN_ATTEMPT user=max
2026-01-05 20:06:25,357 [WARNING] [FAIL] LOGIN_FAIL user=max due to bad_password
2026-01-05 20:06:25,359 [INFO] -> LOGIN_ATTEMPT user=ava
2026-01-05 20:06:25,388 [WARNING] [FAIL] LOGIN_FAIL user=ava due to bad_password
2026-01-05 20:06:25,388 [INFO] -> LOGIN_ATTEMPT user=lily
2026-01-05 20:06:25,418 [WARNING] [FAIL] LOGIN_FAIL user=lily due to bad_password
2026-01-05 20:06:25,418 [INFO] -> LOGIN_ATTEMPT user=leo
2026-01-05 20:06:25,447 [WARNING] [FAIL] LOGIN_FAIL user=leo due to bad_password
2026-01-05 20:06:25,447 [INFO] -> LOGIN_ATTEMPT user=sophie
2026-01-05 20:06:25,477 [WARNING] [FAIL] LOGIN_FAIL user=sophie due to bad_password
2026-01-05 20:06:25,477 [INFO] -> LOGIN_ATTEMPT user=mia
2026-01-05 20:06:25,507 [WARNING] [FAIL] LOGIN_FAIL user=mia due to bad_password
2026-01-05 20:06:25,507 [INFO] -> LOGIN_ATTEMPT user=ethan
2026-01-05 20:06:25,536 [WARNING] [FAIL] LOGIN_FAIL user=ethan due to bad_password
2026-01-05 20:06:25,537 [INFO] -> LOGIN_ATTEMPT user=oliver
2026-01-05 20:06:25,566 [WARNING] [FAIL] LOGIN_FAIL user=oliver due to bad_password
2026-01-05 20:06:25,566 [INFO] -> LOGIN_ATTEMPT user=nina
2026-01-05 20:06:25,596 [WARNING] [FAIL] LOGIN_FAIL user=nina due to bad_password
2026-01-05 20:06:25,596 [INFO] -> LOGIN_ATTEMPT user=daniel
2026-01-05 20:06:25,625 [WARNING] [FAIL] LOGIN_FAIL user=daniel due to bad_password
2026-01-05 20:06:25,625 [INFO] -> LOGIN_ATTEMPT user=user123
2026-01-05 20:06:25,655 [WARNING] [FAIL] LOGIN_FAIL user=user123 due to bad_password
2026-01-05 20:06:25,655 [INFO] -> LOGIN_ATTEMPT user=sunnyday
2026-01-05 20:06:25,684 [WARNING] [FAIL] LOGIN_FAIL user=sunnyday due to bad_password
2026-01-05 20:06:25,684 [INFO] -> LOGIN_ATTEMPT user=gamer01
2026-01-05 20:06:25,714 [WARNING] [FAIL] LOGIN_FAIL user=gamer01 due to bad_password
2026-01-05 20:06:25,714 [INFO] -> LOGIN_ATTEMPT user=starrynight
2026-01-05 20:06:25,744 [WARNING] [FAIL] LOGIN_FAIL user=starrynight due to bad_password
2026-01-05 20:06:25,744 [INFO] -> LOGIN_ATTEMPT user=midnightwolf
2026-01-05 20:06:25,774 [WARNING] [FAIL] LOGIN_FAIL user=midnightwolf due to bad_password
2026-01-05 20:06:25,774 [INFO] -> LOGIN_ATTEMPT user=coffee_addict
2026-01-05 20:06:25,804 [WARNING] [FAIL] LOGIN_FAIL user=coffee_addict due to bad_password
2026-01-05 20:06:25,805 [INFO] -> LOGIN_ATTEMPT user=bluebird
2026-01-05 20:06:25,835 [WARNING] [FAIL] LOGIN_FAIL user=bluebird due to bad_password
2026-01-05 20:06:25,835 [INFO] -> LOGIN_ATTEMPT user=explorer
2026-01-05 20:06:25,864 [WARNING] [FAIL] LOGIN_FAIL user=explorer due to bad_password
2026-01-05 20:06:25,865 [INFO] -> LOGIN_ATTEMPT user=sam
2026-01-05 20:06:25,894 [WARNING] [FAIL] LOGIN_FAIL user=sam due to bad_password
2026-01-05 20:06:25,894 [INFO] -> LOGIN_ATTEMPT user=charlie
2026-01-05 20:06:25,923 [WARNING] [FAIL] LOGIN_FAIL user=charlie due to bad_password
2026-01-05 20:06:25,923 [INFO] -> LOGIN_ATTEMPT user=jordan
2026-01-05 20:06:25,952 [WARNING] [FAIL] LOGIN_FAIL user=jordan due to bad_password
2026-01-05 20:06:25,952 [INFO] -> LOGIN_ATTEMPT user=taylor
2026-01-05 20:06:25,982 [WARNING] [FAIL] LOGIN_FAIL user=taylor due to bad_password
2026-01-05 20:06:25,982 [INFO] -> LOGIN_ATTEMPT user=chris
2026-01-05 20:06:26,012 [WARNING] [FAIL] LOGIN_FAIL user=chris due to bad_password
2026-01-05 20:06:26,012 [INFO] -> LOGIN_ATTEMPT user=jamie
2026-01-05 20:06:26,041 [INFO] [OK] LOGIN_SUCCESS user=jamie
2026-01-05 20:06:26,042 [INFO] -> LOGIN_ATTEMPT user=pat
2026-01-05 20:06:26,071 [WARNING] [FAIL] LOGIN_FAIL user=pat due to bad_password
2026-01-05 20:06:26,071 [INFO] -> LOGIN_ATTEMPT user=robin
2026-01-05 20:06:26,100 [WARNING] [FAIL] LOGIN_FAIL user=robin due to bad_password
2026-01-05 20:06:26,100 [INFO] -> LOGIN_ATTEMPT user=casey
2026-01-05 20:06:26,129 [WARNING] [FAIL] LOGIN_FAIL user=casey due to bad_password
2026-01-05 20:06:26,129 [INFO] -> LOGIN_ATTEMPT user=jules
2026-01-05 20:06:26,160 [WARNING] [FAIL] LOGIN_FAIL user=jules due to bad_password
2026-01-05 20:06:26,160 [INFO] -> LOGIN_ATTEMPT user=max
2026-01-05 20:06:26,190 [WARNING] [FAIL] LOGIN_FAIL user=max due to bad_password
2026-01-05 20:06:26,191 [INFO] -> LOGIN_ATTEMPT user=ava
2026-01-05 20:06:26,220 [WARNING] [FAIL] LOGIN_FAIL user=ava due to bad_password
2026-01-05 20:06:26,220 [INFO] -> LOGIN_ATTEMPT user=lily
2026-01-05 20:06:26,249 [WARNING] [FAIL] LOGIN_FAIL user=lily due to bad_password
2026-01-05 20:06:26,249 [INFO] -> LOGIN_ATTEMPT user=leo
2026-01-05 20:06:26,278 [WARNING] [FAIL] LOGIN_FAIL user=leo due to bad_password
2026-01-05 20:06:26,278 [INFO] -> LOGIN_ATTEMPT user=sophie
2026-01-05 20:06:26,307 [WARNING] [FAIL] LOGIN_FAIL user=sophie due to bad_password
2026-01-05 20:06:26,307 [INFO] -> LOGIN_ATTEMPT user=mia
2026-01-05 20:06:26,336 [WARNING] [FAIL] LOGIN_FAIL user=mia due to bad_password
2026-01-05 20:06:26,337 [INFO] -> LOGIN_ATTEMPT user=ethan
2026-01-05 20:06:26,366 [WARNING] [FAIL] LOGIN_FAIL user=ethan due to bad_password
2026-01-05 20:06:26,366 [INFO] -> LOGIN_ATTEMPT user=oliver
2026-01-05 20:06:26,395 [WARNING] [FAIL] LOGIN_FAIL user=oliver due to bad_password
2026-01-05 20:06:26,395 [INFO] -> LOGIN_ATTEMPT user=nina
2026-01-05 20:06:26,424 [WARNING] [FAIL] LOGIN_FAIL user=nina due to bad_password
2026-01-05 20:06:26,424 [INFO] -> LOGIN_ATTEMPT user=daniel
2026-01-05 20:06:26,454 [WARNING] [FAIL] LOGIN_FAIL user=daniel due to bad_password
2026-01-05 20:06:26,454 [INFO] -> LOGIN_ATTEMPT user=user123
2026-01-05 20:06:26,484 [WARNING] [FAIL] LOGIN_FAIL user=user123 due to bad_password
2026-01-05 20:06:26,484 [INFO] -> LOGIN_ATTEMPT user=sunnyday
2026-01-05 20:06:26,514 [WARNING] [FAIL] LOGIN_FAIL user=sunnyday due to bad_password
2026-01-05 20:06:26,514 [INFO] -> LOGIN_ATTEMPT user=gamer01
2026-01-05 20:06:26,542 [WARNING] [FAIL] LOGIN_FAIL user=gamer01 due to bad_password
2026-01-05 20:06:26,542 [INFO] -> LOGIN_ATTEMPT user=starrynight
2026-01-05 20:06:26,572 [WARNING] [FAIL] LOGIN_FAIL user=starrynight due to bad_password
2026-01-05 20:06:26,572 [INFO] -> LOGIN_ATTEMPT user=midnightwolf
2026-01-05 20:06:26,601 [WARNING] [FAIL] LOGIN_FAIL user=midnightwolf due to bad_password
2026-01-05 20:06:26,601 [INFO] -> LOGIN_ATTEMPT user=coffee_addict
2026-01-05 20:06:26,631 [WARNING] [FAIL] LOGIN_FAIL user=coffee_addict due to bad_password
2026-01-05 20:06:26,631 [INFO] -> LOGIN_ATTEMPT user=bluebird
2026-01-05 20:06:26,660 [WARNING] [FAIL] LOGIN_FAIL user=bluebird due to bad_password
2026-01-05 20:06:26,660 [INFO] -> LOGIN_ATTEMPT user=explorer
2026-01-05 20:06:26,690 [WARNING] [FAIL] LOGIN_FAIL user=explorer due to bad_password
2026-01-05 20:06:26,690 [INFO] -> LOGIN_ATTEMPT user=sam
2026-01-05 20:06:26,719 [WARNING] [FAIL] LOGIN_FAIL user=sam due to bad_password
2026-01-05 20:06:26,720 [INFO] -> LOGIN_ATTEMPT user=charlie
2026-01-05 20:06:26,749 [WARNING] [FAIL] LOGIN_FAIL user=charlie due to bad_password
2026-01-05 20:06:26,749 [INFO] -> LOGIN_ATTEMPT user=jordan
2026-01-05 20:06:26,778 [WARNING] [FAIL] LOGIN_FAIL user=jordan due to bad_password
2026-01-05 20:06:26,778 [INFO] -> LOGIN_ATTEMPT user=taylor
2026-01-05 20:06:26,807 [INFO] [OK] LOGIN_SUCCESS user=taylor
2026-01-05 20:06:26,808 [INFO] -> LOGIN_ATTEMPT user=chris
2026-01-05 20:06:26,836 [WARNING] [FAIL] LOGIN_FAIL user=chris due to bad_password
2026-01-05 20:06:26,836 [INFO] -> LOGIN_ATTEMPT user=pat
2026-01-05 20:06:26,865 [WARNING] [FAIL] LOGIN_FAIL user=pat due to bad_password
2026-01-05 20:06:26,866 [INFO] -> LOGIN_ATTEMPT user=robin
2026-01-05 20:06:26,895 [WARNING] [FAIL] LOGIN_FAIL user=robin due to bad_password
2026-01-05 20:06:26,895 [INFO] -> LOGIN_ATTEMPT user=casey
2026-01-05 20:06:26,924 [WARNING] [FAIL] LOGIN_FAIL user=casey due to bad_password
2026-01-05 20:06:26,924 [INFO] -> LOGIN_ATTEMPT user=jules
2026-01-05 20:06:26,953 [WARNING] [FAIL] LOGIN_FAIL user=jules due to bad_password
2026-01-05 20:06:26,953 [INFO] -> LOGIN_ATTEMPT user=max
2026-01-05 20:06:26,983 [WARNING] [FAIL] LOGIN_FAIL user=max due to bad_password
2026-01-05 20:06:26,983 [INFO] -> LOGIN_ATTEMPT user=ava
2026-01-05 20:06:27,012 [WARNING] [FAIL] LOGIN_FAIL user=ava due to bad_password
2026-01-05 20:06:27,012 [INFO] -> LOGIN_ATTEMPT user=lily
2026-01-05 20:06:27,041 [WARNING] [FAIL] LOGIN_FAIL user=lily due to bad_password
2026-01-05 20:06:27,041 [INFO] -> LOGIN_ATTEMPT user=leo
2026-01-05 20:06:27,070 [WARNING] [FAIL] LOGIN_FAIL user=leo due to bad_password
2026-01-05 20:06:27,071 [INFO] -> LOGIN_ATTEMPT user=sophie
2026-01-05 20:06:27,101 [WARNING] [FAIL] LOGIN_FAIL user=sophie due to bad_password
2026-01-05 20:06:27,101 [INFO] -> LOGIN_ATTEMPT user=mia
2026-01-05 20:06:27,130 [WARNING] [FAIL] LOGIN_FAIL user=mia due to bad_password
2026-01-05 20:06:27,131 [INFO] -> LOGIN_ATTEMPT user=ethan
2026-01-05 20:06:27,161 [WARNING] [FAIL] LOGIN_FAIL user=ethan due to bad_password
2026-01-05 20:06:27,161 [INFO] -> LOGIN_ATTEMPT user=oliver
2026-01-05 20:06:27,193 [WARNING] [FAIL] LOGIN_FAIL user=oliver due to bad_password
2026-01-05 20:06:27,193 [INFO] -> LOGIN_ATTEMPT user=nina
2026-01-05 20:06:27,224 [WARNING] [FAIL] LOGIN_FAIL user=nina due to bad_password
2026-01-05 20:06:27,224 [INFO] -> LOGIN_ATTEMPT user=daniel
2026-01-05 20:06:27,253 [WARNING] [FAIL] LOGIN_FAIL user=daniel due to bad_password
2026-01-05 20:06:27,253 [INFO] -> LOGIN_ATTEMPT user=user123
2026-01-05 20:06:27,282 [WARNING] [FAIL] LOGIN_FAIL user=user123 due to bad_password
2026-01-05 20:06:27,282 [INFO] -> LOGIN_ATTEMPT user=sunnyday
2026-01-05 20:06:27,311 [WARNING] [FAIL] LOGIN_FAIL user=sunnyday due to bad_password
2026-01-05 20:06:27,312 [INFO] -> LOGIN_ATTEMPT user=gamer01
2026-01-05 20:06:27,341 [WARNING] [FAIL] LOGIN_FAIL user=gamer01 due to bad_password
2026-01-05 20:06:27,342 [INFO] -> LOGIN_ATTEMPT user=starrynight
2026-01-05 20:06:27,371 [WARNING] [FAIL] LOGIN_FAIL user=starrynight due to bad_password
2026-01-05 20:06:27,371 [INFO] -> LOGIN_ATTEMPT user=midnightwolf
2026-01-05 20:06:27,401 [WARNING] [FAIL] LOGIN_FAIL user=midnightwolf due to bad_password
2026-01-05 20:06:27,401 [INFO] -> LOGIN_ATTEMPT user=coffee_addict
2026-01-05 20:06:27,430 [WARNING] [FAIL] LOGIN_FAIL user=coffee_addict due to bad_password
2026-01-05 20:06:27,430 [INFO] -> LOGIN_ATTEMPT user=bluebird
2026-01-05 20:06:27,459 [WARNING] [FAIL] LOGIN_FAIL user=bluebird due to bad_password
2026-01-05 20:06:27,460 [INFO] -> LOGIN_ATTEMPT user=explorer
2026-01-05 20:06:27,489 [WARNING] [FAIL] LOGIN_FAIL user=explorer due to bad_password
2026-01-05 20:06:27,490 [INFO] -> LOGIN_ATTEMPT user=sam
2026-01-05 20:06:27,519 [INFO] [OK] LOGIN_SUCCESS user=sam
2026-01-05 20:06:27,519 [INFO] -> LOGIN_ATTEMPT user=charlie
2026-01-05 20:06:27,549 [WARNING] [FAIL] LOGIN_FAIL user=charlie due to bad_password
2026-01-05 20:06:27,549 [INFO] -> LOGIN_ATTEMPT user=jordan
2026-01-05 20:06:27,578 [WARNING] [FAIL] LOGIN_FAIL user=jordan due to bad_password
2026-01-05 20:06:27,578 [INFO] -> LOGIN_ATTEMPT user=chris
2026-01-05 20:06:27,608 [WARNING] [FAIL] LOGIN_FAIL user=chris due to bad_password
2026-01-05 20:06:27,608 [INFO] -> LOGIN_ATTEMPT user=pat
2026-01-05 20:06:27,637 [WARNING] [FAIL] LOGIN_FAIL user=pat due to bad_password
2026-01-05 20:06:27,638 [INFO] -> LOGIN_ATTEMPT user=robin
2026-01-05 20:06:27,667 [WARNING] [FAIL] LOGIN_FAIL user=robin due to bad_password
2026-01-05 20:06:27,667 [INFO] -> LOGIN_ATTEMPT user=casey
2026-01-05 20:06:27,696 [WARNING] [FAIL] LOGIN_FAIL user=casey due to bad_password
2026-01-05 20:06:27,696 [INFO] -> LOGIN_ATTEMPT user=jules
2026-01-05 20:06:27,726 [WARNING] [FAIL] LOGIN_FAIL user=jules due to bad_password
2026-01-05 20:06:27,727 [INFO] -> LOGIN_ATTEMPT user=max
2026-01-05 20:06:27,756 [WARNING] [FAIL] LOGIN_FAIL user=max due to bad_password
2026-01-05 20:06:27,756 [INFO] -> LOGIN_ATTEMPT user=ava
2026-01-05 20:06:27,786 [WARNING] [FAIL] LOGIN_FAIL user=ava due to bad_password
2026-01-05 20:06:27,786 [INFO] -> LOGIN_ATTEMPT user=lily
2026-01-05 20:06:27,815 [WARNING] [FAIL] LOGIN_FAIL user=lily due to bad_password
2026-01-05 20:06:27,815 [INFO] -> LOGIN_ATTEMPT user=leo
2026-01-05 20:06:27,845 [WARNING] [FAIL] LOGIN_FAIL user=leo due to bad_password
2026-01-05 20:06:27,845 [INFO] -> LOGIN_ATTEMPT user=sophie
2026-01-05 20:06:27,875 [WARNING] [FAIL] LOGIN_FAIL user=sophie due to bad_password
2026-01-05 20:06:27,875 [INFO] -> LOGIN_ATTEMPT user=mia
2026-01-05 20:06:27,903 [WARNING] [FAIL] LOGIN_FAIL user=mia due to bad_password
2026-01-05 20:06:27,904 [INFO] -> LOGIN_ATTEMPT user=ethan
2026-01-05 20:06:27,934 [WARNING] [FAIL] LOGIN_FAIL user=ethan due to bad_password
2026-01-05 20:06:27,961 [INFO] -> LOGIN_ATTEMPT user=oliver
2026-01-05 20:06:27,990 [WARNING] [FAIL] LOGIN_FAIL user=oliver due to bad_password
2026-01-05 20:06:27,990 [INFO] -> LOGIN_ATTEMPT user=nina
2026-01-05 20:06:28,019 [WARNING] [FAIL] LOGIN_FAIL user=nina due to bad_password
2026-01-05 20:06:28,020 [INFO] -> LOGIN_ATTEMPT user=daniel
2026-01-05 20:06:28,050 [WARNING] [FAIL] LOGIN_FAIL user=daniel due to bad_password
2026-01-05 20:06:28,050 [INFO] -> LOGIN_ATTEMPT user=user123
2026-01-05 20:06:28,081 [WARNING] [FAIL] LOGIN_FAIL user=user123 due to bad_password
2026-01-05 20:06:28,081 [INFO] -> LOGIN_ATTEMPT user=sunnyday
2026-01-05 20:06:28,113 [WARNING] [FAIL] LOGIN_FAIL user=sunnyday due to bad_password
2026-01-05 20:06:28,113 [INFO] -> LOGIN_ATTEMPT user=gamer01
2026-01-05 20:06:28,144 [WARNING] [FAIL] LOGIN_FAIL user=gamer01 due to bad_password
2026-01-05 20:06:28,144 [INFO] -> LOGIN_ATTEMPT user=starrynight
2026-01-05 20:06:28,174 [WARNING] [FAIL] LOGIN_FAIL user=starrynight due to bad_password
2026-01-05 20:06:28,174 [INFO] -> LOGIN_ATTEMPT user=midnightwolf
2026-01-05 20:06:28,208 [WARNING] [FAIL] LOGIN_FAIL user=midnightwolf due to bad_password
2026-01-05 20:06:28,208 [INFO] -> LOGIN_ATTEMPT user=coffee_addict
2026-01-05 20:06:28,237 [WARNING] [FAIL] LOGIN_FAIL user=coffee_addict due to bad_password
2026-01-05 20:06:28,238 [INFO] -> LOGIN_ATTEMPT user=bluebird
2026-01-05 20:06:28,268 [WARNING] [FAIL] LOGIN_FAIL user=bluebird due to bad_password
2026-01-05 20:06:28,269 [INFO] -> LOGIN_ATTEMPT user=explorer
2026-01-05 20:06:28,300 [WARNING] [FAIL] LOGIN_FAIL user=explorer due to bad_password
2026-01-05 20:06:28,300 [INFO] login succeeded for unauthorized user via Password Spraying for 5 users over 30
==================== Overall Statistics ====================
total_attempts: 140
success_rate: 3.57%
avg_latency_ms: 29.6661
attempts_per_sec: 33.32539871459176