2026-01-05 20:09:54,705 [INFO] Program started - 526338897
2026-01-05 20:09:55,645 [INFO] -> LOGIN_ATTEMPT user=alex
2026-01-05 20:09:55,690 [INFO] [OK] LOGIN_SUCCESS user=alex
2026-01-05 20:09:55,690 [INFO] -> LOGIN_ATTEMPT user=sam
2026-01-05 20:09:55,724 [WARNING] [FAIL] LOGIN_FAIL user=sam due to bad_password
2026-01-05 20:09:55,724 [INFO] -> LOGIN_ATTEMPT user=charlie
2026-01-05 20:09:55,790 [WARNING] [FAIL] LOGIN_FAIL user=charlie due to bad_password
2026-01-05 20:09:55,790 [INFO] -> LOGIN_ATTEMPT user=jordan
2026-01-05 20:09:55,824 [WARNING] [FAIL] LOGIN_FAIL user=jordan due to bad_password
2026-01-05 20:09:55,824 [INFO] -> LOGIN_ATTEMPT user=taylor
2026-01-05 20:09:55,857 [WARNING] [FAIL] LOGIN_FAIL user=taylor due to bad_password
2026-01-05 20:09:55,857 [INFO] -> LOGIN_ATTEMPT user=morgan
2026-01-05 20:09:55,891 [WARNING] [FAIL] LOGIN_FAIL user=morgan due to bad_password
2026-01-05 20:09:55,891 [INFO] -> LOGIN_ATTEMPT user=chris
2026-01-05 20:09:55,920 [WARNING] [FAIL] LOGIN_FAIL user=chris due to bad_password
2026-01-05 20:09:55,921 [INFO] -> LOGIN_ATTEMPT user=jamie
2026-01-05 20:09:55,951 [WARNING] [FAIL] LOGIN_FAIL user=jamie due to bad_password
2026-01-05 20:09:55,951 [INFO] -> LOGIN_ATTEMPT user=pat
2026-01-05 20:09:55,981 [WARNING] [FAIL] LOGIN_FAIL user=pat due to bad_password
2026-01-05 20:09:55,981 [INFO] -> LOGIN_ATTEMPT user=robin
2026-01-05 20:09:56,011 [WARNING] [FAIL] LOGIN_FAIL user=robin due to bad_password
2026-01-05 20:09:56,011 [INFO] -> LOGIN_ATTEMPT user=casey
2026-01-05 20:09:56,041 [WARNING] [FAIL] LOGIN_FAIL user=casey due to bad_password
2026-01-05 20:09:56,041 [INFO] -> LOGIN_ATTEMPT user=jules
2026-01-05 20:09:56,072 [WARNING] [FAIL] LOGIN_FAIL user=jules due to bad_password
2026-01-05 20:09:56,072 [INFO] -> LOGIN_ATTEMPT user=max
2026-01-05 20:09:56,101 [WARNING] [FAIL] LOGIN_FAIL user=max due to bad_password
2026-01-05 20:09:56,102 [INFO] -> LOGIN_ATTEMPT user=ava
2026-01-05 20:09:56,131 [WARNING] [FAIL] LOGIN_FAIL user=ava due to bad_password
2026-01-05 20:09:56,131 [INFO] -> LOGIN_ATTEMPT user=lily
2026-01-05 20:09:56,160 [WARNING] [FAIL] LOGIN_FAIL user=lily due to bad_password
2026-01-05 20:09:56,160 [INFO] -> LOGIN_ATTEMPT user=leo
2026-01-05 20:09:56,190 [WARNING] [FAIL] LOGIN_FAIL user=leo due to bad_password
2026-01-05 20:09:56,190 [INFO] -> LOGIN_ATTEMPT user=sophie
2026-01-05 20:09:56,219 [WARNING] [FAIL] LOGIN_FAIL user=sophie due to bad_password
2026-01-05 20:09:56,219 [INFO] -> LOGIN_ATTEMPT user=mia
2026-01-05 20:09:56,249 [WARNING] [FAIL] LOGIN_FAIL user=mia due to bad_password
2026-01-05 20:09:56,249 [INFO] -> LOGIN_ATTEMPT user=ethan
2026-01-05 20:09:56,279 [WARNING] [FAIL] LOGIN_FAIL user=ethan due to bad_password
2026-01-05 20:09:56,279 [INFO] -> LOGIN_ATTEMPT user=oliver
2026-01-05 20:09:56,310 [WARNING] [FAIL] LOGIN_FAIL user=oliver due to bad_password
2026-01-05 20:09:56,310 [INFO] -> LOGIN_ATTEMPT user=nina
2026-01-05 20:09:56,341 [WARNING] [FAIL] LOGIN_FAIL user=nina due to bad_password
2026-01-05 20:09:56,341 [INFO] -> LOGIN_ATTEMPT user=daniel
2026-01-05 20:09:56,374 [WARNING] [FAIL] LOGIN_FAIL user=daniel due to bad_password
2026-01-05 20:09:56,375 [INFO] -> LOGIN_ATTEMPT user=user123
2026-01-05 20:09:56,406 [WARNING] [FAIL] LOGIN_FAIL user=user123 due to bad_password
2026-01-05 20:09:56,407 [INFO] -> LOGIN_ATTEMPT user=sunnyday
2026-01-05 20:09:56,437 [WARNING] [FAIL] LOGIN_FAIL user=sunnyday due to bad_password
2026-01-05 20:09:56,437 [INFO] -> LOGIN_ATTEMPT user=gamer01
2026-01-05 20:09:56,467 [WARNING] [FAIL] LOGIN_FAIL user=gamer01 due to bad_password
2026-01-05 20:09:56,468 [INFO] -> LOGIN_ATTEMPT user=starrynight
2026-01-05 20:09:56,501 [WARNING] [FAIL] LOGIN_FAIL user=starrynight due to bad_password
2026-01-05 20:09:56,501 [INFO] -> LOGIN_ATTEMPT user=midnightwolf
2026-01-05 20:09:56,532 [WARNING] [FAIL] LOGIN_FAIL user=midnightwolf due to bad_password
2026-01-05 20:09:56,532 [INFO] -> LOGIN_ATTEMPT user=coffee_addict
2026-01-05 20:09:56,564 [WARNING] [FAIL] LOGIN_FAIL user=coffee_addict due to bad_password
2026-01-05 20:09:56,564 [INFO] -> LOGIN_ATTEMPT user=bluebird
2026-01-05 20:09:56,601 [WARNING] [FAIL] LOGIN_FAIL user=bluebird due to bad_password
2026-01-05 20:09:56,601 [INFO] -> LOGIN_ATTEMPT user=explorer
2026-01-05 20:09:56,639 [WARNING] [FAIL] LOGIN_FAIL user=explorer due to bad_password
2026-01-05 20:09:56,644 [INFO] -> LOGIN_ATTEMPT user=sam
2026-01-05 20:09:56,704 [WARNING] [FAIL] LOGIN_FAIL user=sam due to bad_password
2026-01-05 20:09:56,704 [INFO] -> LOGIN_ATTEMPT user=charlie
2026-01-05 20:09:56,734 [WARNING] [FAIL] LOGIN_FAIL user=charlie due to bad_password
2026-01-05 20:09:56,734 [INFO] -> LOGIN_ATTEMPT user=jordan
2026-01-05 20:09:56,763 [WARNING] [FAIL] LOGIN_FAIL user=jordan due to bad_password
2026-01-05 20:09:56,764 [INFO] -> LOGIN_ATTEMPT user=taylor
2026-01-05 20:09:56,793 [WARNING] [FAIL] LOGIN_FAIL user=taylor due to bad_password
2026-01-05 20:09:56,793 [INFO] -> LOGIN_ATTEMPT user=morgan
2026-01-05 20:09:56,822 [INFO] [OK] LOGIN_SUCCESS user=morgan
2026-01-05 20:09:56,822 [INFO] -> LOGIN_ATTEMPT user=chris
2026-01-05 20:09:56,851 [WARNING] [FAIL] LOGIN_FAIL user=chris due to bad_password
2026-01-05 20:09:56,852 [INFO] -> LOGIN_ATTEMPT user=jamie
2026-01-05 20:09:56,881 [WARNING] [FAIL] LOGIN_FAIL user=jamie due to bad_password
2026-01-05 20:09:56,881 [INFO] -> LOGIN_ATTEMPT user=pat
2026-01-05 20:09:56,910 [WARNING] [FAIL] LOGIN_FAIL user=pat due to bad_password
2026-01-05 20:09:56,910 [INFO] -> LOGIN_ATTEMPT user=robin
2026-01-05 20:09:56,939 [WARNING] [FAIL] LOGIN_FAIL user=robin due to bad_password
2026-01-05 20:09:56,940 [INFO] -> LOGIN_ATTEMPT user=casey
2026-01-05 20:09:56,969 [WARNING] [FAIL] LOGIN_FAIL user=casey due to bad_password
2026-01-05 20:09:56,969 [INFO] -> LOGIN_ATTEMPT user=jules
2026-01-05 20:09:56,999 [WARNING] [FAIL] LOGIN_FAIL user=jules due to bad_password
2026-01-05 20:09:56,999 [INFO] -> LOGIN_ATTEMPT user=max
2026-01-05 20:09:57,028 [WARNING] [FAIL] LOGIN_FAIL user=max due to bad_password
2026-01-05 20:09:57,028 [INFO] -> LOGIN_ATTEMPT user=ava
2026-01-05 20:09:57,059 [WARNING] [FAIL] LOGIN_FAIL user=ava due to bad_password
2026-01-05 20:09:57,059 [INFO] -> LOGIN_ATTEMPT user=lily
2026-01-05 20:09:57,089 [WARNING] [FAIL] LOGIN_FAIL user=lily due to bad_password
2026-01-05 20:09:57,089 [INFO] -> LOGIN_ATTEMPT user=leo
2026-01-05 20:09:57,117 [WARNING] [FAIL] LOGIN_FAIL user=leo due to bad_password
2026-01-05 20:09:57,117 [INFO] -> LOGIN_ATTEMPT user=sophie
2026-01-05 20:09:57,147 [WARNING] [FAIL] LOGIN_FAIL user=sophie due to bad_password
2026-01-05 20:09:57,147 [INFO] -> LOGIN_ATTEMPT user=mia
2026-01-05 20:09:57,176 [WARNING] [FAIL] LOGIN_FAIL user=mia due to bad_password
2026-01-05 20:09:57,176 [INFO] -> LOGIN_ATTEMPT user=ethan
2026-01-05 20:09:57,205 [WARNING] [FAIL] LOGIN_FAIL user=ethan due to bad_password
2026-01-05 20:09:57,205 [INFO] -> LOGIN_ATTEMPT user=oliver
2026-01-05 20:09:57,235 [WARNING] [FAIL] LOGIN_FAIL user=oliver due to bad_password
2026-01-05 20:09:57,235 [INFO] -> LOGIN_ATTEMPT user=nina
2026-01-05 20:09:57,264 [WARNING] [FAIL] LOGIN_FAIL user=nina due to bad_password
2026-01-05 20:09:57,265 [INFO] -> LOGIN_ATTEMPT user=daniel
2026-01-05 20:09:57,294 [WARNING] [FAIL] LOGIN_FAIL user=daniel due to bad_password
2026-01-05 20:09:57,294 [INFO] -> LOGIN_ATTEMPT user=user123
2026-01-05 20:09:57,322 [WARNING] [FAIL] LOGIN_FAIL user=user123 due to bad_password
2026-01-05 20:09:57,324 [INFO] -> LOGIN_ATTEMPT user=sunnyday
2026-01-05 20:09:57,353 [WARNING] [FAIL] LOGIN_FAIL user=sunnyday due to bad_password
2026-01-05 20:09:57,353 [INFO] -> LOGIN_ATTEMPT user=gamer01
2026-01-05 20:09:57,382 [WARNING] [FAIL] LOGIN_FAIL user=gamer01 due to bad_password
2026-01-05 20:09:57,382 [INFO] -> LOGIN_ATTEMPT user=starrynight
2026-01-05 20:09:57,411 [WARNING] [FAIL] LOGIN_FAIL user=starrynight due to bad_password
2026-01-05 20:09:57,411 [INFO] -> LOGIN_ATTEMPT user=midnightwolf
2026-01-05 20:09:57,441 [WARNING] [FAIL] LOGIN_FAIL user=midnightwolf due to bad_password
2026-01-05 20:09:57,441 [INFO] -> LOGIN_ATTEMPT user=coffee_addict
2026-01-05 20:09:57,470 [WARNING] [FAIL] LOGIN_FAIL user=coffee_addict due to bad_password
2026-01-05 20:09:57,470 [INFO] -> LOGIN_ATTEMPT user=bluebird
2026-01-05 20:09:57,498 [WARNING] [FAIL] LOGIN_FAIL user=bluebird due to bad_password
2026-01-05 20:09:57,499 [INFO] -> LOGIN_ATTEMPT user=explorer
2026-01-05 20:09:57,528 [WARNING] [FAIL] LOGIN_FAIL user=explorer due to bad_password
2026-01-05 20:09:57,528 [INFO] -> LOGIN_ATTEMPT user=sam
2026-01-05 20:09:57,557 [WARNING] [FAIL] LOGIN_FAIL user=sam due to bad_password
2026-01-05 20:09:57,558 [INFO] -> LOGIN_ATTEMPT user=charlie
2026-01-05 20:09:57,586 [WARNING] [FAIL] LOGIN_FAIL user=charlie due to bad_password
2026-01-05 20:09:57,586 [INFO] -> LOGIN_ATTEMPT user=jordan
2026-01-05 20:09:57,616 [WARNING] [FAIL] LOGIN_FAIL user=jordan due to bad_password
2026-01-05 20:09:57,617 [INFO] -> LOGIN_ATTEMPT user=taylor
2026-01-05 20:09:57,646 [WARNING] [FAIL] LOGIN_FAIL user=taylor due to bad_password
2026-01-05 20:09:57,646 [INFO] -> LOGIN_ATTEMPT user=chris
2026-01-05 20:09:57,675 [WARNING] [FAIL] LOGIN_FAIL user=chris due to bad_password
2026-01-05 20:09:57,676 [INFO] -> LOGIN_ATTEMPT user=jamie
2026-01-05 20:09:57,705 [INFO] [OK] LOGIN_SUCCESS user=jamie
2026-01-05 20:09:57,705 [INFO] -> LOGIN_ATTEMPT user=pat
2026-01-05 20:09:57,734 [WARNING] [FAIL] LOGIN_FAIL user=pat due to bad_password
2026-01-05 20:09:57,734 [INFO] -> LOGIN_ATTEMPT user=robin
2026-01-05 20:09:57,763 [WARNING] [FAIL] LOGIN_FAIL user=robin due to bad_password
2026-01-05 20:09:57,763 [INFO] -> LOGIN_ATTEMPT user=casey
2026-01-05 20:09:57,793 [WARNING] [FAIL] LOGIN_FAIL user=casey due to bad_password
2026-01-05 20:09:57,793 [INFO] -> LOGIN_ATTEMPT user=jules
2026-01-05 20:09:57,822 [WARNING] [FAIL] LOGIN_FAIL user=jules due to bad_password
2026-01-05 20:09:57,823 [INFO] -> LOGIN_ATTEMPT user=max
2026-01-05 20:09:57,854 [WARNING] [FAIL] LOGIN_FAIL user=max due to bad_password
2026-01-05 20:09:57,854 [INFO] -> LOGIN_ATTEMPT user=ava
2026-01-05 20:09:57,883 [WARNING] [FAIL] LOGIN_FAIL user=ava due to bad_password
2026-01-05 20:09:57,883 [INFO] -> LOGIN_ATTEMPT user=lily
2026-01-05 20:09:57,912 [WARNING] [FAIL] LOGIN_FAIL user=lily due to bad_password
2026-01-05 20:09:57,912 [INFO] -> LOGIN_ATTEMPT user=leo
2026-01-05 20:09:57,941 [WARNING] [FAIL] LOGIN_FAIL user=leo due to bad_password
2026-01-05 20:09:57,941 [INFO] -> LOGIN_ATTEMPT user=sophie
2026-01-05 20:09:57,971 [WARNING] [FAIL] LOGIN_FAIL user=sophie due to bad_password
2026-01-05 20:09:57,971 [INFO] -> LOGIN_ATTEMPT user=mia
2026-01-05 20:09:58,000 [WARNING] [FAIL] LOGIN_FAIL user=mia due to bad_password
2026-01-05 20:09:58,000 [INFO] -> LOGIN_ATTEMPT user=ethan
2026-01-05 20:09:58,029 [WARNING] [FAIL] LOGIN_FAIL user=ethan due to bad_password
2026-01-05 20:09:58,029 [INFO] -> LOGIN_ATTEMPT user=oliver
2026-01-05 20:09:58,060 [WARNING] [FAIL] LOGIN_FAIL user=oliver due to bad_password
2026-01-05 20:09:58,060 [INFO] -> LOGIN_ATTEMPT user=nina
2026-01-05 20:09:58,090 [WARNING] [FAIL] LOGIN_FAIL user=nina due to bad_password
2026-01-05 20:09:58,090 [INFO] -> LOGIN_ATTEMPT user=daniel
2026-01-05 20:09:58,120 [WARNING] [FAIL] LOGIN_FAIL user=daniel due to bad_password
2026-01-05 20:09:58,120 [INFO] -> LOGIN_ATTEMPT user=user123
2026-01-05 20:09:58,150 [WARNING] [FAIL] LOGIN_FAIL user=user123 due to bad_password
2026-01-05 20:09:58,150 [INFO] -> LOGIN_ATTEMPT user=sunnyday
2026-01-05 20:09:58,178 [WARNING] [FAIL] LOGIN_FAIL user=sunnyday due to bad_password
2026-01-05 20:09:58,178 [INFO] -> LOGIN_ATTEMPT user=gamer01
2026-01-05 20:09:58,208 [WARNING] [FAIL] LOGIN_FAIL user=gamer01 due to bad_password
2026-01-05 20:09:58,209 [INFO] -> LOGIN_ATTEMPT user=starrynight
2026-01-05 20:09:58,238 [WARNING] [FAIL] LOGIN_FAIL user=starrynight due to bad_password
2026-01-05 20:09:58,238 [INFO] -> LOGIN_ATTEMPT user=midnightwolf
2026-01-05 20:09:58,267 [WARNING] [FAIL] LOGIN_FAIL user=midnightwolf due to bad_password
2026-01-05 20:09:58,268 [INFO] -> LOGIN_ATTEMPT user=coffee_addict
2026-01-05 20:09:58,296 [WARNING] [FAIL] LOGIN_FAIL user=coffee_addict due to bad_password
2026-01-05 20:09:58,297 [INFO] -> LOGIN_ATTEMPT user=bluebird
2026-01-05 20:09:58,326 [WARNING] [FAIL] LOGIN_FAIL user=bluebird due to bad_password
2026-01-05 20:09:58,326 [INFO] -> LOGIN_ATTEMPT user=explorer
2026-01-05 20:09:58,355 [WARNING] [FAIL] LOGIN_FAIL user=explorer due to bad_password
2026-01-05 20:09:58,355 [INFO] -> LOGIN_ATTEMPT user=sam
2026-01-05 20:09:58,384 [WARNING] [FAIL] LOGIN_FAIL user=sam due to bad_password
2026-01-05 20:09:58,384 [INFO] -> LOGIN_ATTEMPT user=charlie
2026-01-05 20:09:58,414 [WARNING] [FAIL] LOGIN_FAIL user=charlie due to bad_password
2026-01-05 20:09:58,414 [INFO] -> LOGIN_ATTEMPT user=jordan
2026-01-05 20:09:58,443 [WARNING] [FAIL] LOGIN_FAIL user=jordan due to bad_password
2026-01-05 20:09:58,443 [INFO] -> LOGIN_ATTEMPT user=taylor
2026-01-05 20:09:58,472 [INFO] [OK] LOGIN_SUCCESS user=taylor
2026-01-05 20:09:58,472 [INFO] -> LOGIN_ATTEMPT user=chris
2026-01-05 20:09:58,502 [WARNING] [FAIL] LOGIN_FAIL user=chris due to bad_password
2026-01-05 20:09:58,502 [INFO] -> LOGIN_ATTEMPT user=pat
2026-01-05 20:09:58,530 [WARNING] [FAIL] LOGIN_FAIL user=pat due to bad_password
2026-01-05 20:09:58,531 [INFO] -> LOGIN_ATTEMPT user=robin
2026-01-05 20:09:58,560 [WARNING] [FAIL] LOGIN_FAIL user=robin due to bad_password
2026-01-05 20:09:58,560 [INFO] -> LOGIN_ATTEMPT user=casey
2026-01-05 20:09:58,590 [WARNING] [FAIL] LOGIN_FAIL user=casey due to bad_password
2026-01-05 20:09:58,590 [INFO] -> LOGIN_ATTEMPT user=jules
2026-01-05 20:09:58,619 [WARNING] [FAIL] LOGIN_FAIL user=jules due to bad_password
2026-01-05 20:09:58,621 [INFO] -> LOGIN_ATTEMPT user=max
2026-01-05 20:09:58,651 [WARNING] [FAIL] LOGIN_FAIL user=max due to bad_password
2026-01-05 20:09:58,651 [INFO] -> LOGIN_ATTEMPT user=ava
2026-01-05 20:09:58,682 [WARNING] [FAIL] LOGIN_FAIL user=ava due to bad_password
2026-01-05 20:09:58,682 [INFO] -> LOGIN_ATTEMPT user=lily
2026-01-05 20:09:58,710 [WARNING] [FAIL] LOGIN_FAIL user=lily due to bad_password
2026-01-05 20:09:58,710 [INFO] -> LOGIN_ATTEMPT user=leo
2026-01-05 20:09:58,741 [WARNING] [FAIL] LOGIN_FAIL user=leo due to bad_password
2026-01-05 20:09:58,741 [INFO] -> LOGIN_ATTEMPT user=sophie
2026-01-05 20:09:58,769 [WARNING] [FAIL] LOGIN_FAIL user=sophie due to bad_password
2026-01-05 20:09:58,769 [INFO] -> LOGIN_ATTEMPT user=mia
2026-01-05 20:09:58,798 [WARNING] [FAIL] LOGIN_FAIL user=mia due to bad_password
2026-01-05 20:09:58,798 [INFO] -> LOGIN_ATTEMPT user=ethan
2026-01-05 20:09:58,828 [WARNING] [FAIL] LOGIN_FAIL user=ethan due to bad_password
2026-01-05 20:09:58,828 [INFO] -> LOGIN_ATTEMPT user=oliver
2026-01-05 20:09:58,858 [WARNING] [FAIL] LOGIN_FAIL user=oliver due to bad_password
2026-01-05 20:09:58,858 [INFO] -> LOGIN_ATTEMPT user=nina
2026-01-05 20:09:58,887 [WARNING] [FAIL] LOGIN_FAIL user=nina due to bad_password
2026-01-05 20:09:58,887 [INFO] -> LOGIN_ATTEMPT user=daniel
2026-01-05 20:09:58,916 [WARNING] [FAIL] LOGIN_FAIL user=daniel due to bad_password
2026-01-05 20:09:58,917 [INFO] -> LOGIN_ATTEMPT user=user123
2026-01-05 20:09:58,945 [WARNING] [FAIL] LOGIN_FAIL user=user123 due to bad_password
2026-01-05 20:09:58,945 [INFO] -> LOGIN_ATTEMPT user=sunnyday
2026-01-05 20:09:58,975 [WARNING] [FAIL] LOGIN_FAIL user=sunnyday due to bad_password
2026-01-05 20:09:58,975 [INFO] -> LOGIN_ATTEMPT user=gamer01
2026-01-05 20:09:59,004 [WARNING] [FAIL] LOGIN_FAIL user=gamer01 due to bad_password
2026-01-05 20:09:59,004 [INFO] -> LOGIN_ATTEMPT user=starrynight
2026-01-05 20:09:59,034 [WARNING] [FAIL] LOGIN_FAIL user=starrynight due to bad_password
2026-01-05 20:09:59,034 [INFO] -> LOGIN_ATTEMPT user=midnightwolf
2026-01-05 20:09:59,066 [WARNING] [FAIL] LOGIN_FAIL user=midnightwolf due to bad_password
2026-01-05 20:09:59,067 [INFO] -> LOGIN_ATTEMPT user=coffee_addict
2026-01-05 20:09:59,097 [WARNING] [FAIL] LOGIN_FAIL user=coffee_addict due to bad_password
2026-01-05 20:09:59,097 [INFO] -> LOGIN_ATTEMPT user=bluebird
2026-01-05 20:09:59,127 [WARNING] [FAIL] LOGIN_FAIL user=bluebird due to bad_password
2026-01-05 20:09:59,128 [INFO] -> LOGIN_ATTEMPT user=explorer
2026-01-05 20:09:59,158 [WARNING] [FAIL] LOGIN_FAIL user=explorer due to bad_password
2026-01-05 20:09:59,158 [INFO] -> LOGIN_ATTEMPT user=sam
2026-01-05 20:09:59,186 [INFO] [OK] LOGIN_SUCCESS user=sam
2026-01-05 20:09:59,187 [INFO] -> LOGIN_ATTEMPT user=charlie
2026-01-05 20:09:59,216 [WARNING] [FAIL] LOGIN_FAIL user=charlie due to bad_password
2026-01-05 20:09:59,216 [INFO] -> LOGIN_ATTEMPT user=jordan
2026-01-05 20:09:59,246 [WARNING] [FAIL] LOGIN_FAIL user=jordan due to bad_password
2026-01-05 20:09:59,246 [INFO] -> LOGIN_ATTEMPT user=chris
2026-01-05 20:09:59,275 [WARNING] [FAIL] LOGIN_FAIL user=chris due to bad_password
2026-01-05 20:09:59,300 [INFO] -> LOGIN_ATTEMPT user=pat
2026-01-05 20:09:59,329 [WARNING] [FAIL] LOGIN_FAIL user=pat due to bad_password
2026-01-05 20:09:59,329 [INFO] -> LOGIN_ATTEMPT user=robin
2026-01-05 20:09:59,361 [WARNING] [FAIL] LOGIN_FAIL user=robin due to bad_password
2026-01-05 20:09:59,361 [INFO] -> LOGIN_ATTEMPT user=casey
2026-01-05 20:09:59,396 [WARNING] [FAIL] LOGIN_FAIL user=casey due to bad_password
2026-01-05 20:09:59,396 [INFO] -> LOGIN_ATTEMPT user=jules
2026-01-05 20:09:59,425 [WARNING] [FAIL] LOGIN_FAIL user=jules due to bad_password
2026-01-05 20:09:59,425 [INFO] -> LOGIN_ATTEMPT user=max
2026-01-05 20:09:59,455 [WARNING] [FAIL] LOGIN_FAIL user=max due to bad_password
2026-01-05 20:09:59,455 [INFO] -> LOGIN_ATTEMPT user=ava
2026-01-05 20:09:59,484 [WARNING] [FAIL] LOGIN_FAIL user=ava due to bad_password
2026-01-05 20:09:59,485 [INFO] -> LOGIN_ATTEMPT user=lily
2026-01-05 20:09:59,514 [WARNING] [FAIL] LOGIN_FAIL user=lily due to bad_password
2026-01-05 20:09:59,514 [INFO] -> LOGIN_ATTEMPT user=leo
2026-01-05 20:09:59,542 [WARNING] [FAIL] LOGIN_FAIL user=leo due to bad_password
2026-01-05 20:09:59,544 [INFO] -> LOGIN_ATTEMPT user=sophie
2026-01-05 20:09:59,572 [WARNING] [FAIL] LOGIN_FAIL user=sophie due to bad_password
2026-01-05 20:09:59,572 [INFO] -> LOGIN_ATTEMPT user=mia
2026-01-05 20:09:59,602 [WARNING] [FAIL] LOGIN_FAIL user=mia due to bad_password
2026-01-05 20:09:59,602 [INFO] -> LOGIN_ATTEMPT user=ethan
2026-01-05 20:09:59,631 [WARNING] [FAIL] LOGIN_FAIL user=ethan due to bad_password
2026-01-05 20:09:59,632 [INFO] -> LOGIN_ATTEMPT user=oliver
2026-01-05 20:09:59,661 [WARNING] [FAIL] LOGIN_FAIL user=oliver due to bad_password
2026-01-05 20:09:59,661 [INFO] -> LOGIN_ATTEMPT user=nina
2026-01-05 20:09:59,691 [WARNING] [FAIL] LOGIN_FAIL user=nina due to bad_password
2026-01-05 20:09:59,691 [INFO] -> LOGIN_ATTEMPT user=daniel
2026-01-05 20:09:59,721 [WARNING] [FAIL] LOGIN_FAIL user=daniel due to bad_password
2026-01-05 20:09:59,722 [INFO] -> LOGIN_ATTEMPT user=user123
2026-01-05 20:09:59,752 [WARNING] [FAIL] LOGIN_FAIL user=user123 due to bad_password
2026-01-05 20:09:59,752 [INFO] -> LOGIN_ATTEMPT user=sunnyday
2026-01-05 20:09:59,782 [WARNING] [FAIL] LOGIN_FAIL user=sunnyday due to bad_password
2026-01-05 20:09:59,782 [INFO] -> LOGIN_ATTEMPT user=gamer01
2026-01-05 20:09:59,812 [WARNING] [FAIL] LOGIN_FAIL user=gamer01 due to bad_password
2026-01-05 20:09:59,812 [INFO] -> LOGIN_ATTEMPT user=starrynight
2026-01-05 20:09:59,842 [WARNING] [FAIL] LOGIN_FAIL user=starrynight due to bad_password
2026-01-05 20:09:59,842 [INFO] -> LOGIN_ATTEMPT user=midnightwolf
2026-01-05 20:09:59,872 [WARNING] [FAIL] LOGIN_FAIL user=midnightwolf due to bad_password
2026-01-05 20:09:59,872 [INFO] -> LOGIN_ATTEMPT user=coffee_addict
2026-01-05 20:09:59,902 [WARNING] [FAIL] LOGIN_FAIL user=coffee_addict due to bad_password
2026-01-05 20:09:59,902 [INFO] -> LOGIN_ATTEMPT user=bluebird
2026-01-05 20:09:59,931 [WARNING] [FAIL] LOGIN_FAIL user=bluebird due to bad_password
2026-01-05 20:09:59,931 [INFO] -> LOGIN_ATTEMPT user=explorer
2026-01-05 20:09:59,961 [WARNING] [FAIL] LOGIN_FAIL user=explorer due to bad_password
2026-01-05 20:09:59,961 [INFO] login succeeded for unauthorized user via Password Spraying for 5 users over 30
==================== Overall Statistics ====================
total_attempts: 140
success_rate: 3.57%
avg_latency_ms: 30.1814
attempts_per_sec: 32.786885245901644