2026-01-05 20:02:38,202 [INFO] Program started - 526338897
2026-01-05 20:02:43,194 [INFO] -> LOGIN_ATTEMPT user=alex
2026-01-05 20:02:43,437 [INFO] [OK] LOGIN_SUCCESS user=alex
2026-01-05 20:02:43,438 [INFO] -> LOGIN_ATTEMPT user=sam
2026-01-05 20:02:43,610 [WARNING] [FAIL] LOGIN_FAIL user=sam due to bad_password
2026-01-05 20:02:43,610 [INFO] -> LOGIN_ATTEMPT user=charlie
2026-01-05 20:02:43,786 [WARNING] [FAIL] LOGIN_FAIL user=charlie due to bad_password
2026-01-05 20:02:43,787 [INFO] -> LOGIN_ATTEMPT user=jordan
2026-01-05 20:02:43,952 [WARNING] [FAIL] LOGIN_FAIL user=jordan due to bad_password
2026-01-05 20:02:43,952 [INFO] -> LOGIN_ATTEMPT user=taylor
2026-01-05 20:02:44,114 [WARNING] [FAIL] LOGIN_FAIL user=taylor due to bad_password
2026-01-05 20:02:44,114 [INFO] -> LOGIN_ATTEMPT user=morgan
2026-01-05 20:02:44,277 [WARNING] [FAIL] LOGIN_FAIL user=morgan due to bad_password
2026-01-05 20:02:44,277 [INFO] -> LOGIN_ATTEMPT user=chris
2026-01-05 20:02:44,440 [WARNING] [FAIL] LOGIN_FAIL user=chris due to bad_password
2026-01-05 20:02:44,440 [INFO] -> LOGIN_ATTEMPT user=jamie
2026-01-05 20:02:44,602 [WARNING] [FAIL] LOGIN_FAIL user=jamie due to bad_password
2026-01-05 20:02:44,603 [INFO] -> LOGIN_ATTEMPT user=pat
2026-01-05 20:02:44,766 [WARNING] [FAIL] LOGIN_FAIL user=pat due to bad_password
2026-01-05 20:02:44,766 [INFO] -> LOGIN_ATTEMPT user=robin
2026-01-05 20:02:44,928 [WARNING] [FAIL] LOGIN_FAIL user=robin due to bad_password
2026-01-05 20:02:44,928 [INFO] -> LOGIN_ATTEMPT user=casey
2026-01-05 20:02:45,092 [WARNING] [FAIL] LOGIN_FAIL user=casey due to bad_password
2026-01-05 20:02:45,092 [INFO] -> LOGIN_ATTEMPT user=jules
2026-01-05 20:02:45,255 [WARNING] [FAIL] LOGIN_FAIL user=jules due to bad_password
2026-01-05 20:02:45,255 [INFO] -> LOGIN_ATTEMPT user=max
2026-01-05 20:02:45,418 [WARNING] [FAIL] LOGIN_FAIL user=max due to bad_password
2026-01-05 20:02:45,418 [INFO] -> LOGIN_ATTEMPT user=ava
2026-01-05 20:02:45,581 [WARNING] [FAIL] LOGIN_FAIL user=ava due to bad_password
2026-01-05 20:02:45,581 [INFO] -> LOGIN_ATTEMPT user=lily
2026-01-05 20:02:45,745 [WARNING] [FAIL] LOGIN_FAIL user=lily due to bad_password
2026-01-05 20:02:45,745 [INFO] -> LOGIN_ATTEMPT user=leo
2026-01-05 20:02:45,907 [WARNING] [FAIL] LOGIN_FAIL user=leo due to bad_password
2026-01-05 20:02:45,908 [INFO] -> LOGIN_ATTEMPT user=sophie
2026-01-05 20:02:46,070 [WARNING] [FAIL] LOGIN_FAIL user=sophie due to bad_password
2026-01-05 20:02:46,071 [INFO] -> LOGIN_ATTEMPT user=mia
2026-01-05 20:02:46,233 [WARNING] [FAIL] LOGIN_FAIL user=mia due to bad_password
2026-01-05 20:02:46,233 [INFO] -> LOGIN_ATTEMPT user=ethan
2026-01-05 20:02:46,415 [WARNING] [FAIL] LOGIN_FAIL user=ethan due to bad_password
2026-01-05 20:02:46,415 [INFO] -> LOGIN_ATTEMPT user=oliver
2026-01-05 20:02:46,580 [WARNING] [FAIL] LOGIN_FAIL user=oliver due to bad_password
2026-01-05 20:02:46,580 [INFO] -> LOGIN_ATTEMPT user=nina
2026-01-05 20:02:46,744 [WARNING] [FAIL] LOGIN_FAIL user=nina due to bad_password
2026-01-05 20:02:46,744 [INFO] -> LOGIN_ATTEMPT user=daniel
2026-01-05 20:02:46,906 [WARNING] [FAIL] LOGIN_FAIL user=daniel due to bad_password
2026-01-05 20:02:46,907 [INFO] -> LOGIN_ATTEMPT user=user123
2026-01-05 20:02:47,070 [WARNING] [FAIL] LOGIN_FAIL user=user123 due to bad_password
2026-01-05 20:02:47,070 [INFO] -> LOGIN_ATTEMPT user=sunnyday
2026-01-05 20:02:47,233 [WARNING] [FAIL] LOGIN_FAIL user=sunnyday due to bad_password
2026-01-05 20:02:47,233 [INFO] -> LOGIN_ATTEMPT user=gamer01
2026-01-05 20:02:47,397 [WARNING] [FAIL] LOGIN_FAIL user=gamer01 due to bad_password
2026-01-05 20:02:47,397 [INFO] -> LOGIN_ATTEMPT user=starrynight
2026-01-05 20:02:47,560 [WARNING] [FAIL] LOGIN_FAIL user=starrynight due to bad_password
2026-01-05 20:02:47,560 [INFO] -> LOGIN_ATTEMPT user=midnightwolf
2026-01-05 20:02:47,722 [WARNING] [FAIL] LOGIN_FAIL user=midnightwolf due to bad_password
2026-01-05 20:02:47,722 [INFO] -> LOGIN_ATTEMPT user=coffee_addict
2026-01-05 20:02:47,886 [WARNING] [FAIL] LOGIN_FAIL user=coffee_addict due to bad_password
2026-01-05 20:02:47,886 [INFO] -> LOGIN_ATTEMPT user=bluebird
2026-01-05 20:02:48,051 [WARNING] [FAIL] LOGIN_FAIL user=bluebird due to bad_password
2026-01-05 20:02:48,051 [INFO] -> LOGIN_ATTEMPT user=explorer
2026-01-05 20:02:48,215 [WARNING] [FAIL] LOGIN_FAIL user=explorer due to bad_password
2026-01-05 20:02:48,215 [INFO] -> LOGIN_ATTEMPT user=sam
2026-01-05 20:02:48,378 [WARNING] [FAIL] LOGIN_FAIL user=sam due to bad_password
2026-01-05 20:02:48,379 [INFO] -> LOGIN_ATTEMPT user=charlie
2026-01-05 20:02:48,542 [WARNING] [FAIL] LOGIN_FAIL user=charlie due to bad_password
2026-01-05 20:02:48,542 [INFO] -> LOGIN_ATTEMPT user=jordan
2026-01-05 20:02:48,705 [WARNING] [FAIL] LOGIN_FAIL user=jordan due to bad_password
2026-01-05 20:02:48,705 [INFO] -> LOGIN_ATTEMPT user=taylor
2026-01-05 20:02:48,868 [WARNING] [FAIL] LOGIN_FAIL user=taylor due to bad_password
2026-01-05 20:02:48,868 [INFO] -> LOGIN_ATTEMPT user=morgan
2026-01-05 20:02:49,032 [INFO] [OK] LOGIN_SUCCESS user=morgan
2026-01-05 20:02:49,032 [INFO] -> LOGIN_ATTEMPT user=chris
2026-01-05 20:02:49,195 [WARNING] [FAIL] LOGIN_FAIL user=chris due to bad_password
2026-01-05 20:02:49,195 [INFO] -> LOGIN_ATTEMPT user=jamie
2026-01-05 20:02:49,358 [WARNING] [FAIL] LOGIN_FAIL user=jamie due to bad_password
2026-01-05 20:02:49,358 [INFO] -> LOGIN_ATTEMPT user=pat
2026-01-05 20:02:49,521 [WARNING] [FAIL] LOGIN_FAIL user=pat due to bad_password
2026-01-05 20:02:49,521 [INFO] -> LOGIN_ATTEMPT user=robin
2026-01-05 20:02:49,686 [WARNING] [FAIL] LOGIN_FAIL user=robin due to bad_password
2026-01-05 20:02:49,686 [INFO] -> LOGIN_ATTEMPT user=casey
2026-01-05 20:02:49,849 [WARNING] [FAIL] LOGIN_FAIL user=casey due to bad_password
2026-01-05 20:02:49,855 [INFO] -> LOGIN_ATTEMPT user=jules
2026-01-05 20:02:50,018 [WARNING] [FAIL] LOGIN_FAIL user=jules due to bad_password
2026-01-05 20:02:50,018 [INFO] -> LOGIN_ATTEMPT user=max
2026-01-05 20:02:50,181 [WARNING] [FAIL] LOGIN_FAIL user=max due to bad_password
2026-01-05 20:02:50,182 [INFO] -> LOGIN_ATTEMPT user=ava
2026-01-05 20:02:50,345 [WARNING] [FAIL] LOGIN_FAIL user=ava due to bad_password
2026-01-05 20:02:50,345 [INFO] -> LOGIN_ATTEMPT user=lily
2026-01-05 20:02:50,507 [WARNING] [FAIL] LOGIN_FAIL user=lily due to bad_password
2026-01-05 20:02:50,507 [INFO] -> LOGIN_ATTEMPT user=leo
2026-01-05 20:02:50,671 [WARNING] [FAIL] LOGIN_FAIL user=leo due to bad_password
2026-01-05 20:02:50,671 [INFO] -> LOGIN_ATTEMPT user=sophie
2026-01-05 20:02:50,835 [WARNING] [FAIL] LOGIN_FAIL user=sophie due to bad_password
2026-01-05 20:02:50,835 [INFO] -> LOGIN_ATTEMPT user=mia
2026-01-05 20:02:51,000 [WARNING] [FAIL] LOGIN_FAIL user=mia due to bad_password
2026-01-05 20:02:51,000 [INFO] -> LOGIN_ATTEMPT user=ethan
2026-01-05 20:02:51,164 [WARNING] [FAIL] LOGIN_FAIL user=ethan due to bad_password
2026-01-05 20:02:51,165 [INFO] -> LOGIN_ATTEMPT user=oliver
2026-01-05 20:02:51,326 [WARNING] [FAIL] LOGIN_FAIL user=oliver due to bad_password
2026-01-05 20:02:51,327 [INFO] -> LOGIN_ATTEMPT user=nina
2026-01-05 20:02:51,490 [WARNING] [FAIL] LOGIN_FAIL user=nina due to bad_password
2026-01-05 20:02:51,491 [INFO] -> LOGIN_ATTEMPT user=daniel
2026-01-05 20:02:51,654 [WARNING] [FAIL] LOGIN_FAIL user=daniel due to bad_password
2026-01-05 20:02:51,654 [INFO] -> LOGIN_ATTEMPT user=user123
2026-01-05 20:02:51,816 [WARNING] [FAIL] LOGIN_FAIL user=user123 due to bad_password
2026-01-05 20:02:51,816 [INFO] -> LOGIN_ATTEMPT user=sunnyday
2026-01-05 20:02:51,979 [WARNING] [FAIL] LOGIN_FAIL user=sunnyday due to bad_password
2026-01-05 20:02:51,979 [INFO] -> LOGIN_ATTEMPT user=gamer01
2026-01-05 20:02:52,142 [WARNING] [FAIL] LOGIN_FAIL user=gamer01 due to bad_password
2026-01-05 20:02:52,143 [INFO] -> LOGIN_ATTEMPT user=starrynight
2026-01-05 20:02:52,306 [WARNING] [FAIL] LOGIN_FAIL user=starrynight due to bad_password
2026-01-05 20:02:52,306 [INFO] -> LOGIN_ATTEMPT user=midnightwolf
2026-01-05 20:02:52,468 [WARNING] [FAIL] LOGIN_FAIL user=midnightwolf due to bad_password
2026-01-05 20:02:52,468 [INFO] -> LOGIN_ATTEMPT user=coffee_addict
2026-01-05 20:02:52,638 [WARNING] [FAIL] LOGIN_FAIL user=coffee_addict due to bad_password
2026-01-05 20:02:52,638 [INFO] -> LOGIN_ATTEMPT user=bluebird
2026-01-05 20:02:52,806 [WARNING] [FAIL] LOGIN_FAIL user=bluebird due to bad_password
2026-01-05 20:02:52,806 [INFO] -> LOGIN_ATTEMPT user=explorer
2026-01-05 20:02:52,975 [WARNING] [FAIL] LOGIN_FAIL user=explorer due to bad_password
2026-01-05 20:02:52,975 [INFO] -> LOGIN_ATTEMPT user=sam
2026-01-05 20:02:53,145 [WARNING] [FAIL] LOGIN_FAIL user=sam due to bad_password
2026-01-05 20:02:53,146 [INFO] -> LOGIN_ATTEMPT user=charlie
2026-01-05 20:02:53,315 [WARNING] [FAIL] LOGIN_FAIL user=charlie due to bad_password
2026-01-05 20:02:53,316 [INFO] -> LOGIN_ATTEMPT user=jordan
2026-01-05 20:02:53,484 [WARNING] [FAIL] LOGIN_FAIL user=jordan due to bad_password
2026-01-05 20:02:53,484 [INFO] -> LOGIN_ATTEMPT user=taylor
2026-01-05 20:02:53,653 [WARNING] [FAIL] LOGIN_FAIL user=taylor due to bad_password
2026-01-05 20:02:53,655 [INFO] -> LOGIN_ATTEMPT user=chris
2026-01-05 20:02:53,822 [WARNING] [FAIL] LOGIN_FAIL user=chris due to bad_password
2026-01-05 20:02:53,822 [INFO] -> LOGIN_ATTEMPT user=jamie
2026-01-05 20:02:53,985 [INFO] [OK] LOGIN_SUCCESS user=jamie
2026-01-05 20:02:53,985 [INFO] -> LOGIN_ATTEMPT user=pat
2026-01-05 20:02:54,149 [WARNING] [FAIL] LOGIN_FAIL user=pat due to bad_password
2026-01-05 20:02:54,150 [INFO] -> LOGIN_ATTEMPT user=robin
2026-01-05 20:02:54,313 [WARNING] [FAIL] LOGIN_FAIL user=robin due to bad_password
2026-01-05 20:02:54,313 [INFO] -> LOGIN_ATTEMPT user=casey
2026-01-05 20:02:54,476 [WARNING] [FAIL] LOGIN_FAIL user=casey due to bad_password
2026-01-05 20:02:54,476 [INFO] -> LOGIN_ATTEMPT user=jules
2026-01-05 20:02:54,643 [WARNING] [FAIL] LOGIN_FAIL user=jules due to bad_password
2026-01-05 20:02:54,643 [INFO] -> LOGIN_ATTEMPT user=max
2026-01-05 20:02:54,813 [WARNING] [FAIL] LOGIN_FAIL user=max due to bad_password
2026-01-05 20:02:54,813 [INFO] -> LOGIN_ATTEMPT user=ava
2026-01-05 20:02:54,982 [WARNING] [FAIL] LOGIN_FAIL user=ava due to bad_password
2026-01-05 20:02:54,982 [INFO] -> LOGIN_ATTEMPT user=lily
2026-01-05 20:02:55,151 [WARNING] [FAIL] LOGIN_FAIL user=lily due to bad_password
2026-01-05 20:02:55,151 [INFO] -> LOGIN_ATTEMPT user=leo
2026-01-05 20:02:55,324 [WARNING] [FAIL] LOGIN_FAIL user=leo due to bad_password
2026-01-05 20:02:55,324 [INFO] -> LOGIN_ATTEMPT user=sophie
2026-01-05 20:02:55,490 [WARNING] [FAIL] LOGIN_FAIL user=sophie due to bad_password
2026-01-05 20:02:55,490 [INFO] -> LOGIN_ATTEMPT user=mia
2026-01-05 20:02:55,660 [WARNING] [FAIL] LOGIN_FAIL user=mia due to bad_password
2026-01-05 20:02:55,660 [INFO] -> LOGIN_ATTEMPT user=ethan
2026-01-05 20:02:55,840 [WARNING] [FAIL] LOGIN_FAIL user=ethan due to bad_password
2026-01-05 20:02:55,841 [INFO] -> LOGIN_ATTEMPT user=oliver
2026-01-05 20:02:56,005 [WARNING] [FAIL] LOGIN_FAIL user=oliver due to bad_password
2026-01-05 20:02:56,005 [INFO] -> LOGIN_ATTEMPT user=nina
2026-01-05 20:02:56,168 [WARNING] [FAIL] LOGIN_FAIL user=nina due to bad_password
2026-01-05 20:02:56,168 [INFO] -> LOGIN_ATTEMPT user=daniel
2026-01-05 20:02:56,330 [WARNING] [FAIL] LOGIN_FAIL user=daniel due to bad_password
2026-01-05 20:02:56,330 [INFO] -> LOGIN_ATTEMPT user=user123
2026-01-05 20:02:56,494 [WARNING] [FAIL] LOGIN_FAIL user=user123 due to bad_password
2026-01-05 20:02:56,494 [INFO] -> LOGIN_ATTEMPT user=sunnyday
2026-01-05 20:02:56,657 [WARNING] [FAIL] LOGIN_FAIL user=sunnyday due to bad_password
2026-01-05 20:02:56,672 [INFO] -> LOGIN_ATTEMPT user=gamer01
2026-01-05 20:02:56,833 [WARNING] [FAIL] LOGIN_FAIL user=gamer01 due to bad_password
2026-01-05 20:02:56,833 [INFO] -> LOGIN_ATTEMPT user=starrynight
2026-01-05 20:02:56,997 [WARNING] [FAIL] LOGIN_FAIL user=starrynight due to bad_password
2026-01-05 20:02:56,997 [INFO] -> LOGIN_ATTEMPT user=midnightwolf
2026-01-05 20:02:57,160 [WARNING] [FAIL] LOGIN_FAIL user=midnightwolf due to bad_password
2026-01-05 20:02:57,160 [INFO] -> LOGIN_ATTEMPT user=coffee_addict
2026-01-05 20:02:57,323 [WARNING] [FAIL] LOGIN_FAIL user=coffee_addict due to bad_password
2026-01-05 20:02:57,323 [INFO] -> LOGIN_ATTEMPT user=bluebird
2026-01-05 20:02:57,488 [WARNING] [FAIL] LOGIN_FAIL user=bluebird due to bad_password
2026-01-05 20:02:57,488 [INFO] -> LOGIN_ATTEMPT user=explorer
2026-01-05 20:02:57,653 [WARNING] [FAIL] LOGIN_FAIL user=explorer due to bad_password
2026-01-05 20:02:57,653 [INFO] -> LOGIN_ATTEMPT user=sam
2026-01-05 20:02:57,818 [WARNING] [FAIL] LOGIN_FAIL user=sam due to bad_password
2026-01-05 20:02:57,819 [INFO] -> LOGIN_ATTEMPT user=charlie
2026-01-05 20:02:57,982 [WARNING] [FAIL] LOGIN_FAIL user=charlie due to bad_password
2026-01-05 20:02:57,983 [INFO] -> LOGIN_ATTEMPT user=jordan
2026-01-05 20:02:58,146 [WARNING] [FAIL] LOGIN_FAIL user=jordan due to bad_password
2026-01-05 20:02:58,146 [INFO] -> LOGIN_ATTEMPT user=taylor
2026-01-05 20:02:58,309 [INFO] [OK] LOGIN_SUCCESS user=taylor
2026-01-05 20:02:58,309 [INFO] -> LOGIN_ATTEMPT user=chris
2026-01-05 20:02:58,473 [WARNING] [FAIL] LOGIN_FAIL user=chris due to bad_password
2026-01-05 20:02:58,473 [INFO] -> LOGIN_ATTEMPT user=pat
2026-01-05 20:02:58,636 [WARNING] [FAIL] LOGIN_FAIL user=pat due to bad_password
2026-01-05 20:02:58,636 [INFO] -> LOGIN_ATTEMPT user=robin
2026-01-05 20:02:58,800 [WARNING] [FAIL] LOGIN_FAIL user=robin due to bad_password
2026-01-05 20:02:58,800 [INFO] -> LOGIN_ATTEMPT user=casey
2026-01-05 20:02:58,964 [WARNING] [FAIL] LOGIN_FAIL user=casey due to bad_password
2026-01-05 20:02:58,964 [INFO] -> LOGIN_ATTEMPT user=jules
2026-01-05 20:02:59,126 [WARNING] [FAIL] LOGIN_FAIL user=jules due to bad_password
2026-01-05 20:02:59,126 [INFO] -> LOGIN_ATTEMPT user=max
2026-01-05 20:02:59,292 [WARNING] [FAIL] LOGIN_FAIL user=max due to bad_password
2026-01-05 20:02:59,292 [INFO] -> LOGIN_ATTEMPT user=ava
2026-01-05 20:02:59,455 [WARNING] [FAIL] LOGIN_FAIL user=ava due to bad_password
2026-01-05 20:02:59,456 [INFO] -> LOGIN_ATTEMPT user=lily
2026-01-05 20:02:59,620 [WARNING] [FAIL] LOGIN_FAIL user=lily due to bad_password
2026-01-05 20:02:59,620 [INFO] -> LOGIN_ATTEMPT user=leo
2026-01-05 20:02:59,783 [WARNING] [FAIL] LOGIN_FAIL user=leo due to bad_password
2026-01-05 20:02:59,783 [INFO] -> LOGIN_ATTEMPT user=sophie
2026-01-05 20:02:59,948 [WARNING] [FAIL] LOGIN_FAIL user=sophie due to bad_password
2026-01-05 20:02:59,948 [INFO] -> LOGIN_ATTEMPT user=mia
2026-01-05 20:03:00,110 [WARNING] [FAIL] LOGIN_FAIL user=mia due to bad_password
2026-01-05 20:03:00,110 [INFO] -> LOGIN_ATTEMPT user=ethan
2026-01-05 20:03:00,274 [WARNING] [FAIL] LOGIN_FAIL user=ethan due to bad_password
2026-01-05 20:03:00,274 [INFO] -> LOGIN_ATTEMPT user=oliver
2026-01-05 20:03:00,438 [WARNING] [FAIL] LOGIN_FAIL user=oliver due to bad_password
2026-01-05 20:03:00,438 [INFO] -> LOGIN_ATTEMPT user=nina
2026-01-05 20:03:00,600 [WARNING] [FAIL] LOGIN_FAIL user=nina due to bad_password
2026-01-05 20:03:00,600 [INFO] -> LOGIN_ATTEMPT user=daniel
2026-01-05 20:03:00,764 [WARNING] [FAIL] LOGIN_FAIL user=daniel due to bad_password
2026-01-05 20:03:00,765 [INFO] -> LOGIN_ATTEMPT user=user123
2026-01-05 20:03:00,928 [WARNING] [FAIL] LOGIN_FAIL user=user123 due to bad_password
2026-01-05 20:03:00,928 [INFO] -> LOGIN_ATTEMPT user=sunnyday
2026-01-05 20:03:01,091 [WARNING] [FAIL] LOGIN_FAIL user=sunnyday due to bad_password
2026-01-05 20:03:01,091 [INFO] -> LOGIN_ATTEMPT user=gamer01
2026-01-05 20:03:01,254 [WARNING] [FAIL] LOGIN_FAIL user=gamer01 due to bad_password
2026-01-05 20:03:01,254 [INFO] -> LOGIN_ATTEMPT user=starrynight
2026-01-05 20:03:01,416 [WARNING] [FAIL] LOGIN_FAIL user=starrynight due to bad_password
2026-01-05 20:03:01,416 [INFO] -> LOGIN_ATTEMPT user=midnightwolf
2026-01-05 20:03:01,580 [WARNING] [FAIL] LOGIN_FAIL user=midnightwolf due to bad_password
2026-01-05 20:03:01,580 [INFO] -> LOGIN_ATTEMPT user=coffee_addict
2026-01-05 20:03:01,742 [WARNING] [FAIL] LOGIN_FAIL user=coffee_addict due to bad_password
2026-01-05 20:03:01,743 [INFO] -> LOGIN_ATTEMPT user=bluebird
2026-01-05 20:03:01,906 [WARNING] [FAIL] LOGIN_FAIL user=bluebird due to bad_password
2026-01-05 20:03:01,906 [INFO] -> LOGIN_ATTEMPT user=explorer
2026-01-05 20:03:02,069 [WARNING] [FAIL] LOGIN_FAIL user=explorer due to bad_password
2026-01-05 20:03:02,069 [INFO] -> LOGIN_ATTEMPT user=sam
2026-01-05 20:03:02,232 [INFO] [OK] LOGIN_SUCCESS user=sam
2026-01-05 20:03:02,232 [INFO] -> LOGIN_ATTEMPT user=charlie
2026-01-05 20:03:02,395 [WARNING] [FAIL] LOGIN_FAIL user=charlie due to bad_password
2026-01-05 20:03:02,395 [INFO] -> LOGIN_ATTEMPT user=jordan
2026-01-05 20:03:02,557 [WARNING] [FAIL] LOGIN_FAIL user=jordan due to bad_password
2026-01-05 20:03:02,557 [INFO] -> LOGIN_ATTEMPT user=chris
2026-01-05 20:03:02,720 [WARNING] [FAIL] LOGIN_FAIL user=chris due to bad_password
2026-01-05 20:03:02,720 [INFO] -> LOGIN_ATTEMPT user=pat
2026-01-05 20:03:02,883 [WARNING] [FAIL] LOGIN_FAIL user=pat due to bad_password
2026-01-05 20:03:02,883 [INFO] -> LOGIN_ATTEMPT user=robin
2026-01-05 20:03:03,047 [WARNING] [FAIL] LOGIN_FAIL user=robin due to bad_password
2026-01-05 20:03:03,047 [INFO] -> LOGIN_ATTEMPT user=casey
2026-01-05 20:03:03,213 [WARNING] [FAIL] LOGIN_FAIL user=casey due to bad_password
2026-01-05 20:03:03,213 [INFO] -> LOGIN_ATTEMPT user=jules
2026-01-05 20:03:03,376 [WARNING] [FAIL] LOGIN_FAIL user=jules due to bad_password
2026-01-05 20:03:03,376 [INFO] -> LOGIN_ATTEMPT user=max
2026-01-05 20:03:03,538 [WARNING] [FAIL] LOGIN_FAIL user=max due to bad_password
2026-01-05 20:03:03,538 [INFO] -> LOGIN_ATTEMPT user=ava
2026-01-05 20:03:03,717 [WARNING] [FAIL] LOGIN_FAIL user=ava due to bad_password
2026-01-05 20:03:03,718 [INFO] -> LOGIN_ATTEMPT user=lily
2026-01-05 20:03:03,883 [WARNING] [FAIL] LOGIN_FAIL user=lily due to bad_password
2026-01-05 20:03:03,883 [INFO] -> LOGIN_ATTEMPT user=leo
2026-01-05 20:03:04,046 [WARNING] [FAIL] LOGIN_FAIL user=leo due to bad_password
2026-01-05 20:03:04,046 [INFO] -> LOGIN_ATTEMPT user=sophie
2026-01-05 20:03:04,209 [WARNING] [FAIL] LOGIN_FAIL user=sophie due to bad_password
2026-01-05 20:03:04,209 [INFO] -> LOGIN_ATTEMPT user=mia
2026-01-05 20:03:04,372 [WARNING] [FAIL] LOGIN_FAIL user=mia due to bad_password
2026-01-05 20:03:04,372 [INFO] -> LOGIN_ATTEMPT user=ethan
2026-01-05 20:03:04,535 [WARNING] [FAIL] LOGIN_FAIL user=ethan due to bad_password
2026-01-05 20:03:04,535 [INFO] -> LOGIN_ATTEMPT user=oliver
2026-01-05 20:03:04,698 [WARNING] [FAIL] LOGIN_FAIL user=oliver due to bad_password
2026-01-05 20:03:04,698 [INFO] -> LOGIN_ATTEMPT user=nina
2026-01-05 20:03:04,861 [WARNING] [FAIL] LOGIN_FAIL user=nina due to bad_password
2026-01-05 20:03:04,861 [INFO] -> LOGIN_ATTEMPT user=daniel
2026-01-05 20:03:05,024 [WARNING] [FAIL] LOGIN_FAIL user=daniel due to bad_password
2026-01-05 20:03:05,024 [INFO] -> LOGIN_ATTEMPT user=user123
2026-01-05 20:03:05,187 [WARNING] [FAIL] LOGIN_FAIL user=user123 due to bad_password
2026-01-05 20:03:05,187 [INFO] -> LOGIN_ATTEMPT user=sunnyday
2026-01-05 20:03:05,350 [WARNING] [FAIL] LOGIN_FAIL user=sunnyday due to bad_password
2026-01-05 20:03:05,350 [INFO] -> LOGIN_ATTEMPT user=gamer01
2026-01-05 20:03:05,513 [WARNING] [FAIL] LOGIN_FAIL user=gamer01 due to bad_password
2026-01-05 20:03:05,513 [INFO] -> LOGIN_ATTEMPT user=starrynight
2026-01-05 20:03:05,675 [WARNING] [FAIL] LOGIN_FAIL user=starrynight due to bad_password
2026-01-05 20:03:05,675 [INFO] -> LOGIN_ATTEMPT user=midnightwolf
2026-01-05 20:03:05,838 [WARNING] [FAIL] LOGIN_FAIL user=midnightwolf due to bad_password
2026-01-05 20:03:05,838 [INFO] -> LOGIN_ATTEMPT user=coffee_addict
2026-01-05 20:03:06,002 [WARNING] [FAIL] LOGIN_FAIL user=coffee_addict due to bad_password
2026-01-05 20:03:06,002 [INFO] -> LOGIN_ATTEMPT user=bluebird
2026-01-05 20:03:06,165 [WARNING] [FAIL] LOGIN_FAIL user=bluebird due to bad_password
2026-01-05 20:03:06,165 [INFO] -> LOGIN_ATTEMPT user=explorer
2026-01-05 20:03:06,330 [WARNING] [FAIL] LOGIN_FAIL user=explorer due to bad_password
2026-01-05 20:03:06,330 [INFO] login succeeded for unauthorized user via Password Spraying for 5 users over 30
==================== Overall Statistics ====================
total_attempts: 140
success_rate: 3.57%
avg_latency_ms: 164.8294
attempts_per_sec: 6.115406456121958