2026-01-05 20:07:38,454 [INFO] Program started - 526338897
2026-01-05 20:07:43,441 [INFO] -> LOGIN_ATTEMPT user=alex
2026-01-05 20:07:43,606 [INFO] [OK] LOGIN_SUCCESS user=alex
2026-01-05 20:07:43,606 [INFO] -> LOGIN_ATTEMPT user=sam
2026-01-05 20:07:43,770 [WARNING] [FAIL] LOGIN_FAIL user=sam due to bad_password
2026-01-05 20:07:43,770 [INFO] -> LOGIN_ATTEMPT user=charlie
2026-01-05 20:07:43,934 [WARNING] [FAIL] LOGIN_FAIL user=charlie due to bad_password
2026-01-05 20:07:43,934 [INFO] -> LOGIN_ATTEMPT user=jordan
2026-01-05 20:07:44,097 [WARNING] [FAIL] LOGIN_FAIL user=jordan due to bad_password
2026-01-05 20:07:44,097 [INFO] -> LOGIN_ATTEMPT user=taylor
2026-01-05 20:07:44,259 [WARNING] [FAIL] LOGIN_FAIL user=taylor due to bad_password
2026-01-05 20:07:44,261 [INFO] -> LOGIN_ATTEMPT user=morgan
2026-01-05 20:07:44,430 [WARNING] [FAIL] LOGIN_FAIL user=morgan due to bad_password
2026-01-05 20:07:44,430 [INFO] -> LOGIN_ATTEMPT user=chris
2026-01-05 20:07:44,595 [WARNING] [FAIL] LOGIN_FAIL user=chris due to bad_password
2026-01-05 20:07:44,595 [INFO] -> LOGIN_ATTEMPT user=jamie
2026-01-05 20:07:44,758 [WARNING] [FAIL] LOGIN_FAIL user=jamie due to bad_password
2026-01-05 20:07:44,758 [INFO] -> LOGIN_ATTEMPT user=pat
2026-01-05 20:07:44,921 [WARNING] [FAIL] LOGIN_FAIL user=pat due to bad_password
2026-01-05 20:07:44,921 [INFO] -> LOGIN_ATTEMPT user=robin
2026-01-05 20:07:45,084 [WARNING] [FAIL] LOGIN_FAIL user=robin due to bad_password
2026-01-05 20:07:45,084 [INFO] -> LOGIN_ATTEMPT user=casey
2026-01-05 20:07:45,248 [WARNING] [FAIL] LOGIN_FAIL user=casey due to bad_password
2026-01-05 20:07:45,248 [INFO] -> LOGIN_ATTEMPT user=jules
2026-01-05 20:07:45,411 [WARNING] [FAIL] LOGIN_FAIL user=jules due to bad_password
2026-01-05 20:07:45,411 [INFO] -> LOGIN_ATTEMPT user=max
2026-01-05 20:07:45,574 [WARNING] [FAIL] LOGIN_FAIL user=max due to bad_password
2026-01-05 20:07:45,575 [INFO] -> LOGIN_ATTEMPT user=ava
2026-01-05 20:07:45,739 [WARNING] [FAIL] LOGIN_FAIL user=ava due to bad_password
2026-01-05 20:07:45,739 [INFO] -> LOGIN_ATTEMPT user=lily
2026-01-05 20:07:45,905 [WARNING] [FAIL] LOGIN_FAIL user=lily due to bad_password
2026-01-05 20:07:45,905 [INFO] -> LOGIN_ATTEMPT user=leo
2026-01-05 20:07:46,067 [WARNING] [FAIL] LOGIN_FAIL user=leo due to bad_password
2026-01-05 20:07:46,067 [INFO] -> LOGIN_ATTEMPT user=sophie
2026-01-05 20:07:46,231 [WARNING] [FAIL] LOGIN_FAIL user=sophie due to bad_password
2026-01-05 20:07:46,231 [INFO] -> LOGIN_ATTEMPT user=mia
2026-01-05 20:07:46,394 [WARNING] [FAIL] LOGIN_FAIL user=mia due to bad_password
2026-01-05 20:07:46,394 [INFO] -> LOGIN_ATTEMPT user=ethan
2026-01-05 20:07:46,557 [WARNING] [FAIL] LOGIN_FAIL user=ethan due to bad_password
2026-01-05 20:07:46,557 [INFO] -> LOGIN_ATTEMPT user=oliver
2026-01-05 20:07:46,723 [WARNING] [FAIL] LOGIN_FAIL user=oliver due to bad_password
2026-01-05 20:07:46,723 [INFO] -> LOGIN_ATTEMPT user=nina
2026-01-05 20:07:46,889 [WARNING] [FAIL] LOGIN_FAIL user=nina due to bad_password
2026-01-05 20:07:46,890 [INFO] -> LOGIN_ATTEMPT user=daniel
2026-01-05 20:07:47,068 [WARNING] [FAIL] LOGIN_FAIL user=daniel due to bad_password
2026-01-05 20:07:47,075 [INFO] -> LOGIN_ATTEMPT user=user123
2026-01-05 20:07:47,258 [WARNING] [FAIL] LOGIN_FAIL user=user123 due to bad_password
2026-01-05 20:07:47,258 [INFO] -> LOGIN_ATTEMPT user=sunnyday
2026-01-05 20:07:47,424 [WARNING] [FAIL] LOGIN_FAIL user=sunnyday due to bad_password
2026-01-05 20:07:47,424 [INFO] -> LOGIN_ATTEMPT user=gamer01
2026-01-05 20:07:47,587 [WARNING] [FAIL] LOGIN_FAIL user=gamer01 due to bad_password
2026-01-05 20:07:47,589 [INFO] -> LOGIN_ATTEMPT user=starrynight
2026-01-05 20:07:47,756 [WARNING] [FAIL] LOGIN_FAIL user=starrynight due to bad_password
2026-01-05 20:07:47,756 [INFO] -> LOGIN_ATTEMPT user=midnightwolf
2026-01-05 20:07:47,921 [WARNING] [FAIL] LOGIN_FAIL user=midnightwolf due to bad_password
2026-01-05 20:07:47,921 [INFO] -> LOGIN_ATTEMPT user=coffee_addict
2026-01-05 20:07:48,085 [WARNING] [FAIL] LOGIN_FAIL user=coffee_addict due to bad_password
2026-01-05 20:07:48,085 [INFO] -> LOGIN_ATTEMPT user=bluebird
2026-01-05 20:07:48,249 [WARNING] [FAIL] LOGIN_FAIL user=bluebird due to bad_password
2026-01-05 20:07:48,249 [INFO] -> LOGIN_ATTEMPT user=explorer
2026-01-05 20:07:48,412 [WARNING] [FAIL] LOGIN_FAIL user=explorer due to bad_password
2026-01-05 20:07:48,412 [INFO] -> LOGIN_ATTEMPT user=sam
2026-01-05 20:07:48,576 [WARNING] [FAIL] LOGIN_FAIL user=sam due to bad_password
2026-01-05 20:07:48,576 [INFO] -> LOGIN_ATTEMPT user=charlie
2026-01-05 20:07:48,742 [WARNING] [FAIL] LOGIN_FAIL user=charlie due to bad_password
2026-01-05 20:07:48,742 [INFO] -> LOGIN_ATTEMPT user=jordan
2026-01-05 20:07:48,908 [WARNING] [FAIL] LOGIN_FAIL user=jordan due to bad_password
2026-01-05 20:07:48,908 [INFO] -> LOGIN_ATTEMPT user=taylor
2026-01-05 20:07:49,071 [WARNING] [FAIL] LOGIN_FAIL user=taylor due to bad_password
2026-01-05 20:07:49,072 [INFO] -> LOGIN_ATTEMPT user=morgan
2026-01-05 20:07:49,236 [INFO] [OK] LOGIN_SUCCESS user=morgan
2026-01-05 20:07:49,236 [INFO] -> LOGIN_ATTEMPT user=chris
2026-01-05 20:07:49,401 [WARNING] [FAIL] LOGIN_FAIL user=chris due to bad_password
2026-01-05 20:07:49,401 [INFO] -> LOGIN_ATTEMPT user=jamie
2026-01-05 20:07:49,563 [WARNING] [FAIL] LOGIN_FAIL user=jamie due to bad_password
2026-01-05 20:07:49,564 [INFO] -> LOGIN_ATTEMPT user=pat
2026-01-05 20:07:49,729 [WARNING] [FAIL] LOGIN_FAIL user=pat due to bad_password
2026-01-05 20:07:49,730 [INFO] -> LOGIN_ATTEMPT user=robin
2026-01-05 20:07:49,892 [WARNING] [FAIL] LOGIN_FAIL user=robin due to bad_password
2026-01-05 20:07:49,892 [INFO] -> LOGIN_ATTEMPT user=casey
2026-01-05 20:07:50,056 [WARNING] [FAIL] LOGIN_FAIL user=casey due to bad_password
2026-01-05 20:07:50,056 [INFO] -> LOGIN_ATTEMPT user=jules
2026-01-05 20:07:50,218 [WARNING] [FAIL] LOGIN_FAIL user=jules due to bad_password
2026-01-05 20:07:50,219 [INFO] -> LOGIN_ATTEMPT user=max
2026-01-05 20:07:50,382 [WARNING] [FAIL] LOGIN_FAIL user=max due to bad_password
2026-01-05 20:07:50,382 [INFO] -> LOGIN_ATTEMPT user=ava
2026-01-05 20:07:50,544 [WARNING] [FAIL] LOGIN_FAIL user=ava due to bad_password
2026-01-05 20:07:50,545 [INFO] -> LOGIN_ATTEMPT user=lily
2026-01-05 20:07:50,709 [WARNING] [FAIL] LOGIN_FAIL user=lily due to bad_password
2026-01-05 20:07:50,709 [INFO] -> LOGIN_ATTEMPT user=leo
2026-01-05 20:07:50,872 [WARNING] [FAIL] LOGIN_FAIL user=leo due to bad_password
2026-01-05 20:07:50,873 [INFO] -> LOGIN_ATTEMPT user=sophie
2026-01-05 20:07:51,044 [WARNING] [FAIL] LOGIN_FAIL user=sophie due to bad_password
2026-01-05 20:07:51,044 [INFO] -> LOGIN_ATTEMPT user=mia
2026-01-05 20:07:51,207 [WARNING] [FAIL] LOGIN_FAIL user=mia due to bad_password
2026-01-05 20:07:51,207 [INFO] -> LOGIN_ATTEMPT user=ethan
2026-01-05 20:07:51,372 [WARNING] [FAIL] LOGIN_FAIL user=ethan due to bad_password
2026-01-05 20:07:51,372 [INFO] -> LOGIN_ATTEMPT user=oliver
2026-01-05 20:07:51,535 [WARNING] [FAIL] LOGIN_FAIL user=oliver due to bad_password
2026-01-05 20:07:51,535 [INFO] -> LOGIN_ATTEMPT user=nina
2026-01-05 20:07:51,699 [WARNING] [FAIL] LOGIN_FAIL user=nina due to bad_password
2026-01-05 20:07:51,699 [INFO] -> LOGIN_ATTEMPT user=daniel
2026-01-05 20:07:51,862 [WARNING] [FAIL] LOGIN_FAIL user=daniel due to bad_password
2026-01-05 20:07:51,862 [INFO] -> LOGIN_ATTEMPT user=user123
2026-01-05 20:07:52,026 [WARNING] [FAIL] LOGIN_FAIL user=user123 due to bad_password
2026-01-05 20:07:52,026 [INFO] -> LOGIN_ATTEMPT user=sunnyday
2026-01-05 20:07:52,191 [WARNING] [FAIL] LOGIN_FAIL user=sunnyday due to bad_password
2026-01-05 20:07:52,192 [INFO] -> LOGIN_ATTEMPT user=gamer01
2026-01-05 20:07:52,359 [WARNING] [FAIL] LOGIN_FAIL user=gamer01 due to bad_password
2026-01-05 20:07:52,359 [INFO] -> LOGIN_ATTEMPT user=starrynight
2026-01-05 20:07:52,524 [WARNING] [FAIL] LOGIN_FAIL user=starrynight due to bad_password
2026-01-05 20:07:52,535 [INFO] -> LOGIN_ATTEMPT user=midnightwolf
2026-01-05 20:07:52,702 [WARNING] [FAIL] LOGIN_FAIL user=midnightwolf due to bad_password
2026-01-05 20:07:52,702 [INFO] -> LOGIN_ATTEMPT user=coffee_addict
2026-01-05 20:07:52,871 [WARNING] [FAIL] LOGIN_FAIL user=coffee_addict due to bad_password
2026-01-05 20:07:52,871 [INFO] -> LOGIN_ATTEMPT user=bluebird
2026-01-05 20:07:53,039 [WARNING] [FAIL] LOGIN_FAIL user=bluebird due to bad_password
2026-01-05 20:07:53,039 [INFO] -> LOGIN_ATTEMPT user=explorer
2026-01-05 20:07:53,211 [WARNING] [FAIL] LOGIN_FAIL user=explorer due to bad_password
2026-01-05 20:07:53,212 [INFO] -> LOGIN_ATTEMPT user=sam
2026-01-05 20:07:53,379 [WARNING] [FAIL] LOGIN_FAIL user=sam due to bad_password
2026-01-05 20:07:53,380 [INFO] -> LOGIN_ATTEMPT user=charlie
2026-01-05 20:07:53,549 [WARNING] [FAIL] LOGIN_FAIL user=charlie due to bad_password
2026-01-05 20:07:53,549 [INFO] -> LOGIN_ATTEMPT user=jordan
2026-01-05 20:07:53,713 [WARNING] [FAIL] LOGIN_FAIL user=jordan due to bad_password
2026-01-05 20:07:53,713 [INFO] -> LOGIN_ATTEMPT user=taylor
2026-01-05 20:07:53,877 [WARNING] [FAIL] LOGIN_FAIL user=taylor due to bad_password
2026-01-05 20:07:53,877 [INFO] -> LOGIN_ATTEMPT user=chris
2026-01-05 20:07:54,039 [WARNING] [FAIL] LOGIN_FAIL user=chris due to bad_password
2026-01-05 20:07:54,039 [INFO] -> LOGIN_ATTEMPT user=jamie
2026-01-05 20:07:54,203 [INFO] [OK] LOGIN_SUCCESS user=jamie
2026-01-05 20:07:54,203 [INFO] -> LOGIN_ATTEMPT user=pat
2026-01-05 20:07:54,366 [WARNING] [FAIL] LOGIN_FAIL user=pat due to bad_password
2026-01-05 20:07:54,366 [INFO] -> LOGIN_ATTEMPT user=robin
2026-01-05 20:07:54,529 [WARNING] [FAIL] LOGIN_FAIL user=robin due to bad_password
2026-01-05 20:07:54,529 [INFO] -> LOGIN_ATTEMPT user=casey
2026-01-05 20:07:54,692 [WARNING] [FAIL] LOGIN_FAIL user=casey due to bad_password
2026-01-05 20:07:54,692 [INFO] -> LOGIN_ATTEMPT user=jules
2026-01-05 20:07:54,855 [WARNING] [FAIL] LOGIN_FAIL user=jules due to bad_password
2026-01-05 20:07:54,855 [INFO] -> LOGIN_ATTEMPT user=max
2026-01-05 20:07:55,018 [WARNING] [FAIL] LOGIN_FAIL user=max due to bad_password
2026-01-05 20:07:55,018 [INFO] -> LOGIN_ATTEMPT user=ava
2026-01-05 20:07:55,181 [WARNING] [FAIL] LOGIN_FAIL user=ava due to bad_password
2026-01-05 20:07:55,181 [INFO] -> LOGIN_ATTEMPT user=lily
2026-01-05 20:07:55,344 [WARNING] [FAIL] LOGIN_FAIL user=lily due to bad_password
2026-01-05 20:07:55,344 [INFO] -> LOGIN_ATTEMPT user=leo
2026-01-05 20:07:55,508 [WARNING] [FAIL] LOGIN_FAIL user=leo due to bad_password
2026-01-05 20:07:55,508 [INFO] -> LOGIN_ATTEMPT user=sophie
2026-01-05 20:07:55,671 [WARNING] [FAIL] LOGIN_FAIL user=sophie due to bad_password
2026-01-05 20:07:55,671 [INFO] -> LOGIN_ATTEMPT user=mia
2026-01-05 20:07:55,837 [WARNING] [FAIL] LOGIN_FAIL user=mia due to bad_password
2026-01-05 20:07:55,838 [INFO] -> LOGIN_ATTEMPT user=ethan
2026-01-05 20:07:56,004 [WARNING] [FAIL] LOGIN_FAIL user=ethan due to bad_password
2026-01-05 20:07:56,004 [INFO] -> LOGIN_ATTEMPT user=oliver
2026-01-05 20:07:56,170 [WARNING] [FAIL] LOGIN_FAIL user=oliver due to bad_password
2026-01-05 20:07:56,170 [INFO] -> LOGIN_ATTEMPT user=nina
2026-01-05 20:07:56,337 [WARNING] [FAIL] LOGIN_FAIL user=nina due to bad_password
2026-01-05 20:07:56,337 [INFO] -> LOGIN_ATTEMPT user=daniel
2026-01-05 20:07:56,502 [WARNING] [FAIL] LOGIN_FAIL user=daniel due to bad_password
2026-01-05 20:07:56,502 [INFO] -> LOGIN_ATTEMPT user=user123
2026-01-05 20:07:56,668 [WARNING] [FAIL] LOGIN_FAIL user=user123 due to bad_password
2026-01-05 20:07:56,669 [INFO] -> LOGIN_ATTEMPT user=sunnyday
2026-01-05 20:07:56,834 [WARNING] [FAIL] LOGIN_FAIL user=sunnyday due to bad_password
2026-01-05 20:07:56,834 [INFO] -> LOGIN_ATTEMPT user=gamer01
2026-01-05 20:07:56,997 [WARNING] [FAIL] LOGIN_FAIL user=gamer01 due to bad_password
2026-01-05 20:07:56,997 [INFO] -> LOGIN_ATTEMPT user=starrynight
2026-01-05 20:07:57,162 [WARNING] [FAIL] LOGIN_FAIL user=starrynight due to bad_password
2026-01-05 20:07:57,162 [INFO] -> LOGIN_ATTEMPT user=midnightwolf
2026-01-05 20:07:57,328 [WARNING] [FAIL] LOGIN_FAIL user=midnightwolf due to bad_password
2026-01-05 20:07:57,328 [INFO] -> LOGIN_ATTEMPT user=coffee_addict
2026-01-05 20:07:57,494 [WARNING] [FAIL] LOGIN_FAIL user=coffee_addict due to bad_password
2026-01-05 20:07:57,494 [INFO] -> LOGIN_ATTEMPT user=bluebird
2026-01-05 20:07:57,671 [WARNING] [FAIL] LOGIN_FAIL user=bluebird due to bad_password
2026-01-05 20:07:57,671 [INFO] -> LOGIN_ATTEMPT user=explorer
2026-01-05 20:07:57,835 [WARNING] [FAIL] LOGIN_FAIL user=explorer due to bad_password
2026-01-05 20:07:57,836 [INFO] -> LOGIN_ATTEMPT user=sam
2026-01-05 20:07:57,999 [WARNING] [FAIL] LOGIN_FAIL user=sam due to bad_password
2026-01-05 20:07:57,999 [INFO] -> LOGIN_ATTEMPT user=charlie
2026-01-05 20:07:58,167 [WARNING] [FAIL] LOGIN_FAIL user=charlie due to bad_password
2026-01-05 20:07:58,167 [INFO] -> LOGIN_ATTEMPT user=jordan
2026-01-05 20:07:58,331 [WARNING] [FAIL] LOGIN_FAIL user=jordan due to bad_password
2026-01-05 20:07:58,331 [INFO] -> LOGIN_ATTEMPT user=taylor
2026-01-05 20:07:58,494 [INFO] [OK] LOGIN_SUCCESS user=taylor
2026-01-05 20:07:58,494 [INFO] -> LOGIN_ATTEMPT user=chris
2026-01-05 20:07:58,658 [WARNING] [FAIL] LOGIN_FAIL user=chris due to bad_password
2026-01-05 20:07:58,658 [INFO] -> LOGIN_ATTEMPT user=pat
2026-01-05 20:07:58,823 [WARNING] [FAIL] LOGIN_FAIL user=pat due to bad_password
2026-01-05 20:07:58,823 [INFO] -> LOGIN_ATTEMPT user=robin
2026-01-05 20:07:58,987 [WARNING] [FAIL] LOGIN_FAIL user=robin due to bad_password
2026-01-05 20:07:58,987 [INFO] -> LOGIN_ATTEMPT user=casey
2026-01-05 20:07:59,150 [WARNING] [FAIL] LOGIN_FAIL user=casey due to bad_password
2026-01-05 20:07:59,151 [INFO] -> LOGIN_ATTEMPT user=jules
2026-01-05 20:07:59,314 [WARNING] [FAIL] LOGIN_FAIL user=jules due to bad_password
2026-01-05 20:07:59,341 [INFO] -> LOGIN_ATTEMPT user=max
2026-01-05 20:07:59,506 [WARNING] [FAIL] LOGIN_FAIL user=max due to bad_password
2026-01-05 20:07:59,506 [INFO] -> LOGIN_ATTEMPT user=ava
2026-01-05 20:07:59,671 [WARNING] [FAIL] LOGIN_FAIL user=ava due to bad_password
2026-01-05 20:07:59,672 [INFO] -> LOGIN_ATTEMPT user=lily
2026-01-05 20:07:59,837 [WARNING] [FAIL] LOGIN_FAIL user=lily due to bad_password
2026-01-05 20:07:59,837 [INFO] -> LOGIN_ATTEMPT user=leo
2026-01-05 20:08:00,057 [WARNING] [FAIL] LOGIN_FAIL user=leo due to bad_password
2026-01-05 20:08:00,057 [INFO] -> LOGIN_ATTEMPT user=sophie
2026-01-05 20:08:00,219 [WARNING] [FAIL] LOGIN_FAIL user=sophie due to bad_password
2026-01-05 20:08:00,219 [INFO] -> LOGIN_ATTEMPT user=mia
2026-01-05 20:08:00,382 [WARNING] [FAIL] LOGIN_FAIL user=mia due to bad_password
2026-01-05 20:08:00,382 [INFO] -> LOGIN_ATTEMPT user=ethan
2026-01-05 20:08:00,544 [WARNING] [FAIL] LOGIN_FAIL user=ethan due to bad_password
2026-01-05 20:08:00,545 [INFO] -> LOGIN_ATTEMPT user=oliver
2026-01-05 20:08:00,708 [WARNING] [FAIL] LOGIN_FAIL user=oliver due to bad_password
2026-01-05 20:08:00,709 [INFO] -> LOGIN_ATTEMPT user=nina
2026-01-05 20:08:00,873 [WARNING] [FAIL] LOGIN_FAIL user=nina due to bad_password
2026-01-05 20:08:00,873 [INFO] -> LOGIN_ATTEMPT user=daniel
2026-01-05 20:08:01,037 [WARNING] [FAIL] LOGIN_FAIL user=daniel due to bad_password
2026-01-05 20:08:01,037 [INFO] -> LOGIN_ATTEMPT user=user123
2026-01-05 20:08:01,200 [WARNING] [FAIL] LOGIN_FAIL user=user123 due to bad_password
2026-01-05 20:08:01,200 [INFO] -> LOGIN_ATTEMPT user=sunnyday
2026-01-05 20:08:01,371 [WARNING] [FAIL] LOGIN_FAIL user=sunnyday due to bad_password
2026-01-05 20:08:01,371 [INFO] -> LOGIN_ATTEMPT user=gamer01
2026-01-05 20:08:01,536 [WARNING] [FAIL] LOGIN_FAIL user=gamer01 due to bad_password
2026-01-05 20:08:01,536 [INFO] -> LOGIN_ATTEMPT user=starrynight
2026-01-05 20:08:01,699 [WARNING] [FAIL] LOGIN_FAIL user=starrynight due to bad_password
2026-01-05 20:08:01,700 [INFO] -> LOGIN_ATTEMPT user=midnightwolf
2026-01-05 20:08:01,865 [WARNING] [FAIL] LOGIN_FAIL user=midnightwolf due to bad_password
2026-01-05 20:08:01,865 [INFO] -> LOGIN_ATTEMPT user=coffee_addict
2026-01-05 20:08:02,029 [WARNING] [FAIL] LOGIN_FAIL user=coffee_addict due to bad_password
2026-01-05 20:08:02,030 [INFO] -> LOGIN_ATTEMPT user=bluebird
2026-01-05 20:08:02,193 [WARNING] [FAIL] LOGIN_FAIL user=bluebird due to bad_password
2026-01-05 20:08:02,204 [INFO] -> LOGIN_ATTEMPT user=explorer
2026-01-05 20:08:02,367 [WARNING] [FAIL] LOGIN_FAIL user=explorer due to bad_password
2026-01-05 20:08:02,367 [INFO] -> LOGIN_ATTEMPT user=sam
2026-01-05 20:08:02,532 [INFO] [OK] LOGIN_SUCCESS user=sam
2026-01-05 20:08:02,532 [INFO] -> LOGIN_ATTEMPT user=charlie
2026-01-05 20:08:02,695 [WARNING] [FAIL] LOGIN_FAIL user=charlie due to bad_password
2026-01-05 20:08:02,696 [INFO] -> LOGIN_ATTEMPT user=jordan
2026-01-05 20:08:02,860 [WARNING] [FAIL] LOGIN_FAIL user=jordan due to bad_password
2026-01-05 20:08:02,860 [INFO] -> LOGIN_ATTEMPT user=chris
2026-01-05 20:08:03,027 [WARNING] [FAIL] LOGIN_FAIL user=chris due to bad_password
2026-01-05 20:08:03,027 [INFO] -> LOGIN_ATTEMPT user=pat
2026-01-05 20:08:03,191 [WARNING] [FAIL] LOGIN_FAIL user=pat due to bad_password
2026-01-05 20:08:03,191 [INFO] -> LOGIN_ATTEMPT user=robin
2026-01-05 20:08:03,356 [WARNING] [FAIL] LOGIN_FAIL user=robin due to bad_password
2026-01-05 20:08:03,356 [INFO] -> LOGIN_ATTEMPT user=casey
2026-01-05 20:08:03,520 [WARNING] [FAIL] LOGIN_FAIL user=casey due to bad_password
2026-01-05 20:08:03,520 [INFO] -> LOGIN_ATTEMPT user=jules
2026-01-05 20:08:03,684 [WARNING] [FAIL] LOGIN_FAIL user=jules due to bad_password
2026-01-05 20:08:03,684 [INFO] -> LOGIN_ATTEMPT user=max
2026-01-05 20:08:03,847 [WARNING] [FAIL] LOGIN_FAIL user=max due to bad_password
2026-01-05 20:08:03,848 [INFO] -> LOGIN_ATTEMPT user=ava
2026-01-05 20:08:04,012 [WARNING] [FAIL] LOGIN_FAIL user=ava due to bad_password
2026-01-05 20:08:04,012 [INFO] -> LOGIN_ATTEMPT user=lily
2026-01-05 20:08:04,176 [WARNING] [FAIL] LOGIN_FAIL user=lily due to bad_password
2026-01-05 20:08:04,176 [INFO] -> LOGIN_ATTEMPT user=leo
2026-01-05 20:08:04,340 [WARNING] [FAIL] LOGIN_FAIL user=leo due to bad_password
2026-01-05 20:08:04,340 [INFO] -> LOGIN_ATTEMPT user=sophie
2026-01-05 20:08:04,505 [WARNING] [FAIL] LOGIN_FAIL user=sophie due to bad_password
2026-01-05 20:08:04,505 [INFO] -> LOGIN_ATTEMPT user=mia
2026-01-05 20:08:04,668 [WARNING] [FAIL] LOGIN_FAIL user=mia due to bad_password
2026-01-05 20:08:04,668 [INFO] -> LOGIN_ATTEMPT user=ethan
2026-01-05 20:08:04,831 [WARNING] [FAIL] LOGIN_FAIL user=ethan due to bad_password
2026-01-05 20:08:04,831 [INFO] -> LOGIN_ATTEMPT user=oliver
2026-01-05 20:08:04,994 [WARNING] [FAIL] LOGIN_FAIL user=oliver due to bad_password
2026-01-05 20:08:04,994 [INFO] -> LOGIN_ATTEMPT user=nina
2026-01-05 20:08:05,157 [WARNING] [FAIL] LOGIN_FAIL user=nina due to bad_password
2026-01-05 20:08:05,158 [INFO] -> LOGIN_ATTEMPT user=daniel
2026-01-05 20:08:05,320 [WARNING] [FAIL] LOGIN_FAIL user=daniel due to bad_password
2026-01-05 20:08:05,320 [INFO] -> LOGIN_ATTEMPT user=user123
2026-01-05 20:08:05,485 [WARNING] [FAIL] LOGIN_FAIL user=user123 due to bad_password
2026-01-05 20:08:05,485 [INFO] -> LOGIN_ATTEMPT user=sunnyday
2026-01-05 20:08:05,648 [WARNING] [FAIL] LOGIN_FAIL user=sunnyday due to bad_password
2026-01-05 20:08:05,648 [INFO] -> LOGIN_ATTEMPT user=gamer01
2026-01-05 20:08:05,812 [WARNING] [FAIL] LOGIN_FAIL user=gamer01 due to bad_password
2026-01-05 20:08:05,812 [INFO] -> LOGIN_ATTEMPT user=starrynight
2026-01-05 20:08:05,977 [WARNING] [FAIL] LOGIN_FAIL user=starrynight due to bad_password
2026-01-05 20:08:05,977 [INFO] -> LOGIN_ATTEMPT user=midnightwolf
2026-01-05 20:08:06,143 [WARNING] [FAIL] LOGIN_FAIL user=midnightwolf due to bad_password
2026-01-05 20:08:06,143 [INFO] -> LOGIN_ATTEMPT user=coffee_addict
2026-01-05 20:08:06,306 [WARNING] [FAIL] LOGIN_FAIL user=coffee_addict due to bad_password
2026-01-05 20:08:06,306 [INFO] -> LOGIN_ATTEMPT user=bluebird
2026-01-05 20:08:06,472 [WARNING] [FAIL] LOGIN_FAIL user=bluebird due to bad_password
2026-01-05 20:08:06,472 [INFO] -> LOGIN_ATTEMPT user=explorer
2026-01-05 20:08:06,635 [WARNING] [FAIL] LOGIN_FAIL user=explorer due to bad_password
2026-01-05 20:08:06,636 [INFO] login succeeded for unauthorized user via Password Spraying for 5 users over 30
==================== Overall Statistics ====================
total_attempts: 140
success_rate: 3.57%
avg_latency_ms: 164.9856
attempts_per_sec: 6.079291328325155