2026-01-05 19:27:27,266 [INFO] Program started - 526338897
2026-01-05 19:27:27,274 [INFO] -> LOGIN_ATTEMPT user=alex
2026-01-05 19:27:27,275 [INFO] [OK] LOGIN_SUCCESS user=alex
2026-01-05 19:27:27,275 [INFO] -> LOGIN_ATTEMPT user=sam
2026-01-05 19:27:27,275 [WARNING] [FAIL] LOGIN_FAIL user=sam due to bad_password
2026-01-05 19:27:27,275 [INFO] -> LOGIN_ATTEMPT user=charlie
2026-01-05 19:27:27,275 [WARNING] [FAIL] LOGIN_FAIL user=charlie due to bad_password
2026-01-05 19:27:27,275 [INFO] -> LOGIN_ATTEMPT user=jordan
2026-01-05 19:27:27,276 [WARNING] [FAIL] LOGIN_FAIL user=jordan due to bad_password
2026-01-05 19:27:27,276 [INFO] -> LOGIN_ATTEMPT user=taylor
2026-01-05 19:27:27,276 [WARNING] [FAIL] LOGIN_FAIL user=taylor due to bad_password
2026-01-05 19:27:27,276 [INFO] -> LOGIN_ATTEMPT user=morgan
2026-01-05 19:27:27,276 [WARNING] [FAIL] LOGIN_FAIL user=morgan due to bad_password
2026-01-05 19:27:27,276 [INFO] -> LOGIN_ATTEMPT user=chris
2026-01-05 19:27:27,276 [WARNING] [FAIL] LOGIN_FAIL user=chris due to bad_password
2026-01-05 19:27:27,277 [INFO] -> LOGIN_ATTEMPT user=jamie
2026-01-05 19:27:27,277 [WARNING] [FAIL] LOGIN_FAIL user=jamie due to bad_password
2026-01-05 19:27:27,277 [INFO] -> LOGIN_ATTEMPT user=pat
2026-01-05 19:27:27,277 [WARNING] [FAIL] LOGIN_FAIL user=pat due to bad_password
2026-01-05 19:27:27,277 [INFO] -> LOGIN_ATTEMPT user=robin
2026-01-05 19:27:27,277 [WARNING] [FAIL] LOGIN_FAIL user=robin due to bad_password
2026-01-05 19:27:27,277 [INFO] -> LOGIN_ATTEMPT user=casey
2026-01-05 19:27:27,277 [WARNING] [FAIL] LOGIN_FAIL user=casey due to bad_password
2026-01-05 19:27:27,277 [INFO] -> LOGIN_ATTEMPT user=jules
2026-01-05 19:27:27,278 [WARNING] [FAIL] LOGIN_FAIL user=jules due to bad_password
2026-01-05 19:27:27,278 [INFO] -> LOGIN_ATTEMPT user=max
2026-01-05 19:27:27,278 [WARNING] [FAIL] LOGIN_FAIL user=max due to bad_password
2026-01-05 19:27:27,278 [INFO] -> LOGIN_ATTEMPT user=ava
2026-01-05 19:27:27,278 [WARNING] [FAIL] LOGIN_FAIL user=ava due to bad_password
2026-01-05 19:27:27,278 [INFO] -> LOGIN_ATTEMPT user=lily
2026-01-05 19:27:27,278 [WARNING] [FAIL] LOGIN_FAIL user=lily due to bad_password
2026-01-05 19:27:27,278 [INFO] -> LOGIN_ATTEMPT user=leo
2026-01-05 19:27:27,278 [WARNING] [FAIL] LOGIN_FAIL user=leo due to bad_password
2026-01-05 19:27:27,278 [INFO] -> LOGIN_ATTEMPT user=sophie
2026-01-05 19:27:27,278 [WARNING] [FAIL] LOGIN_FAIL user=sophie due to bad_password
2026-01-05 19:27:27,278 [INFO] -> LOGIN_ATTEMPT user=mia
2026-01-05 19:27:27,278 [WARNING] [FAIL] LOGIN_FAIL user=mia due to bad_password
2026-01-05 19:27:27,279 [INFO] -> LOGIN_ATTEMPT user=ethan
2026-01-05 19:27:27,279 [WARNING] [FAIL] LOGIN_FAIL user=ethan due to bad_password
2026-01-05 19:27:27,279 [INFO] -> LOGIN_ATTEMPT user=oliver
2026-01-05 19:27:27,279 [WARNING] [FAIL] LOGIN_FAIL user=oliver due to bad_password
2026-01-05 19:27:27,279 [INFO] -> LOGIN_ATTEMPT user=nina
2026-01-05 19:27:27,279 [WARNING] [FAIL] LOGIN_FAIL user=nina due to bad_password
2026-01-05 19:27:27,279 [INFO] -> LOGIN_ATTEMPT user=daniel
2026-01-05 19:27:27,279 [WARNING] [FAIL] LOGIN_FAIL user=daniel due to bad_password
2026-01-05 19:27:27,279 [INFO] -> LOGIN_ATTEMPT user=user123
2026-01-05 19:27:27,279 [WARNING] [FAIL] LOGIN_FAIL user=user123 due to bad_password
2026-01-05 19:27:27,279 [INFO] -> LOGIN_ATTEMPT user=sunnyday
2026-01-05 19:27:27,279 [WARNING] [FAIL] LOGIN_FAIL user=sunnyday due to bad_password
2026-01-05 19:27:27,279 [INFO] -> LOGIN_ATTEMPT user=gamer01
2026-01-05 19:27:27,279 [WARNING] [FAIL] LOGIN_FAIL user=gamer01 due to bad_password
2026-01-05 19:27:27,279 [INFO] -> LOGIN_ATTEMPT user=starrynight
2026-01-05 19:27:27,280 [WARNING] [FAIL] LOGIN_FAIL user=starrynight due to bad_password
2026-01-05 19:27:27,280 [INFO] -> LOGIN_ATTEMPT user=midnightwolf
2026-01-05 19:27:27,280 [WARNING] [FAIL] LOGIN_FAIL user=midnightwolf due to bad_password
2026-01-05 19:27:27,280 [INFO] -> LOGIN_ATTEMPT user=coffee_addict
2026-01-05 19:27:27,280 [WARNING] [FAIL] LOGIN_FAIL user=coffee_addict due to bad_password
2026-01-05 19:27:27,280 [INFO] -> LOGIN_ATTEMPT user=bluebird
2026-01-05 19:27:27,280 [WARNING] [FAIL] LOGIN_FAIL user=bluebird due to bad_password
2026-01-05 19:27:27,280 [INFO] -> LOGIN_ATTEMPT user=explorer
2026-01-05 19:27:27,280 [WARNING] [FAIL] LOGIN_FAIL user=explorer due to bad_password
2026-01-05 19:27:27,280 [INFO] -> LOGIN_ATTEMPT user=sam
2026-01-05 19:27:27,281 [WARNING] [FAIL] LOGIN_FAIL user=sam due to bad_password
2026-01-05 19:27:27,281 [INFO] -> LOGIN_ATTEMPT user=charlie
2026-01-05 19:27:27,281 [WARNING] [FAIL] LOGIN_FAIL user=charlie due to bad_password
2026-01-05 19:27:27,281 [INFO] -> LOGIN_ATTEMPT user=jordan
2026-01-05 19:27:27,281 [WARNING] [FAIL] LOGIN_FAIL user=jordan due to bad_password
2026-01-05 19:27:27,281 [INFO] -> LOGIN_ATTEMPT user=taylor
2026-01-05 19:27:27,281 [WARNING] [FAIL] LOGIN_FAIL user=taylor due to bad_password
2026-01-05 19:27:27,281 [INFO] -> LOGIN_ATTEMPT user=morgan
2026-01-05 19:27:27,281 [INFO] [OK] LOGIN_SUCCESS user=morgan
2026-01-05 19:27:27,281 [INFO] -> LOGIN_ATTEMPT user=chris
2026-01-05 19:27:27,281 [WARNING] [FAIL] LOGIN_FAIL user=chris due to bad_password
2026-01-05 19:27:27,281 [INFO] -> LOGIN_ATTEMPT user=jamie
2026-01-05 19:27:27,281 [WARNING] [FAIL] LOGIN_FAIL user=jamie due to bad_password
2026-01-05 19:27:27,282 [INFO] -> LOGIN_ATTEMPT user=pat
2026-01-05 19:27:27,282 [WARNING] [FAIL] LOGIN_FAIL user=pat due to bad_password
2026-01-05 19:27:27,282 [INFO] -> LOGIN_ATTEMPT user=robin
2026-01-05 19:27:27,282 [WARNING] [FAIL] LOGIN_FAIL user=robin due to bad_password
2026-01-05 19:27:27,282 [INFO] -> LOGIN_ATTEMPT user=casey
2026-01-05 19:27:27,282 [WARNING] [FAIL] LOGIN_FAIL user=casey due to bad_password
2026-01-05 19:27:27,282 [INFO] -> LOGIN_ATTEMPT user=jules
2026-01-05 19:27:27,282 [WARNING] [FAIL] LOGIN_FAIL user=jules due to bad_password
2026-01-05 19:27:27,283 [INFO] -> LOGIN_ATTEMPT user=max
2026-01-05 19:27:27,283 [WARNING] [FAIL] LOGIN_FAIL user=max due to bad_password
2026-01-05 19:27:27,283 [INFO] -> LOGIN_ATTEMPT user=ava
2026-01-05 19:27:27,283 [WARNING] [FAIL] LOGIN_FAIL user=ava due to bad_password
2026-01-05 19:27:27,283 [INFO] -> LOGIN_ATTEMPT user=lily
2026-01-05 19:27:27,283 [WARNING] [FAIL] LOGIN_FAIL user=lily due to bad_password
2026-01-05 19:27:27,283 [INFO] -> LOGIN_ATTEMPT user=leo
2026-01-05 19:27:27,283 [WARNING] [FAIL] LOGIN_FAIL user=leo due to bad_password
2026-01-05 19:27:27,283 [INFO] -> LOGIN_ATTEMPT user=sophie
2026-01-05 19:27:27,283 [WARNING] [FAIL] LOGIN_FAIL user=sophie due to bad_password
2026-01-05 19:27:27,283 [INFO] -> LOGIN_ATTEMPT user=mia
2026-01-05 19:27:27,283 [WARNING] [FAIL] LOGIN_FAIL user=mia due to bad_password
2026-01-05 19:27:27,283 [INFO] -> LOGIN_ATTEMPT user=ethan
2026-01-05 19:27:27,284 [WARNING] [FAIL] LOGIN_FAIL user=ethan due to bad_password
2026-01-05 19:27:27,284 [INFO] -> LOGIN_ATTEMPT user=oliver
2026-01-05 19:27:27,284 [WARNING] [FAIL] LOGIN_FAIL user=oliver due to bad_password
2026-01-05 19:27:27,284 [INFO] -> LOGIN_ATTEMPT user=nina
2026-01-05 19:27:27,284 [WARNING] [FAIL] LOGIN_FAIL user=nina due to bad_password
2026-01-05 19:27:27,284 [INFO] -> LOGIN_ATTEMPT user=daniel
2026-01-05 19:27:27,284 [WARNING] [FAIL] LOGIN_FAIL user=daniel due to bad_password
2026-01-05 19:27:27,284 [INFO] -> LOGIN_ATTEMPT user=user123
2026-01-05 19:27:27,284 [WARNING] [FAIL] LOGIN_FAIL user=user123 due to bad_password
2026-01-05 19:27:27,285 [INFO] -> LOGIN_ATTEMPT user=sunnyday
2026-01-05 19:27:27,285 [WARNING] [FAIL] LOGIN_FAIL user=sunnyday due to bad_password
2026-01-05 19:27:27,285 [INFO] -> LOGIN_ATTEMPT user=gamer01
2026-01-05 19:27:27,285 [WARNING] [FAIL] LOGIN_FAIL user=gamer01 due to bad_password
2026-01-05 19:27:27,285 [INFO] -> LOGIN_ATTEMPT user=starrynight
2026-01-05 19:27:27,285 [WARNING] [FAIL] LOGIN_FAIL user=starrynight due to bad_password
2026-01-05 19:27:27,285 [INFO] -> LOGIN_ATTEMPT user=midnightwolf
2026-01-05 19:27:27,285 [WARNING] [FAIL] LOGIN_FAIL user=midnightwolf due to bad_password
2026-01-05 19:27:27,286 [INFO] -> LOGIN_ATTEMPT user=coffee_addict
2026-01-05 19:27:27,286 [WARNING] [FAIL] LOGIN_FAIL user=coffee_addict due to bad_password
2026-01-05 19:27:27,286 [INFO] -> LOGIN_ATTEMPT user=bluebird
2026-01-05 19:27:27,286 [WARNING] [FAIL] LOGIN_FAIL user=bluebird due to bad_password
2026-01-05 19:27:27,286 [INFO] -> LOGIN_ATTEMPT user=explorer
2026-01-05 19:27:27,286 [WARNING] [FAIL] LOGIN_FAIL user=explorer due to bad_password
2026-01-05 19:27:27,286 [INFO] -> LOGIN_ATTEMPT user=sam
2026-01-05 19:27:27,286 [WARNING] [FAIL] LOGIN_FAIL user=sam due to bad_password
2026-01-05 19:27:27,286 [INFO] -> LOGIN_ATTEMPT user=charlie
2026-01-05 19:27:27,286 [WARNING] [FAIL] LOGIN_FAIL user=charlie due to bad_password
2026-01-05 19:27:27,286 [INFO] -> LOGIN_ATTEMPT user=jordan
2026-01-05 19:27:27,287 [WARNING] [FAIL] LOGIN_FAIL user=jordan due to bad_password
2026-01-05 19:27:27,287 [INFO] -> LOGIN_ATTEMPT user=taylor
2026-01-05 19:27:27,287 [WARNING] [FAIL] LOGIN_FAIL user=taylor due to bad_password
2026-01-05 19:27:27,287 [INFO] -> LOGIN_ATTEMPT user=chris
2026-01-05 19:27:27,287 [WARNING] [FAIL] LOGIN_FAIL user=chris due to bad_password
2026-01-05 19:27:27,287 [INFO] -> LOGIN_ATTEMPT user=jamie
2026-01-05 19:27:27,287 [INFO] [OK] LOGIN_SUCCESS user=jamie
2026-01-05 19:27:27,287 [INFO] -> LOGIN_ATTEMPT user=pat
2026-01-05 19:27:27,287 [WARNING] [FAIL] LOGIN_FAIL user=pat due to bad_password
2026-01-05 19:27:27,287 [INFO] -> LOGIN_ATTEMPT user=robin
2026-01-05 19:27:27,287 [WARNING] [FAIL] LOGIN_FAIL user=robin due to bad_password
2026-01-05 19:27:27,287 [INFO] -> LOGIN_ATTEMPT user=casey
2026-01-05 19:27:27,287 [WARNING] [FAIL] LOGIN_FAIL user=casey due to bad_password
2026-01-05 19:27:27,287 [INFO] -> LOGIN_ATTEMPT user=jules
2026-01-05 19:27:27,287 [WARNING] [FAIL] LOGIN_FAIL user=jules due to bad_password
2026-01-05 19:27:27,288 [INFO] -> LOGIN_ATTEMPT user=max
2026-01-05 19:27:27,288 [WARNING] [FAIL] LOGIN_FAIL user=max due to bad_password
2026-01-05 19:27:27,288 [INFO] -> LOGIN_ATTEMPT user=ava
2026-01-05 19:27:27,288 [WARNING] [FAIL] LOGIN_FAIL user=ava due to bad_password
2026-01-05 19:27:27,288 [INFO] -> LOGIN_ATTEMPT user=lily
2026-01-05 19:27:27,288 [WARNING] [FAIL] LOGIN_FAIL user=lily due to bad_password
2026-01-05 19:27:27,288 [INFO] -> LOGIN_ATTEMPT user=leo
2026-01-05 19:27:27,288 [WARNING] [FAIL] LOGIN_FAIL user=leo due to bad_password
2026-01-05 19:27:27,288 [INFO] -> LOGIN_ATTEMPT user=sophie
2026-01-05 19:27:27,288 [WARNING] [FAIL] LOGIN_FAIL user=sophie due to bad_password
2026-01-05 19:27:27,288 [INFO] -> LOGIN_ATTEMPT user=mia
2026-01-05 19:27:27,288 [WARNING] [FAIL] LOGIN_FAIL user=mia due to bad_password
2026-01-05 19:27:27,288 [INFO] -> LOGIN_ATTEMPT user=ethan
2026-01-05 19:27:27,288 [WARNING] [FAIL] LOGIN_FAIL user=ethan due to bad_password
2026-01-05 19:27:27,289 [INFO] -> LOGIN_ATTEMPT user=oliver
2026-01-05 19:27:27,289 [WARNING] [FAIL] LOGIN_FAIL user=oliver due to bad_password
2026-01-05 19:27:27,289 [INFO] -> LOGIN_ATTEMPT user=nina
2026-01-05 19:27:27,289 [WARNING] [FAIL] LOGIN_FAIL user=nina due to bad_password
2026-01-05 19:27:27,289 [INFO] -> LOGIN_ATTEMPT user=daniel
2026-01-05 19:27:27,289 [WARNING] [FAIL] LOGIN_FAIL user=daniel due to bad_password
2026-01-05 19:27:27,289 [INFO] -> LOGIN_ATTEMPT user=user123
2026-01-05 19:27:27,289 [WARNING] [FAIL] LOGIN_FAIL user=user123 due to bad_password
2026-01-05 19:27:27,289 [INFO] -> LOGIN_ATTEMPT user=sunnyday
2026-01-05 19:27:27,289 [WARNING] [FAIL] LOGIN_FAIL user=sunnyday due to bad_password
2026-01-05 19:27:27,289 [INFO] -> LOGIN_ATTEMPT user=gamer01
2026-01-05 19:27:27,289 [WARNING] [FAIL] LOGIN_FAIL user=gamer01 due to bad_password
2026-01-05 19:27:27,289 [INFO] -> LOGIN_ATTEMPT user=starrynight
2026-01-05 19:27:27,289 [WARNING] [FAIL] LOGIN_FAIL user=starrynight due to bad_password
2026-01-05 19:27:27,289 [INFO] -> LOGIN_ATTEMPT user=midnightwolf
2026-01-05 19:27:27,289 [WARNING] [FAIL] LOGIN_FAIL user=midnightwolf due to bad_password
2026-01-05 19:27:27,290 [INFO] -> LOGIN_ATTEMPT user=coffee_addict
2026-01-05 19:27:27,290 [WARNING] [FAIL] LOGIN_FAIL user=coffee_addict due to bad_password
2026-01-05 19:27:27,290 [INFO] -> LOGIN_ATTEMPT user=bluebird
2026-01-05 19:27:27,290 [WARNING] [FAIL] LOGIN_FAIL user=bluebird due to bad_password
2026-01-05 19:27:27,290 [INFO] -> LOGIN_ATTEMPT user=explorer
2026-01-05 19:27:27,290 [WARNING] [FAIL] LOGIN_FAIL user=explorer due to bad_password
2026-01-05 19:27:27,290 [INFO] -> LOGIN_ATTEMPT user=sam
2026-01-05 19:27:27,290 [WARNING] [FAIL] LOGIN_FAIL user=sam due to captcha_required
2026-01-05 19:27:27,290 [INFO] -> LOGIN_ATTEMPT user=charlie
2026-01-05 19:27:27,290 [WARNING] [FAIL] LOGIN_FAIL user=charlie due to captcha_required
2026-01-05 19:27:27,290 [INFO] -> LOGIN_ATTEMPT user=jordan
2026-01-05 19:27:27,291 [WARNING] [FAIL] LOGIN_FAIL user=jordan due to captcha_required
2026-01-05 19:27:27,291 [INFO] -> LOGIN_ATTEMPT user=taylor
2026-01-05 19:27:27,291 [WARNING] [FAIL] LOGIN_FAIL user=taylor due to captcha_required
2026-01-05 19:27:27,291 [INFO] -> LOGIN_ATTEMPT user=chris
2026-01-05 19:27:27,291 [WARNING] [FAIL] LOGIN_FAIL user=chris due to captcha_required
2026-01-05 19:27:27,291 [INFO] -> LOGIN_ATTEMPT user=pat
2026-01-05 19:27:27,291 [WARNING] [FAIL] LOGIN_FAIL user=pat due to captcha_required
2026-01-05 19:27:27,291 [INFO] -> LOGIN_ATTEMPT user=robin
2026-01-05 19:27:27,291 [WARNING] [FAIL] LOGIN_FAIL user=robin due to captcha_required
2026-01-05 19:27:27,291 [INFO] -> LOGIN_ATTEMPT user=casey
2026-01-05 19:27:27,291 [WARNING] [FAIL] LOGIN_FAIL user=casey due to captcha_required
2026-01-05 19:27:27,292 [INFO] -> LOGIN_ATTEMPT user=jules
2026-01-05 19:27:27,292 [WARNING] [FAIL] LOGIN_FAIL user=jules due to captcha_required
2026-01-05 19:27:27,292 [INFO] -> LOGIN_ATTEMPT user=max
2026-01-05 19:27:27,292 [WARNING] [FAIL] LOGIN_FAIL user=max due to captcha_required
2026-01-05 19:27:27,292 [INFO] -> LOGIN_ATTEMPT user=ava
2026-01-05 19:27:27,292 [WARNING] [FAIL] LOGIN_FAIL user=ava due to captcha_required
2026-01-05 19:27:27,292 [INFO] -> LOGIN_ATTEMPT user=lily
2026-01-05 19:27:27,292 [WARNING] [FAIL] LOGIN_FAIL user=lily due to captcha_required
2026-01-05 19:27:27,292 [INFO] -> LOGIN_ATTEMPT user=leo
2026-01-05 19:27:27,293 [WARNING] [FAIL] LOGIN_FAIL user=leo due to captcha_required
2026-01-05 19:27:27,293 [INFO] -> LOGIN_ATTEMPT user=sophie
2026-01-05 19:27:27,293 [WARNING] [FAIL] LOGIN_FAIL user=sophie due to captcha_required
2026-01-05 19:27:27,293 [INFO] -> LOGIN_ATTEMPT user=mia
2026-01-05 19:27:27,293 [WARNING] [FAIL] LOGIN_FAIL user=mia due to captcha_required
2026-01-05 19:27:27,293 [INFO] -> LOGIN_ATTEMPT user=ethan
2026-01-05 19:27:27,293 [WARNING] [FAIL] LOGIN_FAIL user=ethan due to captcha_required
2026-01-05 19:27:27,293 [INFO] -> LOGIN_ATTEMPT user=oliver
2026-01-05 19:27:27,294 [WARNING] [FAIL] LOGIN_FAIL user=oliver due to captcha_required
2026-01-05 19:27:27,294 [INFO] -> LOGIN_ATTEMPT user=nina
2026-01-05 19:27:27,294 [WARNING] [FAIL] LOGIN_FAIL user=nina due to captcha_required
2026-01-05 19:27:27,294 [INFO] -> LOGIN_ATTEMPT user=daniel
2026-01-05 19:27:27,294 [WARNING] [FAIL] LOGIN_FAIL user=daniel due to captcha_required
2026-01-05 19:27:27,294 [INFO] -> LOGIN_ATTEMPT user=user123
2026-01-05 19:27:27,294 [WARNING] [FAIL] LOGIN_FAIL user=user123 due to captcha_required
2026-01-05 19:27:27,294 [INFO] -> LOGIN_ATTEMPT user=sunnyday
2026-01-05 19:27:27,294 [WARNING] [FAIL] LOGIN_FAIL user=sunnyday due to captcha_required
2026-01-05 19:27:27,294 [INFO] -> LOGIN_ATTEMPT user=gamer01
2026-01-05 19:27:27,294 [WARNING] [FAIL] LOGIN_FAIL user=gamer01 due to captcha_required
2026-01-05 19:27:27,294 [INFO] -> LOGIN_ATTEMPT user=starrynight
2026-01-05 19:27:27,295 [WARNING] [FAIL] LOGIN_FAIL user=starrynight due to captcha_required
2026-01-05 19:27:27,295 [INFO] -> LOGIN_ATTEMPT user=midnightwolf
2026-01-05 19:27:27,295 [WARNING] [FAIL] LOGIN_FAIL user=midnightwolf due to captcha_required
2026-01-05 19:27:27,295 [INFO] -> LOGIN_ATTEMPT user=coffee_addict
2026-01-05 19:27:27,295 [WARNING] [FAIL] LOGIN_FAIL user=coffee_addict due to captcha_required
2026-01-05 19:27:27,295 [INFO] -> LOGIN_ATTEMPT user=bluebird
2026-01-05 19:27:27,295 [WARNING] [FAIL] LOGIN_FAIL user=bluebird due to captcha_required
2026-01-05 19:27:27,295 [INFO] -> LOGIN_ATTEMPT user=explorer
2026-01-05 19:27:27,295 [WARNING] [FAIL] LOGIN_FAIL user=explorer due to captcha_required
2026-01-05 19:27:27,295 [INFO] -> LOGIN_ATTEMPT user=sam
2026-01-05 19:27:27,295 [WARNING] [FAIL] LOGIN_FAIL user=sam due to captcha_failed
2026-01-05 19:27:27,295 [INFO] -> LOGIN_ATTEMPT user=charlie
2026-01-05 19:27:27,296 [WARNING] [FAIL] LOGIN_FAIL user=charlie due to captcha_failed
2026-01-05 19:27:27,296 [INFO] -> LOGIN_ATTEMPT user=jordan
2026-01-05 19:27:27,296 [WARNING] [FAIL] LOGIN_FAIL user=jordan due to captcha_failed
2026-01-05 19:27:27,296 [INFO] -> LOGIN_ATTEMPT user=taylor
2026-01-05 19:27:27,296 [WARNING] [FAIL] LOGIN_FAIL user=taylor due to captcha_failed
2026-01-05 19:27:27,296 [INFO] -> LOGIN_ATTEMPT user=chris
2026-01-05 19:27:27,296 [WARNING] [FAIL] LOGIN_FAIL user=chris due to captcha_failed
2026-01-05 19:27:27,296 [INFO] -> LOGIN_ATTEMPT user=pat
2026-01-05 19:27:27,296 [WARNING] [FAIL] LOGIN_FAIL user=pat due to captcha_failed
2026-01-05 19:27:27,296 [INFO] -> LOGIN_ATTEMPT user=robin
2026-01-05 19:27:27,296 [WARNING] [FAIL] LOGIN_FAIL user=robin due to captcha_failed
2026-01-05 19:27:27,296 [INFO] -> LOGIN_ATTEMPT user=casey
2026-01-05 19:27:27,296 [WARNING] [FAIL] LOGIN_FAIL user=casey due to captcha_failed
2026-01-05 19:27:27,297 [INFO] -> LOGIN_ATTEMPT user=jules
2026-01-05 19:27:27,297 [WARNING] [FAIL] LOGIN_FAIL user=jules due to captcha_failed
2026-01-05 19:27:27,297 [INFO] -> LOGIN_ATTEMPT user=max
2026-01-05 19:27:27,297 [WARNING] [FAIL] LOGIN_FAIL user=max due to captcha_failed
2026-01-05 19:27:27,297 [INFO] -> LOGIN_ATTEMPT user=ava
2026-01-05 19:27:27,297 [WARNING] [FAIL] LOGIN_FAIL user=ava due to captcha_failed
2026-01-05 19:27:27,297 [INFO] -> LOGIN_ATTEMPT user=lily
2026-01-05 19:27:27,297 [WARNING] [FAIL] LOGIN_FAIL user=lily due to captcha_failed
2026-01-05 19:27:27,297 [INFO] -> LOGIN_ATTEMPT user=leo
2026-01-05 19:27:27,297 [WARNING] [FAIL] LOGIN_FAIL user=leo due to captcha_failed
2026-01-05 19:27:27,297 [INFO] -> LOGIN_ATTEMPT user=sophie
2026-01-05 19:27:27,298 [WARNING] [FAIL] LOGIN_FAIL user=sophie due to captcha_failed
2026-01-05 19:27:27,298 [INFO] -> LOGIN_ATTEMPT user=mia
2026-01-05 19:27:27,298 [WARNING] [FAIL] LOGIN_FAIL user=mia due to captcha_failed
2026-01-05 19:27:27,298 [INFO] -> LOGIN_ATTEMPT user=ethan
2026-01-05 19:27:27,298 [WARNING] [FAIL] LOGIN_FAIL user=ethan due to captcha_failed
2026-01-05 19:27:27,298 [INFO] -> LOGIN_ATTEMPT user=oliver
2026-01-05 19:27:27,298 [WARNING] [FAIL] LOGIN_FAIL user=oliver due to captcha_failed
2026-01-05 19:27:27,298 [INFO] -> LOGIN_ATTEMPT user=nina
2026-01-05 19:27:27,298 [WARNING] [FAIL] LOGIN_FAIL user=nina due to captcha_failed
2026-01-05 19:27:27,298 [INFO] -> LOGIN_ATTEMPT user=daniel
2026-01-05 19:27:27,298 [WARNING] [FAIL] LOGIN_FAIL user=daniel due to captcha_failed
2026-01-05 19:27:27,298 [INFO] -> LOGIN_ATTEMPT user=user123
2026-01-05 19:27:27,298 [WARNING] [FAIL] LOGIN_FAIL user=user123 due to captcha_failed
2026-01-05 19:27:27,298 [INFO] -> LOGIN_ATTEMPT user=sunnyday
2026-01-05 19:27:27,298 [WARNING] [FAIL] LOGIN_FAIL user=sunnyday due to captcha_failed
2026-01-05 19:27:27,299 [INFO] -> LOGIN_ATTEMPT user=gamer01
2026-01-05 19:27:27,299 [WARNING] [FAIL] LOGIN_FAIL user=gamer01 due to captcha_failed
2026-01-05 19:27:27,299 [INFO] -> LOGIN_ATTEMPT user=starrynight
2026-01-05 19:27:27,299 [WARNING] [FAIL] LOGIN_FAIL user=starrynight due to captcha_failed
2026-01-05 19:27:27,299 [INFO] -> LOGIN_ATTEMPT user=midnightwolf
2026-01-05 19:27:27,299 [WARNING] [FAIL] LOGIN_FAIL user=midnightwolf due to captcha_failed
2026-01-05 19:27:27,299 [INFO] -> LOGIN_ATTEMPT user=coffee_addict
2026-01-05 19:27:27,299 [WARNING] [FAIL] LOGIN_FAIL user=coffee_addict due to captcha_failed
2026-01-05 19:27:27,299 [INFO] -> LOGIN_ATTEMPT user=bluebird
2026-01-05 19:27:27,299 [WARNING] [FAIL] LOGIN_FAIL user=bluebird due to captcha_failed
2026-01-05 19:27:27,299 [INFO] -> LOGIN_ATTEMPT user=explorer
2026-01-05 19:27:27,299 [WARNING] [FAIL] LOGIN_FAIL user=explorer due to captcha_failed
2026-01-05 19:27:27,299 [INFO] login succeeded for unauthorized user via Password Spraying for 3 users over 30
==================== Overall Statistics ====================
total_attempts: 141
success_rate: 2.13%
avg_latency_ms: 0.0061
attempts_per_sec: 5875.0