2026-01-05 19:26:55,886 [INFO] Program started - 526338897
2026-01-05 19:26:55,895 [INFO] -> LOGIN_ATTEMPT user=alex
2026-01-05 19:26:55,895 [INFO] [OK] LOGIN_SUCCESS user=alex
2026-01-05 19:26:55,895 [INFO] -> LOGIN_ATTEMPT user=sam
2026-01-05 19:26:55,895 [WARNING] [FAIL] LOGIN_FAIL user=sam due to bad_password
2026-01-05 19:26:55,896 [INFO] -> LOGIN_ATTEMPT user=charlie
2026-01-05 19:26:55,896 [WARNING] [FAIL] LOGIN_FAIL user=charlie due to bad_password
2026-01-05 19:26:55,896 [INFO] -> LOGIN_ATTEMPT user=jordan
2026-01-05 19:26:55,896 [WARNING] [FAIL] LOGIN_FAIL user=jordan due to bad_password
2026-01-05 19:26:55,896 [INFO] -> LOGIN_ATTEMPT user=taylor
2026-01-05 19:26:55,896 [WARNING] [FAIL] LOGIN_FAIL user=taylor due to bad_password
2026-01-05 19:26:55,896 [INFO] -> LOGIN_ATTEMPT user=morgan
2026-01-05 19:26:55,896 [WARNING] [FAIL] LOGIN_FAIL user=morgan due to bad_password
2026-01-05 19:26:55,896 [INFO] -> LOGIN_ATTEMPT user=chris
2026-01-05 19:26:55,896 [WARNING] [FAIL] LOGIN_FAIL user=chris due to bad_password
2026-01-05 19:26:55,896 [INFO] -> LOGIN_ATTEMPT user=jamie
2026-01-05 19:26:55,897 [WARNING] [FAIL] LOGIN_FAIL user=jamie due to bad_password
2026-01-05 19:26:55,897 [INFO] -> LOGIN_ATTEMPT user=pat
2026-01-05 19:26:55,897 [WARNING] [FAIL] LOGIN_FAIL user=pat due to bad_password
2026-01-05 19:26:55,897 [INFO] -> LOGIN_ATTEMPT user=robin
2026-01-05 19:26:55,897 [WARNING] [FAIL] LOGIN_FAIL user=robin due to bad_password
2026-01-05 19:26:55,897 [INFO] -> LOGIN_ATTEMPT user=casey
2026-01-05 19:26:55,897 [WARNING] [FAIL] LOGIN_FAIL user=casey due to bad_password
2026-01-05 19:26:55,898 [INFO] -> LOGIN_ATTEMPT user=jules
2026-01-05 19:26:55,898 [WARNING] [FAIL] LOGIN_FAIL user=jules due to bad_password
2026-01-05 19:26:55,898 [INFO] -> LOGIN_ATTEMPT user=max
2026-01-05 19:26:55,898 [WARNING] [FAIL] LOGIN_FAIL user=max due to bad_password
2026-01-05 19:26:55,898 [INFO] -> LOGIN_ATTEMPT user=ava
2026-01-05 19:26:55,898 [WARNING] [FAIL] LOGIN_FAIL user=ava due to bad_password
2026-01-05 19:26:55,898 [INFO] -> LOGIN_ATTEMPT user=lily
2026-01-05 19:26:55,898 [WARNING] [FAIL] LOGIN_FAIL user=lily due to bad_password
2026-01-05 19:26:55,898 [INFO] -> LOGIN_ATTEMPT user=leo
2026-01-05 19:26:55,899 [WARNING] [FAIL] LOGIN_FAIL user=leo due to bad_password
2026-01-05 19:26:55,899 [INFO] -> LOGIN_ATTEMPT user=sophie
2026-01-05 19:26:55,899 [WARNING] [FAIL] LOGIN_FAIL user=sophie due to bad_password
2026-01-05 19:26:55,899 [INFO] -> LOGIN_ATTEMPT user=mia
2026-01-05 19:26:55,899 [WARNING] [FAIL] LOGIN_FAIL user=mia due to bad_password
2026-01-05 19:26:55,899 [INFO] -> LOGIN_ATTEMPT user=ethan
2026-01-05 19:26:55,899 [WARNING] [FAIL] LOGIN_FAIL user=ethan due to bad_password
2026-01-05 19:26:55,899 [INFO] -> LOGIN_ATTEMPT user=oliver
2026-01-05 19:26:55,899 [WARNING] [FAIL] LOGIN_FAIL user=oliver due to bad_password
2026-01-05 19:26:55,899 [INFO] -> LOGIN_ATTEMPT user=nina
2026-01-05 19:26:55,899 [WARNING] [FAIL] LOGIN_FAIL user=nina due to bad_password
2026-01-05 19:26:55,899 [INFO] -> LOGIN_ATTEMPT user=daniel
2026-01-05 19:26:55,899 [WARNING] [FAIL] LOGIN_FAIL user=daniel due to bad_password
2026-01-05 19:26:55,899 [INFO] -> LOGIN_ATTEMPT user=user123
2026-01-05 19:26:55,899 [WARNING] [FAIL] LOGIN_FAIL user=user123 due to bad_password
2026-01-05 19:26:55,900 [INFO] -> LOGIN_ATTEMPT user=sunnyday
2026-01-05 19:26:55,900 [WARNING] [FAIL] LOGIN_FAIL user=sunnyday due to bad_password
2026-01-05 19:26:55,900 [INFO] -> LOGIN_ATTEMPT user=gamer01
2026-01-05 19:26:55,900 [WARNING] [FAIL] LOGIN_FAIL user=gamer01 due to bad_password
2026-01-05 19:26:55,900 [INFO] -> LOGIN_ATTEMPT user=starrynight
2026-01-05 19:26:55,900 [WARNING] [FAIL] LOGIN_FAIL user=starrynight due to bad_password
2026-01-05 19:26:55,900 [INFO] -> LOGIN_ATTEMPT user=midnightwolf
2026-01-05 19:26:55,900 [WARNING] [FAIL] LOGIN_FAIL user=midnightwolf due to bad_password
2026-01-05 19:26:55,900 [INFO] -> LOGIN_ATTEMPT user=coffee_addict
2026-01-05 19:26:55,900 [WARNING] [FAIL] LOGIN_FAIL user=coffee_addict due to bad_password
2026-01-05 19:26:55,900 [INFO] -> LOGIN_ATTEMPT user=bluebird
2026-01-05 19:26:55,900 [WARNING] [FAIL] LOGIN_FAIL user=bluebird due to bad_password
2026-01-05 19:26:55,900 [INFO] -> LOGIN_ATTEMPT user=explorer
2026-01-05 19:26:55,900 [WARNING] [FAIL] LOGIN_FAIL user=explorer due to bad_password
2026-01-05 19:26:55,900 [INFO] -> LOGIN_ATTEMPT user=sam
2026-01-05 19:26:55,901 [WARNING] [FAIL] LOGIN_FAIL user=sam due to bad_password
2026-01-05 19:26:55,901 [INFO] -> LOGIN_ATTEMPT user=charlie
2026-01-05 19:26:55,901 [WARNING] [FAIL] LOGIN_FAIL user=charlie due to bad_password
2026-01-05 19:26:55,901 [INFO] -> LOGIN_ATTEMPT user=jordan
2026-01-05 19:26:55,901 [WARNING] [FAIL] LOGIN_FAIL user=jordan due to bad_password
2026-01-05 19:26:55,901 [INFO] -> LOGIN_ATTEMPT user=taylor
2026-01-05 19:26:55,901 [WARNING] [FAIL] LOGIN_FAIL user=taylor due to bad_password
2026-01-05 19:26:55,901 [INFO] -> LOGIN_ATTEMPT user=morgan
2026-01-05 19:26:55,901 [INFO] [OK] LOGIN_SUCCESS user=morgan
2026-01-05 19:26:55,901 [INFO] -> LOGIN_ATTEMPT user=chris
2026-01-05 19:26:55,901 [WARNING] [FAIL] LOGIN_FAIL user=chris due to bad_password
2026-01-05 19:26:55,901 [INFO] -> LOGIN_ATTEMPT user=jamie
2026-01-05 19:26:55,901 [WARNING] [FAIL] LOGIN_FAIL user=jamie due to bad_password
2026-01-05 19:26:55,901 [INFO] -> LOGIN_ATTEMPT user=pat
2026-01-05 19:26:55,902 [WARNING] [FAIL] LOGIN_FAIL user=pat due to bad_password
2026-01-05 19:26:55,902 [INFO] -> LOGIN_ATTEMPT user=robin
2026-01-05 19:26:55,902 [WARNING] [FAIL] LOGIN_FAIL user=robin due to bad_password
2026-01-05 19:26:55,902 [INFO] -> LOGIN_ATTEMPT user=casey
2026-01-05 19:26:55,902 [WARNING] [FAIL] LOGIN_FAIL user=casey due to bad_password
2026-01-05 19:26:55,902 [INFO] -> LOGIN_ATTEMPT user=jules
2026-01-05 19:26:55,902 [WARNING] [FAIL] LOGIN_FAIL user=jules due to bad_password
2026-01-05 19:26:55,902 [INFO] -> LOGIN_ATTEMPT user=max
2026-01-05 19:26:55,902 [WARNING] [FAIL] LOGIN_FAIL user=max due to bad_password
2026-01-05 19:26:55,902 [INFO] -> LOGIN_ATTEMPT user=ava
2026-01-05 19:26:55,903 [WARNING] [FAIL] LOGIN_FAIL user=ava due to bad_password
2026-01-05 19:26:55,903 [INFO] -> LOGIN_ATTEMPT user=lily
2026-01-05 19:26:55,903 [WARNING] [FAIL] LOGIN_FAIL user=lily due to bad_password
2026-01-05 19:26:55,903 [INFO] -> LOGIN_ATTEMPT user=leo
2026-01-05 19:26:55,903 [WARNING] [FAIL] LOGIN_FAIL user=leo due to bad_password
2026-01-05 19:26:55,903 [INFO] -> LOGIN_ATTEMPT user=sophie
2026-01-05 19:26:55,903 [WARNING] [FAIL] LOGIN_FAIL user=sophie due to bad_password
2026-01-05 19:26:55,903 [INFO] -> LOGIN_ATTEMPT user=mia
2026-01-05 19:26:55,903 [WARNING] [FAIL] LOGIN_FAIL user=mia due to bad_password
2026-01-05 19:26:55,903 [INFO] -> LOGIN_ATTEMPT user=ethan
2026-01-05 19:26:55,904 [WARNING] [FAIL] LOGIN_FAIL user=ethan due to bad_password
2026-01-05 19:26:55,904 [INFO] -> LOGIN_ATTEMPT user=oliver
2026-01-05 19:26:55,904 [WARNING] [FAIL] LOGIN_FAIL user=oliver due to bad_password
2026-01-05 19:26:55,904 [INFO] -> LOGIN_ATTEMPT user=nina
2026-01-05 19:26:55,904 [WARNING] [FAIL] LOGIN_FAIL user=nina due to bad_password
2026-01-05 19:26:55,904 [INFO] -> LOGIN_ATTEMPT user=daniel
2026-01-05 19:26:55,904 [WARNING] [FAIL] LOGIN_FAIL user=daniel due to bad_password
2026-01-05 19:26:55,904 [INFO] -> LOGIN_ATTEMPT user=user123
2026-01-05 19:26:55,904 [WARNING] [FAIL] LOGIN_FAIL user=user123 due to bad_password
2026-01-05 19:26:55,904 [INFO] -> LOGIN_ATTEMPT user=sunnyday
2026-01-05 19:26:55,904 [WARNING] [FAIL] LOGIN_FAIL user=sunnyday due to bad_password
2026-01-05 19:26:55,904 [INFO] -> LOGIN_ATTEMPT user=gamer01
2026-01-05 19:26:55,904 [WARNING] [FAIL] LOGIN_FAIL user=gamer01 due to bad_password
2026-01-05 19:26:55,904 [INFO] -> LOGIN_ATTEMPT user=starrynight
2026-01-05 19:26:55,904 [WARNING] [FAIL] LOGIN_FAIL user=starrynight due to bad_password
2026-01-05 19:26:55,904 [INFO] -> LOGIN_ATTEMPT user=midnightwolf
2026-01-05 19:26:55,904 [WARNING] [FAIL] LOGIN_FAIL user=midnightwolf due to bad_password
2026-01-05 19:26:55,905 [INFO] -> LOGIN_ATTEMPT user=coffee_addict
2026-01-05 19:26:55,905 [WARNING] [FAIL] LOGIN_FAIL user=coffee_addict due to bad_password
2026-01-05 19:26:55,905 [INFO] -> LOGIN_ATTEMPT user=bluebird
2026-01-05 19:26:55,905 [WARNING] [FAIL] LOGIN_FAIL user=bluebird due to bad_password
2026-01-05 19:26:55,905 [INFO] -> LOGIN_ATTEMPT user=explorer
2026-01-05 19:26:55,905 [WARNING] [FAIL] LOGIN_FAIL user=explorer due to bad_password
2026-01-05 19:26:55,905 [INFO] -> LOGIN_ATTEMPT user=sam
2026-01-05 19:26:55,905 [WARNING] [FAIL] LOGIN_FAIL user=sam due to bad_password
2026-01-05 19:26:55,905 [INFO] -> LOGIN_ATTEMPT user=charlie
2026-01-05 19:26:55,905 [WARNING] [FAIL] LOGIN_FAIL user=charlie due to bad_password
2026-01-05 19:26:55,905 [INFO] -> LOGIN_ATTEMPT user=jordan
2026-01-05 19:26:55,905 [WARNING] [FAIL] LOGIN_FAIL user=jordan due to bad_password
2026-01-05 19:26:55,905 [INFO] -> LOGIN_ATTEMPT user=taylor
2026-01-05 19:26:55,905 [WARNING] [FAIL] LOGIN_FAIL user=taylor due to bad_password
2026-01-05 19:26:55,905 [INFO] -> LOGIN_ATTEMPT user=chris
2026-01-05 19:26:55,906 [WARNING] [FAIL] LOGIN_FAIL user=chris due to bad_password
2026-01-05 19:26:55,906 [INFO] -> LOGIN_ATTEMPT user=jamie
2026-01-05 19:26:55,906 [INFO] [OK] LOGIN_SUCCESS user=jamie
2026-01-05 19:26:55,906 [INFO] -> LOGIN_ATTEMPT user=pat
2026-01-05 19:26:55,906 [WARNING] [FAIL] LOGIN_FAIL user=pat due to bad_password
2026-01-05 19:26:55,906 [INFO] -> LOGIN_ATTEMPT user=robin
2026-01-05 19:26:55,906 [WARNING] [FAIL] LOGIN_FAIL user=robin due to bad_password
2026-01-05 19:26:55,906 [INFO] -> LOGIN_ATTEMPT user=casey
2026-01-05 19:26:55,906 [WARNING] [FAIL] LOGIN_FAIL user=casey due to bad_password
2026-01-05 19:26:55,907 [INFO] -> LOGIN_ATTEMPT user=jules
2026-01-05 19:26:55,907 [WARNING] [FAIL] LOGIN_FAIL user=jules due to bad_password
2026-01-05 19:26:55,907 [INFO] -> LOGIN_ATTEMPT user=max
2026-01-05 19:26:55,907 [WARNING] [FAIL] LOGIN_FAIL user=max due to bad_password
2026-01-05 19:26:55,907 [INFO] -> LOGIN_ATTEMPT user=ava
2026-01-05 19:26:55,907 [WARNING] [FAIL] LOGIN_FAIL user=ava due to bad_password
2026-01-05 19:26:55,907 [INFO] -> LOGIN_ATTEMPT user=lily
2026-01-05 19:26:55,907 [WARNING] [FAIL] LOGIN_FAIL user=lily due to bad_password
2026-01-05 19:26:55,907 [INFO] -> LOGIN_ATTEMPT user=leo
2026-01-05 19:26:55,907 [WARNING] [FAIL] LOGIN_FAIL user=leo due to bad_password
2026-01-05 19:26:55,908 [INFO] -> LOGIN_ATTEMPT user=sophie
2026-01-05 19:26:55,908 [WARNING] [FAIL] LOGIN_FAIL user=sophie due to bad_password
2026-01-05 19:26:55,908 [INFO] -> LOGIN_ATTEMPT user=mia
2026-01-05 19:26:55,908 [WARNING] [FAIL] LOGIN_FAIL user=mia due to bad_password
2026-01-05 19:26:55,908 [INFO] -> LOGIN_ATTEMPT user=ethan
2026-01-05 19:26:55,908 [WARNING] [FAIL] LOGIN_FAIL user=ethan due to bad_password
2026-01-05 19:26:55,908 [INFO] -> LOGIN_ATTEMPT user=oliver
2026-01-05 19:26:55,908 [WARNING] [FAIL] LOGIN_FAIL user=oliver due to bad_password
2026-01-05 19:26:55,908 [INFO] -> LOGIN_ATTEMPT user=nina
2026-01-05 19:26:55,908 [WARNING] [FAIL] LOGIN_FAIL user=nina due to bad_password
2026-01-05 19:26:55,908 [INFO] -> LOGIN_ATTEMPT user=daniel
2026-01-05 19:26:55,908 [WARNING] [FAIL] LOGIN_FAIL user=daniel due to bad_password
2026-01-05 19:26:55,908 [INFO] -> LOGIN_ATTEMPT user=user123
2026-01-05 19:26:55,908 [WARNING] [FAIL] LOGIN_FAIL user=user123 due to bad_password
2026-01-05 19:26:55,908 [INFO] -> LOGIN_ATTEMPT user=sunnyday
2026-01-05 19:26:55,908 [WARNING] [FAIL] LOGIN_FAIL user=sunnyday due to bad_password
2026-01-05 19:26:55,908 [INFO] -> LOGIN_ATTEMPT user=gamer01
2026-01-05 19:26:55,908 [WARNING] [FAIL] LOGIN_FAIL user=gamer01 due to bad_password
2026-01-05 19:26:55,908 [INFO] -> LOGIN_ATTEMPT user=starrynight
2026-01-05 19:26:55,909 [WARNING] [FAIL] LOGIN_FAIL user=starrynight due to bad_password
2026-01-05 19:26:55,909 [INFO] -> LOGIN_ATTEMPT user=midnightwolf
2026-01-05 19:26:55,909 [WARNING] [FAIL] LOGIN_FAIL user=midnightwolf due to bad_password
2026-01-05 19:26:55,909 [INFO] -> LOGIN_ATTEMPT user=coffee_addict
2026-01-05 19:26:55,909 [WARNING] [FAIL] LOGIN_FAIL user=coffee_addict due to bad_password
2026-01-05 19:26:55,909 [INFO] -> LOGIN_ATTEMPT user=bluebird
2026-01-05 19:26:55,909 [WARNING] [FAIL] LOGIN_FAIL user=bluebird due to bad_password
2026-01-05 19:26:55,909 [INFO] -> LOGIN_ATTEMPT user=explorer
2026-01-05 19:26:55,909 [WARNING] [FAIL] LOGIN_FAIL user=explorer due to bad_password
2026-01-05 19:26:55,909 [INFO] -> LOGIN_ATTEMPT user=sam
2026-01-05 19:26:55,909 [WARNING] [FAIL] LOGIN_FAIL user=sam due to bad_password
2026-01-05 19:26:55,909 [INFO] -> LOGIN_ATTEMPT user=charlie
2026-01-05 19:26:55,909 [WARNING] [FAIL] LOGIN_FAIL user=charlie due to bad_password
2026-01-05 19:26:55,909 [INFO] -> LOGIN_ATTEMPT user=jordan
2026-01-05 19:26:55,909 [WARNING] [FAIL] LOGIN_FAIL user=jordan due to bad_password
2026-01-05 19:26:55,909 [INFO] -> LOGIN_ATTEMPT user=taylor
2026-01-05 19:26:55,909 [INFO] [OK] LOGIN_SUCCESS user=taylor
2026-01-05 19:26:55,909 [INFO] -> LOGIN_ATTEMPT user=chris
2026-01-05 19:26:55,910 [WARNING] [FAIL] LOGIN_FAIL user=chris due to bad_password
2026-01-05 19:26:55,910 [INFO] -> LOGIN_ATTEMPT user=pat
2026-01-05 19:26:55,910 [WARNING] [FAIL] LOGIN_FAIL user=pat due to bad_password
2026-01-05 19:26:55,910 [INFO] -> LOGIN_ATTEMPT user=robin
2026-01-05 19:26:55,910 [WARNING] [FAIL] LOGIN_FAIL user=robin due to bad_password
2026-01-05 19:26:55,910 [INFO] -> LOGIN_ATTEMPT user=casey
2026-01-05 19:26:55,910 [WARNING] [FAIL] LOGIN_FAIL user=casey due to bad_password
2026-01-05 19:26:55,910 [INFO] -> LOGIN_ATTEMPT user=jules
2026-01-05 19:26:55,910 [WARNING] [FAIL] LOGIN_FAIL user=jules due to bad_password
2026-01-05 19:26:55,910 [INFO] -> LOGIN_ATTEMPT user=max
2026-01-05 19:26:55,910 [WARNING] [FAIL] LOGIN_FAIL user=max due to bad_password
2026-01-05 19:26:55,910 [INFO] -> LOGIN_ATTEMPT user=ava
2026-01-05 19:26:55,910 [WARNING] [FAIL] LOGIN_FAIL user=ava due to bad_password
2026-01-05 19:26:55,910 [INFO] -> LOGIN_ATTEMPT user=lily
2026-01-05 19:26:55,910 [WARNING] [FAIL] LOGIN_FAIL user=lily due to bad_password
2026-01-05 19:26:55,910 [INFO] -> LOGIN_ATTEMPT user=leo
2026-01-05 19:26:55,911 [WARNING] [FAIL] LOGIN_FAIL user=leo due to bad_password
2026-01-05 19:26:55,911 [INFO] -> LOGIN_ATTEMPT user=sophie
2026-01-05 19:26:55,911 [WARNING] [FAIL] LOGIN_FAIL user=sophie due to bad_password
2026-01-05 19:26:55,911 [INFO] -> LOGIN_ATTEMPT user=mia
2026-01-05 19:26:55,911 [WARNING] [FAIL] LOGIN_FAIL user=mia due to bad_password
2026-01-05 19:26:55,911 [INFO] -> LOGIN_ATTEMPT user=ethan
2026-01-05 19:26:55,911 [WARNING] [FAIL] LOGIN_FAIL user=ethan due to bad_password
2026-01-05 19:26:55,911 [INFO] -> LOGIN_ATTEMPT user=oliver
2026-01-05 19:26:55,911 [WARNING] [FAIL] LOGIN_FAIL user=oliver due to bad_password
2026-01-05 19:26:55,911 [INFO] -> LOGIN_ATTEMPT user=nina
2026-01-05 19:26:55,911 [WARNING] [FAIL] LOGIN_FAIL user=nina due to bad_password
2026-01-05 19:26:55,911 [INFO] -> LOGIN_ATTEMPT user=daniel
2026-01-05 19:26:55,911 [WARNING] [FAIL] LOGIN_FAIL user=daniel due to bad_password
2026-01-05 19:26:55,911 [INFO] -> LOGIN_ATTEMPT user=user123
2026-01-05 19:26:55,911 [WARNING] [FAIL] LOGIN_FAIL user=user123 due to bad_password
2026-01-05 19:26:55,912 [INFO] -> LOGIN_ATTEMPT user=sunnyday
2026-01-05 19:26:55,912 [WARNING] [FAIL] LOGIN_FAIL user=sunnyday due to bad_password
2026-01-05 19:26:55,912 [INFO] -> LOGIN_ATTEMPT user=gamer01
2026-01-05 19:26:55,912 [WARNING] [FAIL] LOGIN_FAIL user=gamer01 due to bad_password
2026-01-05 19:26:55,912 [INFO] -> LOGIN_ATTEMPT user=starrynight
2026-01-05 19:26:55,912 [WARNING] [FAIL] LOGIN_FAIL user=starrynight due to bad_password
2026-01-05 19:26:55,912 [INFO] -> LOGIN_ATTEMPT user=midnightwolf
2026-01-05 19:26:55,912 [WARNING] [FAIL] LOGIN_FAIL user=midnightwolf due to bad_password
2026-01-05 19:26:55,912 [INFO] -> LOGIN_ATTEMPT user=coffee_addict
2026-01-05 19:26:55,912 [WARNING] [FAIL] LOGIN_FAIL user=coffee_addict due to bad_password
2026-01-05 19:26:55,912 [INFO] -> LOGIN_ATTEMPT user=bluebird
2026-01-05 19:26:55,912 [WARNING] [FAIL] LOGIN_FAIL user=bluebird due to bad_password
2026-01-05 19:26:55,912 [INFO] -> LOGIN_ATTEMPT user=explorer
2026-01-05 19:26:55,912 [WARNING] [FAIL] LOGIN_FAIL user=explorer due to bad_password
2026-01-05 19:26:55,912 [INFO] -> LOGIN_ATTEMPT user=sam
2026-01-05 19:26:55,913 [INFO] [OK] LOGIN_SUCCESS user=sam
2026-01-05 19:26:55,913 [INFO] -> LOGIN_ATTEMPT user=charlie
2026-01-05 19:26:55,913 [WARNING] [FAIL] LOGIN_FAIL user=charlie due to bad_password
2026-01-05 19:26:55,913 [INFO] -> LOGIN_ATTEMPT user=jordan
2026-01-05 19:26:55,913 [WARNING] [FAIL] LOGIN_FAIL user=jordan due to bad_password
2026-01-05 19:26:55,913 [INFO] -> LOGIN_ATTEMPT user=chris
2026-01-05 19:26:55,913 [WARNING] [FAIL] LOGIN_FAIL user=chris due to bad_password
2026-01-05 19:26:55,913 [INFO] -> LOGIN_ATTEMPT user=pat
2026-01-05 19:26:55,913 [WARNING] [FAIL] LOGIN_FAIL user=pat due to bad_password
2026-01-05 19:26:55,913 [INFO] -> LOGIN_ATTEMPT user=robin
2026-01-05 19:26:55,913 [WARNING] [FAIL] LOGIN_FAIL user=robin due to bad_password
2026-01-05 19:26:55,913 [INFO] -> LOGIN_ATTEMPT user=casey
2026-01-05 19:26:55,913 [WARNING] [FAIL] LOGIN_FAIL user=casey due to bad_password
2026-01-05 19:26:55,913 [INFO] -> LOGIN_ATTEMPT user=jules
2026-01-05 19:26:55,913 [WARNING] [FAIL] LOGIN_FAIL user=jules due to bad_password
2026-01-05 19:26:55,913 [INFO] -> LOGIN_ATTEMPT user=max
2026-01-05 19:26:55,913 [WARNING] [FAIL] LOGIN_FAIL user=max due to bad_password
2026-01-05 19:26:55,913 [INFO] -> LOGIN_ATTEMPT user=ava
2026-01-05 19:26:55,913 [WARNING] [FAIL] LOGIN_FAIL user=ava due to bad_password
2026-01-05 19:26:55,914 [INFO] -> LOGIN_ATTEMPT user=lily
2026-01-05 19:26:55,914 [WARNING] [FAIL] LOGIN_FAIL user=lily due to bad_password
2026-01-05 19:26:55,914 [INFO] -> LOGIN_ATTEMPT user=leo
2026-01-05 19:26:55,914 [WARNING] [FAIL] LOGIN_FAIL user=leo due to bad_password
2026-01-05 19:26:55,914 [INFO] -> LOGIN_ATTEMPT user=sophie
2026-01-05 19:26:55,914 [WARNING] [FAIL] LOGIN_FAIL user=sophie due to bad_password
2026-01-05 19:26:55,914 [INFO] -> LOGIN_ATTEMPT user=mia
2026-01-05 19:26:55,914 [WARNING] [FAIL] LOGIN_FAIL user=mia due to bad_password
2026-01-05 19:26:55,914 [INFO] -> LOGIN_ATTEMPT user=ethan
2026-01-05 19:26:55,914 [WARNING] [FAIL] LOGIN_FAIL user=ethan due to bad_password
2026-01-05 19:26:55,914 [INFO] -> LOGIN_ATTEMPT user=oliver
2026-01-05 19:26:55,914 [WARNING] [FAIL] LOGIN_FAIL user=oliver due to bad_password
2026-01-05 19:26:55,914 [INFO] -> LOGIN_ATTEMPT user=nina
2026-01-05 19:26:55,914 [WARNING] [FAIL] LOGIN_FAIL user=nina due to bad_password
2026-01-05 19:26:55,914 [INFO] -> LOGIN_ATTEMPT user=daniel
2026-01-05 19:26:55,914 [WARNING] [FAIL] LOGIN_FAIL user=daniel due to bad_password
2026-01-05 19:26:55,914 [INFO] -> LOGIN_ATTEMPT user=user123
2026-01-05 19:26:55,915 [WARNING] [FAIL] LOGIN_FAIL user=user123 due to bad_password
2026-01-05 19:26:55,915 [INFO] -> LOGIN_ATTEMPT user=sunnyday
2026-01-05 19:26:55,915 [WARNING] [FAIL] LOGIN_FAIL user=sunnyday due to bad_password
2026-01-05 19:26:55,915 [INFO] -> LOGIN_ATTEMPT user=gamer01
2026-01-05 19:26:55,915 [WARNING] [FAIL] LOGIN_FAIL user=gamer01 due to bad_password
2026-01-05 19:26:55,915 [INFO] -> LOGIN_ATTEMPT user=starrynight
2026-01-05 19:26:55,915 [WARNING] [FAIL] LOGIN_FAIL user=starrynight due to bad_password
2026-01-05 19:26:55,915 [INFO] -> LOGIN_ATTEMPT user=midnightwolf
2026-01-05 19:26:55,915 [WARNING] [FAIL] LOGIN_FAIL user=midnightwolf due to bad_password
2026-01-05 19:26:55,916 [INFO] -> LOGIN_ATTEMPT user=coffee_addict
2026-01-05 19:26:55,916 [WARNING] [FAIL] LOGIN_FAIL user=coffee_addict due to bad_password
2026-01-05 19:26:55,916 [INFO] -> LOGIN_ATTEMPT user=bluebird
2026-01-05 19:26:55,916 [WARNING] [FAIL] LOGIN_FAIL user=bluebird due to bad_password
2026-01-05 19:26:55,916 [INFO] -> LOGIN_ATTEMPT user=explorer
2026-01-05 19:26:55,916 [WARNING] [FAIL] LOGIN_FAIL user=explorer due to bad_password
2026-01-05 19:26:55,916 [INFO] login succeeded for unauthorized user via Password Spraying for 5 users over 30
==================== Overall Statistics ====================
total_attempts: 140
success_rate: 3.57%
avg_latency_ms: 0.0056
attempts_per_sec: 6666.666666666666