2026-01-05 19:25:59,048 [INFO] Program started - 526338897
2026-01-05 19:25:59,056 [INFO] -> LOGIN_ATTEMPT user=alex
2026-01-05 19:25:59,056 [INFO] [OK] LOGIN_SUCCESS user=alex
2026-01-05 19:25:59,056 [INFO] -> LOGIN_ATTEMPT user=sam
2026-01-05 19:25:59,056 [WARNING] [FAIL] LOGIN_FAIL user=sam due to bad_password
2026-01-05 19:25:59,056 [INFO] -> LOGIN_ATTEMPT user=charlie
2026-01-05 19:25:59,056 [WARNING] [FAIL] LOGIN_FAIL user=charlie due to bad_password
2026-01-05 19:25:59,056 [INFO] -> LOGIN_ATTEMPT user=jordan
2026-01-05 19:25:59,056 [WARNING] [FAIL] LOGIN_FAIL user=jordan due to bad_password
2026-01-05 19:25:59,057 [INFO] -> LOGIN_ATTEMPT user=taylor
2026-01-05 19:25:59,057 [WARNING] [FAIL] LOGIN_FAIL user=taylor due to bad_password
2026-01-05 19:25:59,057 [INFO] -> LOGIN_ATTEMPT user=morgan
2026-01-05 19:25:59,057 [WARNING] [FAIL] LOGIN_FAIL user=morgan due to bad_password
2026-01-05 19:25:59,057 [INFO] -> LOGIN_ATTEMPT user=chris
2026-01-05 19:25:59,057 [WARNING] [FAIL] LOGIN_FAIL user=chris due to bad_password
2026-01-05 19:25:59,057 [INFO] -> LOGIN_ATTEMPT user=jamie
2026-01-05 19:25:59,057 [WARNING] [FAIL] LOGIN_FAIL user=jamie due to bad_password
2026-01-05 19:25:59,057 [INFO] -> LOGIN_ATTEMPT user=pat
2026-01-05 19:25:59,057 [WARNING] [FAIL] LOGIN_FAIL user=pat due to bad_password
2026-01-05 19:25:59,057 [INFO] -> LOGIN_ATTEMPT user=robin
2026-01-05 19:25:59,057 [WARNING] [FAIL] LOGIN_FAIL user=robin due to bad_password
2026-01-05 19:25:59,057 [INFO] -> LOGIN_ATTEMPT user=casey
2026-01-05 19:25:59,057 [WARNING] [FAIL] LOGIN_FAIL user=casey due to bad_password
2026-01-05 19:25:59,058 [INFO] -> LOGIN_ATTEMPT user=jules
2026-01-05 19:25:59,058 [WARNING] [FAIL] LOGIN_FAIL user=jules due to bad_password
2026-01-05 19:25:59,058 [INFO] -> LOGIN_ATTEMPT user=max
2026-01-05 19:25:59,058 [WARNING] [FAIL] LOGIN_FAIL user=max due to bad_password
2026-01-05 19:25:59,058 [INFO] -> LOGIN_ATTEMPT user=ava
2026-01-05 19:25:59,058 [WARNING] [FAIL] LOGIN_FAIL user=ava due to bad_password
2026-01-05 19:25:59,058 [INFO] -> LOGIN_ATTEMPT user=lily
2026-01-05 19:25:59,058 [WARNING] [FAIL] LOGIN_FAIL user=lily due to bad_password
2026-01-05 19:25:59,058 [INFO] -> LOGIN_ATTEMPT user=leo
2026-01-05 19:25:59,058 [WARNING] [FAIL] LOGIN_FAIL user=leo due to bad_password
2026-01-05 19:25:59,058 [INFO] -> LOGIN_ATTEMPT user=sophie
2026-01-05 19:25:59,058 [WARNING] [FAIL] LOGIN_FAIL user=sophie due to bad_password
2026-01-05 19:25:59,058 [INFO] -> LOGIN_ATTEMPT user=mia
2026-01-05 19:25:59,058 [WARNING] [FAIL] LOGIN_FAIL user=mia due to bad_password
2026-01-05 19:25:59,058 [INFO] -> LOGIN_ATTEMPT user=ethan
2026-01-05 19:25:59,058 [WARNING] [FAIL] LOGIN_FAIL user=ethan due to bad_password
2026-01-05 19:25:59,058 [INFO] -> LOGIN_ATTEMPT user=oliver
2026-01-05 19:25:59,059 [WARNING] [FAIL] LOGIN_FAIL user=oliver due to bad_password
2026-01-05 19:25:59,059 [INFO] -> LOGIN_ATTEMPT user=nina
2026-01-05 19:25:59,059 [WARNING] [FAIL] LOGIN_FAIL user=nina due to bad_password
2026-01-05 19:25:59,059 [INFO] -> LOGIN_ATTEMPT user=daniel
2026-01-05 19:25:59,059 [WARNING] [FAIL] LOGIN_FAIL user=daniel due to bad_password
2026-01-05 19:25:59,059 [INFO] -> LOGIN_ATTEMPT user=user123
2026-01-05 19:25:59,059 [WARNING] [FAIL] LOGIN_FAIL user=user123 due to bad_password
2026-01-05 19:25:59,059 [INFO] -> LOGIN_ATTEMPT user=sunnyday
2026-01-05 19:25:59,059 [WARNING] [FAIL] LOGIN_FAIL user=sunnyday due to bad_password
2026-01-05 19:25:59,059 [INFO] -> LOGIN_ATTEMPT user=gamer01
2026-01-05 19:25:59,059 [WARNING] [FAIL] LOGIN_FAIL user=gamer01 due to bad_password
2026-01-05 19:25:59,059 [INFO] -> LOGIN_ATTEMPT user=starrynight
2026-01-05 19:25:59,059 [WARNING] [FAIL] LOGIN_FAIL user=starrynight due to bad_password
2026-01-05 19:25:59,059 [INFO] -> LOGIN_ATTEMPT user=midnightwolf
2026-01-05 19:25:59,059 [WARNING] [FAIL] LOGIN_FAIL user=midnightwolf due to bad_password
2026-01-05 19:25:59,059 [INFO] -> LOGIN_ATTEMPT user=coffee_addict
2026-01-05 19:25:59,059 [WARNING] [FAIL] LOGIN_FAIL user=coffee_addict due to bad_password
2026-01-05 19:25:59,059 [INFO] -> LOGIN_ATTEMPT user=bluebird
2026-01-05 19:25:59,060 [WARNING] [FAIL] LOGIN_FAIL user=bluebird due to bad_password
2026-01-05 19:25:59,060 [INFO] -> LOGIN_ATTEMPT user=explorer
2026-01-05 19:25:59,060 [WARNING] [FAIL] LOGIN_FAIL user=explorer due to bad_password
2026-01-05 19:25:59,060 [INFO] -> LOGIN_ATTEMPT user=sam
2026-01-05 19:25:59,060 [WARNING] [FAIL] LOGIN_FAIL user=sam due to bad_password
2026-01-05 19:25:59,060 [INFO] -> LOGIN_ATTEMPT user=charlie
2026-01-05 19:25:59,060 [WARNING] [FAIL] LOGIN_FAIL user=charlie due to bad_password
2026-01-05 19:25:59,060 [INFO] -> LOGIN_ATTEMPT user=jordan
2026-01-05 19:25:59,060 [WARNING] [FAIL] LOGIN_FAIL user=jordan due to bad_password
2026-01-05 19:25:59,060 [INFO] -> LOGIN_ATTEMPT user=taylor
2026-01-05 19:25:59,060 [WARNING] [FAIL] LOGIN_FAIL user=taylor due to bad_password
2026-01-05 19:25:59,061 [INFO] -> LOGIN_ATTEMPT user=morgan
2026-01-05 19:25:59,061 [INFO] [OK] LOGIN_SUCCESS user=morgan
2026-01-05 19:25:59,061 [INFO] -> LOGIN_ATTEMPT user=chris
2026-01-05 19:25:59,061 [WARNING] [FAIL] LOGIN_FAIL user=chris due to bad_password
2026-01-05 19:25:59,061 [INFO] -> LOGIN_ATTEMPT user=jamie
2026-01-05 19:25:59,061 [WARNING] [FAIL] LOGIN_FAIL user=jamie due to bad_password
2026-01-05 19:25:59,061 [INFO] -> LOGIN_ATTEMPT user=pat
2026-01-05 19:25:59,061 [WARNING] [FAIL] LOGIN_FAIL user=pat due to bad_password
2026-01-05 19:25:59,061 [INFO] -> LOGIN_ATTEMPT user=robin
2026-01-05 19:25:59,061 [WARNING] [FAIL] LOGIN_FAIL user=robin due to bad_password
2026-01-05 19:25:59,062 [INFO] -> LOGIN_ATTEMPT user=casey
2026-01-05 19:25:59,062 [WARNING] [FAIL] LOGIN_FAIL user=casey due to bad_password
2026-01-05 19:25:59,062 [INFO] -> LOGIN_ATTEMPT user=jules
2026-01-05 19:25:59,062 [WARNING] [FAIL] LOGIN_FAIL user=jules due to bad_password
2026-01-05 19:25:59,062 [INFO] -> LOGIN_ATTEMPT user=max
2026-01-05 19:25:59,062 [WARNING] [FAIL] LOGIN_FAIL user=max due to bad_password
2026-01-05 19:25:59,062 [INFO] -> LOGIN_ATTEMPT user=ava
2026-01-05 19:25:59,062 [WARNING] [FAIL] LOGIN_FAIL user=ava due to bad_password
2026-01-05 19:25:59,063 [INFO] -> LOGIN_ATTEMPT user=lily
2026-01-05 19:25:59,063 [WARNING] [FAIL] LOGIN_FAIL user=lily due to bad_password
2026-01-05 19:25:59,063 [INFO] -> LOGIN_ATTEMPT user=leo
2026-01-05 19:25:59,063 [WARNING] [FAIL] LOGIN_FAIL user=leo due to bad_password
2026-01-05 19:25:59,063 [INFO] -> LOGIN_ATTEMPT user=sophie
2026-01-05 19:25:59,063 [WARNING] [FAIL] LOGIN_FAIL user=sophie due to bad_password
2026-01-05 19:25:59,063 [INFO] -> LOGIN_ATTEMPT user=mia
2026-01-05 19:25:59,063 [WARNING] [FAIL] LOGIN_FAIL user=mia due to bad_password
2026-01-05 19:25:59,063 [INFO] -> LOGIN_ATTEMPT user=ethan
2026-01-05 19:25:59,063 [WARNING] [FAIL] LOGIN_FAIL user=ethan due to bad_password
2026-01-05 19:25:59,063 [INFO] -> LOGIN_ATTEMPT user=oliver
2026-01-05 19:25:59,063 [WARNING] [FAIL] LOGIN_FAIL user=oliver due to bad_password
2026-01-05 19:25:59,064 [INFO] -> LOGIN_ATTEMPT user=nina
2026-01-05 19:25:59,064 [WARNING] [FAIL] LOGIN_FAIL user=nina due to bad_password
2026-01-05 19:25:59,064 [INFO] -> LOGIN_ATTEMPT user=daniel
2026-01-05 19:25:59,064 [WARNING] [FAIL] LOGIN_FAIL user=daniel due to bad_password
2026-01-05 19:25:59,064 [INFO] -> LOGIN_ATTEMPT user=user123
2026-01-05 19:25:59,064 [WARNING] [FAIL] LOGIN_FAIL user=user123 due to bad_password
2026-01-05 19:25:59,064 [INFO] -> LOGIN_ATTEMPT user=sunnyday
2026-01-05 19:25:59,064 [WARNING] [FAIL] LOGIN_FAIL user=sunnyday due to bad_password
2026-01-05 19:25:59,064 [INFO] -> LOGIN_ATTEMPT user=gamer01
2026-01-05 19:25:59,064 [WARNING] [FAIL] LOGIN_FAIL user=gamer01 due to bad_password
2026-01-05 19:25:59,064 [INFO] -> LOGIN_ATTEMPT user=starrynight
2026-01-05 19:25:59,064 [WARNING] [FAIL] LOGIN_FAIL user=starrynight due to bad_password
2026-01-05 19:25:59,064 [INFO] -> LOGIN_ATTEMPT user=midnightwolf
2026-01-05 19:25:59,064 [WARNING] [FAIL] LOGIN_FAIL user=midnightwolf due to bad_password
2026-01-05 19:25:59,065 [INFO] -> LOGIN_ATTEMPT user=coffee_addict
2026-01-05 19:25:59,065 [WARNING] [FAIL] LOGIN_FAIL user=coffee_addict due to bad_password
2026-01-05 19:25:59,065 [INFO] -> LOGIN_ATTEMPT user=bluebird
2026-01-05 19:25:59,065 [WARNING] [FAIL] LOGIN_FAIL user=bluebird due to bad_password
2026-01-05 19:25:59,065 [INFO] -> LOGIN_ATTEMPT user=explorer
2026-01-05 19:25:59,065 [WARNING] [FAIL] LOGIN_FAIL user=explorer due to bad_password
2026-01-05 19:25:59,065 [INFO] -> LOGIN_ATTEMPT user=sam
2026-01-05 19:25:59,065 [WARNING] [FAIL] LOGIN_FAIL user=sam due to bad_password
2026-01-05 19:25:59,065 [INFO] -> LOGIN_ATTEMPT user=charlie
2026-01-05 19:25:59,065 [WARNING] [FAIL] LOGIN_FAIL user=charlie due to bad_password
2026-01-05 19:25:59,065 [INFO] -> LOGIN_ATTEMPT user=jordan
2026-01-05 19:25:59,065 [WARNING] [FAIL] LOGIN_FAIL user=jordan due to bad_password
2026-01-05 19:25:59,065 [INFO] -> LOGIN_ATTEMPT user=taylor
2026-01-05 19:25:59,065 [WARNING] [FAIL] LOGIN_FAIL user=taylor due to bad_password
2026-01-05 19:25:59,065 [INFO] -> LOGIN_ATTEMPT user=chris
2026-01-05 19:25:59,065 [WARNING] [FAIL] LOGIN_FAIL user=chris due to bad_password
2026-01-05 19:25:59,065 [INFO] -> LOGIN_ATTEMPT user=jamie
2026-01-05 19:25:59,066 [INFO] [OK] LOGIN_SUCCESS user=jamie
2026-01-05 19:25:59,066 [INFO] -> LOGIN_ATTEMPT user=pat
2026-01-05 19:25:59,066 [WARNING] [FAIL] LOGIN_FAIL user=pat due to bad_password
2026-01-05 19:25:59,066 [INFO] -> LOGIN_ATTEMPT user=robin
2026-01-05 19:25:59,066 [WARNING] [FAIL] LOGIN_FAIL user=robin due to bad_password
2026-01-05 19:25:59,066 [INFO] -> LOGIN_ATTEMPT user=casey
2026-01-05 19:25:59,066 [WARNING] [FAIL] LOGIN_FAIL user=casey due to bad_password
2026-01-05 19:25:59,066 [INFO] -> LOGIN_ATTEMPT user=jules
2026-01-05 19:25:59,066 [WARNING] [FAIL] LOGIN_FAIL user=jules due to bad_password
2026-01-05 19:25:59,066 [INFO] -> LOGIN_ATTEMPT user=max
2026-01-05 19:25:59,066 [WARNING] [FAIL] LOGIN_FAIL user=max due to bad_password
2026-01-05 19:25:59,066 [INFO] -> LOGIN_ATTEMPT user=ava
2026-01-05 19:25:59,067 [WARNING] [FAIL] LOGIN_FAIL user=ava due to bad_password
2026-01-05 19:25:59,067 [INFO] -> LOGIN_ATTEMPT user=lily
2026-01-05 19:25:59,067 [WARNING] [FAIL] LOGIN_FAIL user=lily due to bad_password
2026-01-05 19:25:59,067 [INFO] -> LOGIN_ATTEMPT user=leo
2026-01-05 19:25:59,067 [WARNING] [FAIL] LOGIN_FAIL user=leo due to bad_password
2026-01-05 19:25:59,067 [INFO] -> LOGIN_ATTEMPT user=sophie
2026-01-05 19:25:59,067 [WARNING] [FAIL] LOGIN_FAIL user=sophie due to bad_password
2026-01-05 19:25:59,067 [INFO] -> LOGIN_ATTEMPT user=mia
2026-01-05 19:25:59,067 [WARNING] [FAIL] LOGIN_FAIL user=mia due to bad_password
2026-01-05 19:25:59,067 [INFO] -> LOGIN_ATTEMPT user=ethan
2026-01-05 19:25:59,067 [WARNING] [FAIL] LOGIN_FAIL user=ethan due to bad_password
2026-01-05 19:25:59,067 [INFO] -> LOGIN_ATTEMPT user=oliver
2026-01-05 19:25:59,068 [WARNING] [FAIL] LOGIN_FAIL user=oliver due to bad_password
2026-01-05 19:25:59,068 [INFO] -> LOGIN_ATTEMPT user=nina
2026-01-05 19:25:59,068 [WARNING] [FAIL] LOGIN_FAIL user=nina due to bad_password
2026-01-05 19:25:59,068 [INFO] -> LOGIN_ATTEMPT user=daniel
2026-01-05 19:25:59,068 [WARNING] [FAIL] LOGIN_FAIL user=daniel due to bad_password
2026-01-05 19:25:59,068 [INFO] -> LOGIN_ATTEMPT user=user123
2026-01-05 19:25:59,068 [WARNING] [FAIL] LOGIN_FAIL user=user123 due to bad_password
2026-01-05 19:25:59,068 [INFO] -> LOGIN_ATTEMPT user=sunnyday
2026-01-05 19:25:59,068 [WARNING] [FAIL] LOGIN_FAIL user=sunnyday due to bad_password
2026-01-05 19:25:59,068 [INFO] -> LOGIN_ATTEMPT user=gamer01
2026-01-05 19:25:59,068 [WARNING] [FAIL] LOGIN_FAIL user=gamer01 due to bad_password
2026-01-05 19:25:59,068 [INFO] -> LOGIN_ATTEMPT user=starrynight
2026-01-05 19:25:59,068 [WARNING] [FAIL] LOGIN_FAIL user=starrynight due to bad_password
2026-01-05 19:25:59,068 [INFO] -> LOGIN_ATTEMPT user=midnightwolf
2026-01-05 19:25:59,068 [WARNING] [FAIL] LOGIN_FAIL user=midnightwolf due to bad_password
2026-01-05 19:25:59,068 [INFO] -> LOGIN_ATTEMPT user=coffee_addict
2026-01-05 19:25:59,068 [WARNING] [FAIL] LOGIN_FAIL user=coffee_addict due to bad_password
2026-01-05 19:25:59,069 [INFO] -> LOGIN_ATTEMPT user=bluebird
2026-01-05 19:25:59,069 [WARNING] [FAIL] LOGIN_FAIL user=bluebird due to bad_password
2026-01-05 19:25:59,069 [INFO] -> LOGIN_ATTEMPT user=explorer
2026-01-05 19:25:59,069 [WARNING] [FAIL] LOGIN_FAIL user=explorer due to bad_password
2026-01-05 19:25:59,069 [INFO] -> LOGIN_ATTEMPT user=sam
2026-01-05 19:25:59,069 [WARNING] [FAIL] LOGIN_FAIL user=sam due to bad_password
2026-01-05 19:25:59,070 [INFO] -> LOGIN_ATTEMPT user=charlie
2026-01-05 19:25:59,070 [WARNING] [FAIL] LOGIN_FAIL user=charlie due to bad_password
2026-01-05 19:25:59,070 [INFO] -> LOGIN_ATTEMPT user=jordan
2026-01-05 19:25:59,070 [WARNING] [FAIL] LOGIN_FAIL user=jordan due to bad_password
2026-01-05 19:25:59,070 [INFO] -> LOGIN_ATTEMPT user=taylor
2026-01-05 19:25:59,070 [INFO] [OK] LOGIN_SUCCESS user=taylor
2026-01-05 19:25:59,070 [INFO] -> LOGIN_ATTEMPT user=chris
2026-01-05 19:25:59,070 [WARNING] [FAIL] LOGIN_FAIL user=chris due to bad_password
2026-01-05 19:25:59,070 [INFO] -> LOGIN_ATTEMPT user=pat
2026-01-05 19:25:59,070 [WARNING] [FAIL] LOGIN_FAIL user=pat due to bad_password
2026-01-05 19:25:59,070 [INFO] -> LOGIN_ATTEMPT user=robin
2026-01-05 19:25:59,070 [WARNING] [FAIL] LOGIN_FAIL user=robin due to bad_password
2026-01-05 19:25:59,071 [INFO] -> LOGIN_ATTEMPT user=casey
2026-01-05 19:25:59,071 [WARNING] [FAIL] LOGIN_FAIL user=casey due to bad_password
2026-01-05 19:25:59,071 [INFO] -> LOGIN_ATTEMPT user=jules
2026-01-05 19:25:59,071 [WARNING] [FAIL] LOGIN_FAIL user=jules due to bad_password
2026-01-05 19:25:59,071 [INFO] -> LOGIN_ATTEMPT user=max
2026-01-05 19:25:59,071 [WARNING] [FAIL] LOGIN_FAIL user=max due to bad_password
2026-01-05 19:25:59,071 [INFO] -> LOGIN_ATTEMPT user=ava
2026-01-05 19:25:59,071 [WARNING] [FAIL] LOGIN_FAIL user=ava due to bad_password
2026-01-05 19:25:59,071 [INFO] -> LOGIN_ATTEMPT user=lily
2026-01-05 19:25:59,072 [WARNING] [FAIL] LOGIN_FAIL user=lily due to bad_password
2026-01-05 19:25:59,072 [INFO] -> LOGIN_ATTEMPT user=leo
2026-01-05 19:25:59,072 [WARNING] [FAIL] LOGIN_FAIL user=leo due to bad_password
2026-01-05 19:25:59,072 [INFO] -> LOGIN_ATTEMPT user=sophie
2026-01-05 19:25:59,072 [WARNING] [FAIL] LOGIN_FAIL user=sophie due to bad_password
2026-01-05 19:25:59,072 [INFO] -> LOGIN_ATTEMPT user=mia
2026-01-05 19:25:59,072 [WARNING] [FAIL] LOGIN_FAIL user=mia due to bad_password
2026-01-05 19:25:59,072 [INFO] -> LOGIN_ATTEMPT user=ethan
2026-01-05 19:25:59,072 [WARNING] [FAIL] LOGIN_FAIL user=ethan due to bad_password
2026-01-05 19:25:59,072 [INFO] -> LOGIN_ATTEMPT user=oliver
2026-01-05 19:25:59,072 [WARNING] [FAIL] LOGIN_FAIL user=oliver due to bad_password
2026-01-05 19:25:59,072 [INFO] -> LOGIN_ATTEMPT user=nina
2026-01-05 19:25:59,072 [WARNING] [FAIL] LOGIN_FAIL user=nina due to bad_password
2026-01-05 19:25:59,072 [INFO] -> LOGIN_ATTEMPT user=daniel
2026-01-05 19:25:59,072 [WARNING] [FAIL] LOGIN_FAIL user=daniel due to bad_password
2026-01-05 19:25:59,073 [INFO] -> LOGIN_ATTEMPT user=user123
2026-01-05 19:25:59,073 [WARNING] [FAIL] LOGIN_FAIL user=user123 due to bad_password
2026-01-05 19:25:59,073 [INFO] -> LOGIN_ATTEMPT user=sunnyday
2026-01-05 19:25:59,073 [WARNING] [FAIL] LOGIN_FAIL user=sunnyday due to bad_password
2026-01-05 19:25:59,073 [INFO] -> LOGIN_ATTEMPT user=gamer01
2026-01-05 19:25:59,073 [WARNING] [FAIL] LOGIN_FAIL user=gamer01 due to bad_password
2026-01-05 19:25:59,073 [INFO] -> LOGIN_ATTEMPT user=starrynight
2026-01-05 19:25:59,073 [WARNING] [FAIL] LOGIN_FAIL user=starrynight due to bad_password
2026-01-05 19:25:59,073 [INFO] -> LOGIN_ATTEMPT user=midnightwolf
2026-01-05 19:25:59,073 [WARNING] [FAIL] LOGIN_FAIL user=midnightwolf due to bad_password
2026-01-05 19:25:59,073 [INFO] -> LOGIN_ATTEMPT user=coffee_addict
2026-01-05 19:25:59,073 [WARNING] [FAIL] LOGIN_FAIL user=coffee_addict due to bad_password
2026-01-05 19:25:59,073 [INFO] -> LOGIN_ATTEMPT user=bluebird
2026-01-05 19:25:59,074 [WARNING] [FAIL] LOGIN_FAIL user=bluebird due to bad_password
2026-01-05 19:25:59,074 [INFO] -> LOGIN_ATTEMPT user=explorer
2026-01-05 19:25:59,074 [WARNING] [FAIL] LOGIN_FAIL user=explorer due to bad_password
2026-01-05 19:25:59,074 [INFO] -> LOGIN_ATTEMPT user=sam
2026-01-05 19:25:59,074 [INFO] [OK] LOGIN_SUCCESS user=sam
2026-01-05 19:25:59,074 [INFO] -> LOGIN_ATTEMPT user=charlie
2026-01-05 19:25:59,074 [WARNING] [FAIL] LOGIN_FAIL user=charlie due to bad_password
2026-01-05 19:25:59,074 [INFO] -> LOGIN_ATTEMPT user=jordan
2026-01-05 19:25:59,074 [WARNING] [FAIL] LOGIN_FAIL user=jordan due to bad_password
2026-01-05 19:25:59,074 [INFO] -> LOGIN_ATTEMPT user=chris
2026-01-05 19:25:59,074 [WARNING] [FAIL] LOGIN_FAIL user=chris due to bad_password
2026-01-05 19:25:59,074 [INFO] -> LOGIN_ATTEMPT user=pat
2026-01-05 19:25:59,074 [WARNING] [FAIL] LOGIN_FAIL user=pat due to bad_password
2026-01-05 19:25:59,074 [INFO] -> LOGIN_ATTEMPT user=robin
2026-01-05 19:25:59,074 [WARNING] [FAIL] LOGIN_FAIL user=robin due to bad_password
2026-01-05 19:25:59,074 [INFO] -> LOGIN_ATTEMPT user=casey
2026-01-05 19:25:59,074 [WARNING] [FAIL] LOGIN_FAIL user=casey due to bad_password
2026-01-05 19:25:59,075 [INFO] -> LOGIN_ATTEMPT user=jules
2026-01-05 19:25:59,075 [WARNING] [FAIL] LOGIN_FAIL user=jules due to bad_password
2026-01-05 19:25:59,075 [INFO] -> LOGIN_ATTEMPT user=max
2026-01-05 19:25:59,075 [WARNING] [FAIL] LOGIN_FAIL user=max due to bad_password
2026-01-05 19:25:59,075 [INFO] -> LOGIN_ATTEMPT user=ava
2026-01-05 19:25:59,075 [WARNING] [FAIL] LOGIN_FAIL user=ava due to bad_password
2026-01-05 19:25:59,075 [INFO] -> LOGIN_ATTEMPT user=lily
2026-01-05 19:25:59,075 [WARNING] [FAIL] LOGIN_FAIL user=lily due to bad_password
2026-01-05 19:25:59,075 [INFO] -> LOGIN_ATTEMPT user=leo
2026-01-05 19:25:59,075 [WARNING] [FAIL] LOGIN_FAIL user=leo due to bad_password
2026-01-05 19:25:59,075 [INFO] -> LOGIN_ATTEMPT user=sophie
2026-01-05 19:25:59,075 [WARNING] [FAIL] LOGIN_FAIL user=sophie due to bad_password
2026-01-05 19:25:59,075 [INFO] -> LOGIN_ATTEMPT user=mia
2026-01-05 19:25:59,075 [WARNING] [FAIL] LOGIN_FAIL user=mia due to bad_password
2026-01-05 19:25:59,075 [INFO] -> LOGIN_ATTEMPT user=ethan
2026-01-05 19:25:59,075 [WARNING] [FAIL] LOGIN_FAIL user=ethan due to bad_password
2026-01-05 19:25:59,075 [INFO] -> LOGIN_ATTEMPT user=oliver
2026-01-05 19:25:59,075 [WARNING] [FAIL] LOGIN_FAIL user=oliver due to bad_password
2026-01-05 19:25:59,075 [INFO] -> LOGIN_ATTEMPT user=nina
2026-01-05 19:25:59,076 [WARNING] [FAIL] LOGIN_FAIL user=nina due to bad_password
2026-01-05 19:25:59,076 [INFO] -> LOGIN_ATTEMPT user=daniel
2026-01-05 19:25:59,076 [WARNING] [FAIL] LOGIN_FAIL user=daniel due to bad_password
2026-01-05 19:25:59,076 [INFO] -> LOGIN_ATTEMPT user=user123
2026-01-05 19:25:59,076 [WARNING] [FAIL] LOGIN_FAIL user=user123 due to bad_password
2026-01-05 19:25:59,076 [INFO] -> LOGIN_ATTEMPT user=sunnyday
2026-01-05 19:25:59,076 [WARNING] [FAIL] LOGIN_FAIL user=sunnyday due to bad_password
2026-01-05 19:25:59,076 [INFO] -> LOGIN_ATTEMPT user=gamer01
2026-01-05 19:25:59,076 [WARNING] [FAIL] LOGIN_FAIL user=gamer01 due to bad_password
2026-01-05 19:25:59,076 [INFO] -> LOGIN_ATTEMPT user=starrynight
2026-01-05 19:25:59,076 [WARNING] [FAIL] LOGIN_FAIL user=starrynight due to bad_password
2026-01-05 19:25:59,077 [INFO] -> LOGIN_ATTEMPT user=midnightwolf
2026-01-05 19:25:59,077 [WARNING] [FAIL] LOGIN_FAIL user=midnightwolf due to bad_password
2026-01-05 19:25:59,077 [INFO] -> LOGIN_ATTEMPT user=coffee_addict
2026-01-05 19:25:59,077 [WARNING] [FAIL] LOGIN_FAIL user=coffee_addict due to bad_password
2026-01-05 19:25:59,077 [INFO] -> LOGIN_ATTEMPT user=bluebird
2026-01-05 19:25:59,077 [WARNING] [FAIL] LOGIN_FAIL user=bluebird due to bad_password
2026-01-05 19:25:59,077 [INFO] -> LOGIN_ATTEMPT user=explorer
2026-01-05 19:25:59,077 [WARNING] [FAIL] LOGIN_FAIL user=explorer due to bad_password
2026-01-05 19:25:59,077 [INFO] login succeeded for unauthorized user via Password Spraying for 5 users over 30
==================== Overall Statistics ====================
total_attempts: 140
success_rate: 3.57%
avg_latency_ms: 0.0072
attempts_per_sec: 6666.666666666666