2026-01-05 19:25:10,743 [INFO] Program started - 526338897
2026-01-05 19:25:10,752 [INFO] -> LOGIN_ATTEMPT user=alex
2026-01-05 19:25:10,752 [WARNING] [FAIL] LOGIN_FAIL user=alex due to totp_required
2026-01-05 19:25:10,753 [INFO] -> LOGIN_ATTEMPT user=sam
2026-01-05 19:25:10,753 [WARNING] [FAIL] LOGIN_FAIL user=sam due to bad_password
2026-01-05 19:25:10,753 [INFO] -> LOGIN_ATTEMPT user=charlie
2026-01-05 19:25:10,753 [WARNING] [FAIL] LOGIN_FAIL user=charlie due to bad_password
2026-01-05 19:25:10,753 [INFO] -> LOGIN_ATTEMPT user=jordan
2026-01-05 19:25:10,753 [WARNING] [FAIL] LOGIN_FAIL user=jordan due to bad_password
2026-01-05 19:25:10,753 [INFO] -> LOGIN_ATTEMPT user=taylor
2026-01-05 19:25:10,753 [WARNING] [FAIL] LOGIN_FAIL user=taylor due to bad_password
2026-01-05 19:25:10,754 [INFO] -> LOGIN_ATTEMPT user=morgan
2026-01-05 19:25:10,754 [WARNING] [FAIL] LOGIN_FAIL user=morgan due to bad_password
2026-01-05 19:25:10,754 [INFO] -> LOGIN_ATTEMPT user=chris
2026-01-05 19:25:10,754 [WARNING] [FAIL] LOGIN_FAIL user=chris due to bad_password
2026-01-05 19:25:10,754 [INFO] -> LOGIN_ATTEMPT user=jamie
2026-01-05 19:25:10,754 [WARNING] [FAIL] LOGIN_FAIL user=jamie due to bad_password
2026-01-05 19:25:10,754 [INFO] -> LOGIN_ATTEMPT user=pat
2026-01-05 19:25:10,754 [WARNING] [FAIL] LOGIN_FAIL user=pat due to bad_password
2026-01-05 19:25:10,754 [INFO] -> LOGIN_ATTEMPT user=robin
2026-01-05 19:25:10,754 [WARNING] [FAIL] LOGIN_FAIL user=robin due to bad_password
2026-01-05 19:25:10,754 [INFO] -> LOGIN_ATTEMPT user=casey
2026-01-05 19:25:10,754 [WARNING] [FAIL] LOGIN_FAIL user=casey due to bad_password
2026-01-05 19:25:10,755 [INFO] -> LOGIN_ATTEMPT user=jules
2026-01-05 19:25:10,755 [WARNING] [FAIL] LOGIN_FAIL user=jules due to bad_password
2026-01-05 19:25:10,755 [INFO] -> LOGIN_ATTEMPT user=max
2026-01-05 19:25:10,755 [WARNING] [FAIL] LOGIN_FAIL user=max due to bad_password
2026-01-05 19:25:10,755 [INFO] -> LOGIN_ATTEMPT user=ava
2026-01-05 19:25:10,755 [WARNING] [FAIL] LOGIN_FAIL user=ava due to bad_password
2026-01-05 19:25:10,755 [INFO] -> LOGIN_ATTEMPT user=lily
2026-01-05 19:25:10,755 [WARNING] [FAIL] LOGIN_FAIL user=lily due to bad_password
2026-01-05 19:25:10,755 [INFO] -> LOGIN_ATTEMPT user=leo
2026-01-05 19:25:10,756 [WARNING] [FAIL] LOGIN_FAIL user=leo due to bad_password
2026-01-05 19:25:10,756 [INFO] -> LOGIN_ATTEMPT user=sophie
2026-01-05 19:25:10,756 [WARNING] [FAIL] LOGIN_FAIL user=sophie due to bad_password
2026-01-05 19:25:10,756 [INFO] -> LOGIN_ATTEMPT user=mia
2026-01-05 19:25:10,756 [WARNING] [FAIL] LOGIN_FAIL user=mia due to bad_password
2026-01-05 19:25:10,756 [INFO] -> LOGIN_ATTEMPT user=ethan
2026-01-05 19:25:10,756 [WARNING] [FAIL] LOGIN_FAIL user=ethan due to bad_password
2026-01-05 19:25:10,756 [INFO] -> LOGIN_ATTEMPT user=oliver
2026-01-05 19:25:10,756 [WARNING] [FAIL] LOGIN_FAIL user=oliver due to bad_password
2026-01-05 19:25:10,756 [INFO] -> LOGIN_ATTEMPT user=nina
2026-01-05 19:25:10,757 [WARNING] [FAIL] LOGIN_FAIL user=nina due to bad_password
2026-01-05 19:25:10,757 [INFO] -> LOGIN_ATTEMPT user=daniel
2026-01-05 19:25:10,757 [WARNING] [FAIL] LOGIN_FAIL user=daniel due to bad_password
2026-01-05 19:25:10,757 [INFO] -> LOGIN_ATTEMPT user=user123
2026-01-05 19:25:10,757 [WARNING] [FAIL] LOGIN_FAIL user=user123 due to bad_password
2026-01-05 19:25:10,757 [INFO] -> LOGIN_ATTEMPT user=sunnyday
2026-01-05 19:25:10,757 [WARNING] [FAIL] LOGIN_FAIL user=sunnyday due to bad_password
2026-01-05 19:25:10,757 [INFO] -> LOGIN_ATTEMPT user=gamer01
2026-01-05 19:25:10,757 [WARNING] [FAIL] LOGIN_FAIL user=gamer01 due to bad_password
2026-01-05 19:25:10,757 [INFO] -> LOGIN_ATTEMPT user=starrynight
2026-01-05 19:25:10,757 [WARNING] [FAIL] LOGIN_FAIL user=starrynight due to bad_password
2026-01-05 19:25:10,758 [INFO] -> LOGIN_ATTEMPT user=midnightwolf
2026-01-05 19:25:10,758 [WARNING] [FAIL] LOGIN_FAIL user=midnightwolf due to bad_password
2026-01-05 19:25:10,758 [INFO] -> LOGIN_ATTEMPT user=coffee_addict
2026-01-05 19:25:10,758 [WARNING] [FAIL] LOGIN_FAIL user=coffee_addict due to bad_password
2026-01-05 19:25:10,758 [INFO] -> LOGIN_ATTEMPT user=bluebird
2026-01-05 19:25:10,758 [WARNING] [FAIL] LOGIN_FAIL user=bluebird due to bad_password
2026-01-05 19:25:10,758 [INFO] -> LOGIN_ATTEMPT user=explorer
2026-01-05 19:25:10,758 [WARNING] [FAIL] LOGIN_FAIL user=explorer due to bad_password
2026-01-05 19:25:10,758 [INFO] -> LOGIN_ATTEMPT user=alex
2026-01-05 19:25:10,758 [WARNING] [FAIL] LOGIN_FAIL user=alex due to bad_password
2026-01-05 19:25:10,759 [INFO] -> LOGIN_ATTEMPT user=sam
2026-01-05 19:25:10,759 [WARNING] [FAIL] LOGIN_FAIL user=sam due to bad_password
2026-01-05 19:25:10,759 [INFO] -> LOGIN_ATTEMPT user=charlie
2026-01-05 19:25:10,759 [WARNING] [FAIL] LOGIN_FAIL user=charlie due to bad_password
2026-01-05 19:25:10,759 [INFO] -> LOGIN_ATTEMPT user=jordan
2026-01-05 19:25:10,759 [WARNING] [FAIL] LOGIN_FAIL user=jordan due to bad_password
2026-01-05 19:25:10,759 [INFO] -> LOGIN_ATTEMPT user=taylor
2026-01-05 19:25:10,759 [WARNING] [FAIL] LOGIN_FAIL user=taylor due to bad_password
2026-01-05 19:25:10,759 [INFO] -> LOGIN_ATTEMPT user=morgan
2026-01-05 19:25:10,759 [INFO] [OK] LOGIN_SUCCESS user=morgan
2026-01-05 19:25:10,759 [INFO] -> LOGIN_ATTEMPT user=chris
2026-01-05 19:25:10,760 [WARNING] [FAIL] LOGIN_FAIL user=chris due to bad_password
2026-01-05 19:25:10,760 [INFO] -> LOGIN_ATTEMPT user=jamie
2026-01-05 19:25:10,760 [WARNING] [FAIL] LOGIN_FAIL user=jamie due to bad_password
2026-01-05 19:25:10,760 [INFO] -> LOGIN_ATTEMPT user=pat
2026-01-05 19:25:10,760 [WARNING] [FAIL] LOGIN_FAIL user=pat due to bad_password
2026-01-05 19:25:10,760 [INFO] -> LOGIN_ATTEMPT user=robin
2026-01-05 19:25:10,760 [WARNING] [FAIL] LOGIN_FAIL user=robin due to bad_password
2026-01-05 19:25:10,760 [INFO] -> LOGIN_ATTEMPT user=casey
2026-01-05 19:25:10,760 [WARNING] [FAIL] LOGIN_FAIL user=casey due to bad_password
2026-01-05 19:25:10,760 [INFO] -> LOGIN_ATTEMPT user=jules
2026-01-05 19:25:10,761 [WARNING] [FAIL] LOGIN_FAIL user=jules due to bad_password
2026-01-05 19:25:10,761 [INFO] -> LOGIN_ATTEMPT user=max
2026-01-05 19:25:10,761 [WARNING] [FAIL] LOGIN_FAIL user=max due to bad_password
2026-01-05 19:25:10,761 [INFO] -> LOGIN_ATTEMPT user=ava
2026-01-05 19:25:10,761 [WARNING] [FAIL] LOGIN_FAIL user=ava due to bad_password
2026-01-05 19:25:10,761 [INFO] -> LOGIN_ATTEMPT user=lily
2026-01-05 19:25:10,761 [WARNING] [FAIL] LOGIN_FAIL user=lily due to bad_password
2026-01-05 19:25:10,761 [INFO] -> LOGIN_ATTEMPT user=leo
2026-01-05 19:25:10,761 [WARNING] [FAIL] LOGIN_FAIL user=leo due to bad_password
2026-01-05 19:25:10,761 [INFO] -> LOGIN_ATTEMPT user=sophie
2026-01-05 19:25:10,761 [WARNING] [FAIL] LOGIN_FAIL user=sophie due to bad_password
2026-01-05 19:25:10,762 [INFO] -> LOGIN_ATTEMPT user=mia
2026-01-05 19:25:10,762 [WARNING] [FAIL] LOGIN_FAIL user=mia due to bad_password
2026-01-05 19:25:10,762 [INFO] -> LOGIN_ATTEMPT user=ethan
2026-01-05 19:25:10,762 [WARNING] [FAIL] LOGIN_FAIL user=ethan due to bad_password
2026-01-05 19:25:10,762 [INFO] -> LOGIN_ATTEMPT user=oliver
2026-01-05 19:25:10,762 [WARNING] [FAIL] LOGIN_FAIL user=oliver due to bad_password
2026-01-05 19:25:10,762 [INFO] -> LOGIN_ATTEMPT user=nina
2026-01-05 19:25:10,762 [WARNING] [FAIL] LOGIN_FAIL user=nina due to bad_password
2026-01-05 19:25:10,762 [INFO] -> LOGIN_ATTEMPT user=daniel
2026-01-05 19:25:10,762 [WARNING] [FAIL] LOGIN_FAIL user=daniel due to bad_password
2026-01-05 19:25:10,762 [INFO] -> LOGIN_ATTEMPT user=user123
2026-01-05 19:25:10,762 [WARNING] [FAIL] LOGIN_FAIL user=user123 due to bad_password
2026-01-05 19:25:10,762 [INFO] -> LOGIN_ATTEMPT user=sunnyday
2026-01-05 19:25:10,762 [WARNING] [FAIL] LOGIN_FAIL user=sunnyday due to bad_password
2026-01-05 19:25:10,763 [INFO] -> LOGIN_ATTEMPT user=gamer01
2026-01-05 19:25:10,763 [WARNING] [FAIL] LOGIN_FAIL user=gamer01 due to bad_password
2026-01-05 19:25:10,763 [INFO] -> LOGIN_ATTEMPT user=starrynight
2026-01-05 19:25:10,763 [WARNING] [FAIL] LOGIN_FAIL user=starrynight due to bad_password
2026-01-05 19:25:10,763 [INFO] -> LOGIN_ATTEMPT user=midnightwolf
2026-01-05 19:25:10,763 [WARNING] [FAIL] LOGIN_FAIL user=midnightwolf due to bad_password
2026-01-05 19:25:10,763 [INFO] -> LOGIN_ATTEMPT user=coffee_addict
2026-01-05 19:25:10,763 [WARNING] [FAIL] LOGIN_FAIL user=coffee_addict due to bad_password
2026-01-05 19:25:10,763 [INFO] -> LOGIN_ATTEMPT user=bluebird
2026-01-05 19:25:10,763 [WARNING] [FAIL] LOGIN_FAIL user=bluebird due to bad_password
2026-01-05 19:25:10,763 [INFO] -> LOGIN_ATTEMPT user=explorer
2026-01-05 19:25:10,763 [WARNING] [FAIL] LOGIN_FAIL user=explorer due to bad_password
2026-01-05 19:25:10,764 [INFO] -> LOGIN_ATTEMPT user=alex
2026-01-05 19:25:10,764 [WARNING] [FAIL] LOGIN_FAIL user=alex due to bad_password
2026-01-05 19:25:10,764 [INFO] -> LOGIN_ATTEMPT user=sam
2026-01-05 19:25:10,764 [WARNING] [FAIL] LOGIN_FAIL user=sam due to bad_password
2026-01-05 19:25:10,764 [INFO] -> LOGIN_ATTEMPT user=charlie
2026-01-05 19:25:10,764 [WARNING] [FAIL] LOGIN_FAIL user=charlie due to bad_password
2026-01-05 19:25:10,764 [INFO] -> LOGIN_ATTEMPT user=jordan
2026-01-05 19:25:10,764 [WARNING] [FAIL] LOGIN_FAIL user=jordan due to bad_password
2026-01-05 19:25:10,765 [INFO] -> LOGIN_ATTEMPT user=taylor
2026-01-05 19:25:10,765 [WARNING] [FAIL] LOGIN_FAIL user=taylor due to bad_password
2026-01-05 19:25:10,765 [INFO] -> LOGIN_ATTEMPT user=chris
2026-01-05 19:25:10,765 [WARNING] [FAIL] LOGIN_FAIL user=chris due to bad_password
2026-01-05 19:25:10,765 [INFO] -> LOGIN_ATTEMPT user=jamie
2026-01-05 19:25:10,765 [INFO] [OK] LOGIN_SUCCESS user=jamie
2026-01-05 19:25:10,765 [INFO] -> LOGIN_ATTEMPT user=pat
2026-01-05 19:25:10,765 [WARNING] [FAIL] LOGIN_FAIL user=pat due to bad_password
2026-01-05 19:25:10,765 [INFO] -> LOGIN_ATTEMPT user=robin
2026-01-05 19:25:10,765 [WARNING] [FAIL] LOGIN_FAIL user=robin due to bad_password
2026-01-05 19:25:10,765 [INFO] -> LOGIN_ATTEMPT user=casey
2026-01-05 19:25:10,765 [WARNING] [FAIL] LOGIN_FAIL user=casey due to bad_password
2026-01-05 19:25:10,766 [INFO] -> LOGIN_ATTEMPT user=jules
2026-01-05 19:25:10,766 [WARNING] [FAIL] LOGIN_FAIL user=jules due to bad_password
2026-01-05 19:25:10,766 [INFO] -> LOGIN_ATTEMPT user=max
2026-01-05 19:25:10,766 [WARNING] [FAIL] LOGIN_FAIL user=max due to bad_password
2026-01-05 19:25:10,766 [INFO] -> LOGIN_ATTEMPT user=ava
2026-01-05 19:25:10,766 [WARNING] [FAIL] LOGIN_FAIL user=ava due to bad_password
2026-01-05 19:25:10,766 [INFO] -> LOGIN_ATTEMPT user=lily
2026-01-05 19:25:10,766 [WARNING] [FAIL] LOGIN_FAIL user=lily due to bad_password
2026-01-05 19:25:10,766 [INFO] -> LOGIN_ATTEMPT user=leo
2026-01-05 19:25:10,766 [WARNING] [FAIL] LOGIN_FAIL user=leo due to bad_password
2026-01-05 19:25:10,766 [INFO] -> LOGIN_ATTEMPT user=sophie
2026-01-05 19:25:10,766 [WARNING] [FAIL] LOGIN_FAIL user=sophie due to bad_password
2026-01-05 19:25:10,767 [INFO] -> LOGIN_ATTEMPT user=mia
2026-01-05 19:25:10,767 [WARNING] [FAIL] LOGIN_FAIL user=mia due to bad_password
2026-01-05 19:25:10,767 [INFO] -> LOGIN_ATTEMPT user=ethan
2026-01-05 19:25:10,767 [WARNING] [FAIL] LOGIN_FAIL user=ethan due to bad_password
2026-01-05 19:25:10,767 [INFO] -> LOGIN_ATTEMPT user=oliver
2026-01-05 19:25:10,767 [WARNING] [FAIL] LOGIN_FAIL user=oliver due to bad_password
2026-01-05 19:25:10,767 [INFO] -> LOGIN_ATTEMPT user=nina
2026-01-05 19:25:10,767 [WARNING] [FAIL] LOGIN_FAIL user=nina due to bad_password
2026-01-05 19:25:10,767 [INFO] -> LOGIN_ATTEMPT user=daniel
2026-01-05 19:25:10,767 [WARNING] [FAIL] LOGIN_FAIL user=daniel due to bad_password
2026-01-05 19:25:10,767 [INFO] -> LOGIN_ATTEMPT user=user123
2026-01-05 19:25:10,767 [WARNING] [FAIL] LOGIN_FAIL user=user123 due to bad_password
2026-01-05 19:25:10,767 [INFO] -> LOGIN_ATTEMPT user=sunnyday
2026-01-05 19:25:10,767 [WARNING] [FAIL] LOGIN_FAIL user=sunnyday due to bad_password
2026-01-05 19:25:10,768 [INFO] -> LOGIN_ATTEMPT user=gamer01
2026-01-05 19:25:10,768 [WARNING] [FAIL] LOGIN_FAIL user=gamer01 due to bad_password
2026-01-05 19:25:10,768 [INFO] -> LOGIN_ATTEMPT user=starrynight
2026-01-05 19:25:10,768 [WARNING] [FAIL] LOGIN_FAIL user=starrynight due to bad_password
2026-01-05 19:25:10,768 [INFO] -> LOGIN_ATTEMPT user=midnightwolf
2026-01-05 19:25:10,768 [WARNING] [FAIL] LOGIN_FAIL user=midnightwolf due to bad_password
2026-01-05 19:25:10,768 [INFO] -> LOGIN_ATTEMPT user=coffee_addict
2026-01-05 19:25:10,768 [WARNING] [FAIL] LOGIN_FAIL user=coffee_addict due to bad_password
2026-01-05 19:25:10,768 [INFO] -> LOGIN_ATTEMPT user=bluebird
2026-01-05 19:25:10,768 [WARNING] [FAIL] LOGIN_FAIL user=bluebird due to bad_password
2026-01-05 19:25:10,769 [INFO] -> LOGIN_ATTEMPT user=explorer
2026-01-05 19:25:10,769 [WARNING] [FAIL] LOGIN_FAIL user=explorer due to bad_password
2026-01-05 19:25:10,769 [INFO] -> LOGIN_ATTEMPT user=alex
2026-01-05 19:25:10,769 [WARNING] [FAIL] LOGIN_FAIL user=alex due to bad_password
2026-01-05 19:25:10,769 [INFO] -> LOGIN_ATTEMPT user=sam
2026-01-05 19:25:10,769 [WARNING] [FAIL] LOGIN_FAIL user=sam due to bad_password
2026-01-05 19:25:10,769 [INFO] -> LOGIN_ATTEMPT user=charlie
2026-01-05 19:25:10,769 [WARNING] [FAIL] LOGIN_FAIL user=charlie due to bad_password
2026-01-05 19:25:10,769 [INFO] -> LOGIN_ATTEMPT user=jordan
2026-01-05 19:25:10,769 [WARNING] [FAIL] LOGIN_FAIL user=jordan due to bad_password
2026-01-05 19:25:10,770 [INFO] -> LOGIN_ATTEMPT user=taylor
2026-01-05 19:25:10,770 [WARNING] [FAIL] LOGIN_FAIL user=taylor due to totp_required
2026-01-05 19:25:10,770 [INFO] -> LOGIN_ATTEMPT user=chris
2026-01-05 19:25:10,770 [WARNING] [FAIL] LOGIN_FAIL user=chris due to bad_password
2026-01-05 19:25:10,770 [INFO] -> LOGIN_ATTEMPT user=pat
2026-01-05 19:25:10,770 [WARNING] [FAIL] LOGIN_FAIL user=pat due to bad_password
2026-01-05 19:25:10,770 [INFO] -> LOGIN_ATTEMPT user=robin
2026-01-05 19:25:10,770 [WARNING] [FAIL] LOGIN_FAIL user=robin due to bad_password
2026-01-05 19:25:10,770 [INFO] -> LOGIN_ATTEMPT user=casey
2026-01-05 19:25:10,770 [WARNING] [FAIL] LOGIN_FAIL user=casey due to bad_password
2026-01-05 19:25:10,770 [INFO] -> LOGIN_ATTEMPT user=jules
2026-01-05 19:25:10,771 [WARNING] [FAIL] LOGIN_FAIL user=jules due to bad_password
2026-01-05 19:25:10,771 [INFO] -> LOGIN_ATTEMPT user=max
2026-01-05 19:25:10,771 [WARNING] [FAIL] LOGIN_FAIL user=max due to bad_password
2026-01-05 19:25:10,771 [INFO] -> LOGIN_ATTEMPT user=ava
2026-01-05 19:25:10,771 [WARNING] [FAIL] LOGIN_FAIL user=ava due to bad_password
2026-01-05 19:25:10,771 [INFO] -> LOGIN_ATTEMPT user=lily
2026-01-05 19:25:10,771 [WARNING] [FAIL] LOGIN_FAIL user=lily due to bad_password
2026-01-05 19:25:10,771 [INFO] -> LOGIN_ATTEMPT user=leo
2026-01-05 19:25:10,771 [WARNING] [FAIL] LOGIN_FAIL user=leo due to bad_password
2026-01-05 19:25:10,771 [INFO] -> LOGIN_ATTEMPT user=sophie
2026-01-05 19:25:10,771 [WARNING] [FAIL] LOGIN_FAIL user=sophie due to bad_password
2026-01-05 19:25:10,772 [INFO] -> LOGIN_ATTEMPT user=mia
2026-01-05 19:25:10,772 [WARNING] [FAIL] LOGIN_FAIL user=mia due to bad_password
2026-01-05 19:25:10,772 [INFO] -> LOGIN_ATTEMPT user=ethan
2026-01-05 19:25:10,772 [WARNING] [FAIL] LOGIN_FAIL user=ethan due to bad_password
2026-01-05 19:25:10,772 [INFO] -> LOGIN_ATTEMPT user=oliver
2026-01-05 19:25:10,772 [WARNING] [FAIL] LOGIN_FAIL user=oliver due to bad_password
2026-01-05 19:25:10,772 [INFO] -> LOGIN_ATTEMPT user=nina
2026-01-05 19:25:10,772 [WARNING] [FAIL] LOGIN_FAIL user=nina due to bad_password
2026-01-05 19:25:10,773 [INFO] -> LOGIN_ATTEMPT user=daniel
2026-01-05 19:25:10,773 [WARNING] [FAIL] LOGIN_FAIL user=daniel due to bad_password
2026-01-05 19:25:10,773 [INFO] -> LOGIN_ATTEMPT user=user123
2026-01-05 19:25:10,773 [WARNING] [FAIL] LOGIN_FAIL user=user123 due to bad_password
2026-01-05 19:25:10,773 [INFO] -> LOGIN_ATTEMPT user=sunnyday
2026-01-05 19:25:10,773 [WARNING] [FAIL] LOGIN_FAIL user=sunnyday due to bad_password
2026-01-05 19:25:10,773 [INFO] -> LOGIN_ATTEMPT user=gamer01
2026-01-05 19:25:10,773 [WARNING] [FAIL] LOGIN_FAIL user=gamer01 due to bad_password
2026-01-05 19:25:10,773 [INFO] -> LOGIN_ATTEMPT user=starrynight
2026-01-05 19:25:10,774 [WARNING] [FAIL] LOGIN_FAIL user=starrynight due to bad_password
2026-01-05 19:25:10,774 [INFO] -> LOGIN_ATTEMPT user=midnightwolf
2026-01-05 19:25:10,774 [WARNING] [FAIL] LOGIN_FAIL user=midnightwolf due to bad_password
2026-01-05 19:25:10,774 [INFO] -> LOGIN_ATTEMPT user=coffee_addict
2026-01-05 19:25:10,774 [WARNING] [FAIL] LOGIN_FAIL user=coffee_addict due to bad_password
2026-01-05 19:25:10,774 [INFO] -> LOGIN_ATTEMPT user=bluebird
2026-01-05 19:25:10,774 [WARNING] [FAIL] LOGIN_FAIL user=bluebird due to bad_password
2026-01-05 19:25:10,774 [INFO] -> LOGIN_ATTEMPT user=explorer
2026-01-05 19:25:10,774 [WARNING] [FAIL] LOGIN_FAIL user=explorer due to bad_password
2026-01-05 19:25:10,774 [INFO] -> LOGIN_ATTEMPT user=alex
2026-01-05 19:25:10,774 [WARNING] [FAIL] LOGIN_FAIL user=alex due to bad_password
2026-01-05 19:25:10,774 [INFO] -> LOGIN_ATTEMPT user=sam
2026-01-05 19:25:10,774 [INFO] [OK] LOGIN_SUCCESS user=sam
2026-01-05 19:25:10,775 [INFO] -> LOGIN_ATTEMPT user=charlie
2026-01-05 19:25:10,775 [WARNING] [FAIL] LOGIN_FAIL user=charlie due to bad_password
2026-01-05 19:25:10,775 [INFO] -> LOGIN_ATTEMPT user=jordan
2026-01-05 19:25:10,775 [WARNING] [FAIL] LOGIN_FAIL user=jordan due to bad_password
2026-01-05 19:25:10,775 [INFO] -> LOGIN_ATTEMPT user=taylor
2026-01-05 19:25:10,775 [WARNING] [FAIL] LOGIN_FAIL user=taylor due to bad_password
2026-01-05 19:25:10,775 [INFO] -> LOGIN_ATTEMPT user=chris
2026-01-05 19:25:10,775 [WARNING] [FAIL] LOGIN_FAIL user=chris due to bad_password
2026-01-05 19:25:10,775 [INFO] -> LOGIN_ATTEMPT user=pat
2026-01-05 19:25:10,775 [WARNING] [FAIL] LOGIN_FAIL user=pat due to bad_password
2026-01-05 19:25:10,775 [INFO] -> LOGIN_ATTEMPT user=robin
2026-01-05 19:25:10,776 [WARNING] [FAIL] LOGIN_FAIL user=robin due to bad_password
2026-01-05 19:25:10,776 [INFO] -> LOGIN_ATTEMPT user=casey
2026-01-05 19:25:10,776 [WARNING] [FAIL] LOGIN_FAIL user=casey due to bad_password
2026-01-05 19:25:10,776 [INFO] -> LOGIN_ATTEMPT user=jules
2026-01-05 19:25:10,776 [WARNING] [FAIL] LOGIN_FAIL user=jules due to bad_password
2026-01-05 19:25:10,776 [INFO] -> LOGIN_ATTEMPT user=max
2026-01-05 19:25:10,776 [WARNING] [FAIL] LOGIN_FAIL user=max due to bad_password
2026-01-05 19:25:10,776 [INFO] -> LOGIN_ATTEMPT user=ava
2026-01-05 19:25:10,776 [WARNING] [FAIL] LOGIN_FAIL user=ava due to bad_password
2026-01-05 19:25:10,776 [INFO] -> LOGIN_ATTEMPT user=lily
2026-01-05 19:25:10,776 [WARNING] [FAIL] LOGIN_FAIL user=lily due to bad_password
2026-01-05 19:25:10,776 [INFO] -> LOGIN_ATTEMPT user=leo
2026-01-05 19:25:10,776 [WARNING] [FAIL] LOGIN_FAIL user=leo due to bad_password
2026-01-05 19:25:10,776 [INFO] -> LOGIN_ATTEMPT user=sophie
2026-01-05 19:25:10,776 [WARNING] [FAIL] LOGIN_FAIL user=sophie due to bad_password
2026-01-05 19:25:10,777 [INFO] -> LOGIN_ATTEMPT user=mia
2026-01-05 19:25:10,777 [WARNING] [FAIL] LOGIN_FAIL user=mia due to bad_password
2026-01-05 19:25:10,777 [INFO] -> LOGIN_ATTEMPT user=ethan
2026-01-05 19:25:10,777 [WARNING] [FAIL] LOGIN_FAIL user=ethan due to bad_password
2026-01-05 19:25:10,777 [INFO] -> LOGIN_ATTEMPT user=oliver
2026-01-05 19:25:10,777 [WARNING] [FAIL] LOGIN_FAIL user=oliver due to bad_password
2026-01-05 19:25:10,777 [INFO] -> LOGIN_ATTEMPT user=nina
2026-01-05 19:25:10,777 [WARNING] [FAIL] LOGIN_FAIL user=nina due to bad_password
2026-01-05 19:25:10,777 [INFO] -> LOGIN_ATTEMPT user=daniel
2026-01-05 19:25:10,777 [WARNING] [FAIL] LOGIN_FAIL user=daniel due to bad_password
2026-01-05 19:25:10,777 [INFO] -> LOGIN_ATTEMPT user=user123
2026-01-05 19:25:10,777 [WARNING] [FAIL] LOGIN_FAIL user=user123 due to bad_password
2026-01-05 19:25:10,777 [INFO] -> LOGIN_ATTEMPT user=sunnyday
2026-01-05 19:25:10,777 [WARNING] [FAIL] LOGIN_FAIL user=sunnyday due to bad_password
2026-01-05 19:25:10,778 [INFO] -> LOGIN_ATTEMPT user=gamer01
2026-01-05 19:25:10,778 [WARNING] [FAIL] LOGIN_FAIL user=gamer01 due to bad_password
2026-01-05 19:25:10,778 [INFO] -> LOGIN_ATTEMPT user=starrynight
2026-01-05 19:25:10,778 [WARNING] [FAIL] LOGIN_FAIL user=starrynight due to bad_password
2026-01-05 19:25:10,778 [INFO] -> LOGIN_ATTEMPT user=midnightwolf
2026-01-05 19:25:10,778 [WARNING] [FAIL] LOGIN_FAIL user=midnightwolf due to bad_password
2026-01-05 19:25:10,778 [INFO] -> LOGIN_ATTEMPT user=coffee_addict
2026-01-05 19:25:10,778 [WARNING] [FAIL] LOGIN_FAIL user=coffee_addict due to bad_password
2026-01-05 19:25:10,778 [INFO] -> LOGIN_ATTEMPT user=bluebird
2026-01-05 19:25:10,778 [WARNING] [FAIL] LOGIN_FAIL user=bluebird due to bad_password
2026-01-05 19:25:10,778 [INFO] -> LOGIN_ATTEMPT user=explorer
2026-01-05 19:25:10,779 [WARNING] [FAIL] LOGIN_FAIL user=explorer due to bad_password
2026-01-05 19:25:10,779 [INFO] login succeeded for unauthorized user via Password Spraying for 3 users over 30
==================== Overall Statistics ====================
total_attempts: 145
success_rate: 2.07%
avg_latency_ms: 0.0066
attempts_per_sec: 5370.37037037037